<?xml version="1.0" encoding="UTF-8"?>
<!-- Generated by org.testng.reporters.JUnitXMLReporter -->
<testsuite ignored="0" hostname="USZYBGH1MU" failures="0" tests="304" name="Surefire test" time="0.382" errors="0" timestamp="2023-10-11T14:41:23 IST">
  <testcase classname="sew.ai.runner.TestRunner" name="@BeforeClass classPreRequisites" time="-1.697015483356E9">
    <failure type="org.testng.TestNGException" message="
Parameter &amp;apos;platformType&amp;apos; is required by BeforeClass on method classPreRequisites but has not been marked @Optional or defined
">
      <![CDATA[org.testng.TestNGException: 
Parameter 'platformType' is required by BeforeClass on method classPreRequisites but has not been marked @Optional or defined

at java.base/java.util.ArrayList.forEach(ArrayList.java:1511)
... Removed 27 stack frames]]>
    </failure>
  </testcase> <!-- @BeforeClass classPreRequisites -->
  <testcase classname="sew.ai.runner.TestRunner" name="@BeforeMethod methodsPreRequisites" time="0.0">
    <skipped/>
  </testcase> <!-- @BeforeMethod methodsPreRequisites -->
  <testcase classname="sew.ai.runner.TestRunner" name="@AfterMethod tearDownMethods" time="0.0">
    <skipped/>
  </testcase> <!-- @AfterMethod tearDownMethods -->
  <testcase classname="sew.ai.runner.TestRunner" name="@AfterClass tearDownClasses" time="0.0">
    <skipped/>
  </testcase> <!-- @AfterClass tearDownClasses -->
  <testcase classname="sew.ai.runner.TestRunner" name="@BeforeClass classPreRequisites" time="-1.697015483391E9">
    <failure type="org.testng.TestNGException" message="
Parameter &amp;apos;platformType&amp;apos; is required by BeforeClass on method classPreRequisites but has not been marked @Optional or defined
">
      <![CDATA[org.testng.TestNGException: 
Parameter 'platformType' is required by BeforeClass on method classPreRequisites but has not been marked @Optional or defined

at java.base/java.util.ArrayList.forEach(ArrayList.java:1511)
... Removed 27 stack frames]]>
    </failure>
  </testcase> <!-- @BeforeClass classPreRequisites -->
  <testcase classname="sew.ai.runner.TestRunner" name="@BeforeMethod methodsPreRequisites" time="0.0">
    <skipped/>
  </testcase> <!-- @BeforeMethod methodsPreRequisites -->
  <testcase classname="sew.ai.runner.TestRunner" name="@AfterMethod tearDownMethods" time="0.0">
    <skipped/>
  </testcase> <!-- @AfterMethod tearDownMethods -->
  <testcase classname="sew.ai.runner.TestRunner" name="@AfterClass tearDownClasses" time="0.0">
    <skipped/>
  </testcase> <!-- @AfterClass tearDownClasses -->
  <testcase classname="sew.ai.runner.TestRunner" name="@BeforeClass classPreRequisites" time="-1.697015483393E9">
    <failure type="org.testng.TestNGException" message="
Parameter &amp;apos;platformType&amp;apos; is required by BeforeClass on method classPreRequisites but has not been marked @Optional or defined
">
      <![CDATA[org.testng.TestNGException: 
Parameter 'platformType' is required by BeforeClass on method classPreRequisites but has not been marked @Optional or defined

at java.base/java.util.ArrayList.forEach(ArrayList.java:1511)
... Removed 27 stack frames]]>
    </failure>
  </testcase> <!-- @BeforeClass classPreRequisites -->
  <testcase classname="sew.ai.runner.TestRunner" name="@BeforeMethod methodsPreRequisites" time="0.0">
    <skipped/>
  </testcase> <!-- @BeforeMethod methodsPreRequisites -->
  <testcase classname="sew.ai.runner.TestRunner" name="@AfterMethod tearDownMethods" time="0.0">
    <skipped/>
  </testcase> <!-- @AfterMethod tearDownMethods -->
  <testcase classname="sew.ai.runner.TestRunner" name="@BeforeMethod methodsPreRequisites" time="0.0">
    <skipped/>
  </testcase> <!-- @BeforeMethod methodsPreRequisites -->
  <testcase classname="sew.ai.runner.TestRunner" name="@AfterMethod tearDownMethods" time="0.0">
    <skipped/>
  </testcase> <!-- @AfterMethod tearDownMethods -->
  <testcase classname="sew.ai.runner.TestRunner" name="@BeforeMethod methodsPreRequisites" time="0.0">
    <skipped/>
  </testcase> <!-- @BeforeMethod methodsPreRequisites -->
  <testcase classname="sew.ai.runner.TestRunner" name="@AfterMethod tearDownMethods" time="0.0">
    <skipped/>
  </testcase> <!-- @AfterMethod tearDownMethods -->
  <testcase classname="sew.ai.runner.TestRunner" name="@BeforeMethod methodsPreRequisites" time="0.0">
    <skipped/>
  </testcase> <!-- @BeforeMethod methodsPreRequisites -->
  <testcase classname="sew.ai.runner.TestRunner" name="@AfterMethod tearDownMethods" time="0.0">
    <skipped/>
  </testcase> <!-- @AfterMethod tearDownMethods -->
  <testcase classname="sew.ai.runner.TestRunner" name="@BeforeMethod methodsPreRequisites" time="0.0">
    <skipped/>
  </testcase> <!-- @BeforeMethod methodsPreRequisites -->
  <testcase classname="sew.ai.runner.TestRunner" name="@AfterMethod tearDownMethods" time="0.0">
    <skipped/>
  </testcase> <!-- @AfterMethod tearDownMethods -->
  <testcase classname="sew.ai.runner.TestRunner" name="@BeforeMethod methodsPreRequisites" time="0.0">
    <skipped/>
  </testcase> <!-- @BeforeMethod methodsPreRequisites -->
  <testcase classname="sew.ai.runner.TestRunner" name="@AfterMethod tearDownMethods" time="0.0">
    <skipped/>
  </testcase> <!-- @AfterMethod tearDownMethods -->
  <testcase classname="sew.ai.runner.TestRunner" name="@BeforeMethod methodsPreRequisites" time="0.0">
    <skipped/>
  </testcase> <!-- @BeforeMethod methodsPreRequisites -->
  <testcase classname="sew.ai.runner.TestRunner" name="@AfterMethod tearDownMethods" time="0.0">
    <skipped/>
  </testcase> <!-- @AfterMethod tearDownMethods -->
  <testcase classname="sew.ai.runner.TestRunner" name="@BeforeMethod methodsPreRequisites" time="0.0">
    <skipped/>
  </testcase> <!-- @BeforeMethod methodsPreRequisites -->
  <testcase classname="sew.ai.runner.TestRunner" name="@AfterMethod tearDownMethods" time="0.0">
    <skipped/>
  </testcase> <!-- @AfterMethod tearDownMethods -->
  <testcase classname="sew.ai.runner.TestRunner" name="@BeforeMethod methodsPreRequisites" time="0.0">
    <skipped/>
  </testcase> <!-- @BeforeMethod methodsPreRequisites -->
  <testcase classname="sew.ai.runner.TestRunner" name="@AfterMethod tearDownMethods" time="0.0">
    <skipped/>
  </testcase> <!-- @AfterMethod tearDownMethods -->
  <testcase classname="sew.ai.runner.TestRunner" name="@BeforeMethod methodsPreRequisites" time="0.0">
    <skipped/>
  </testcase> <!-- @BeforeMethod methodsPreRequisites -->
  <testcase classname="sew.ai.runner.TestRunner" name="@AfterMethod tearDownMethods" time="0.0">
    <skipped/>
  </testcase> <!-- @AfterMethod tearDownMethods -->
  <testcase classname="sew.ai.runner.TestRunner" name="@BeforeMethod methodsPreRequisites" time="0.0">
    <skipped/>
  </testcase> <!-- @BeforeMethod methodsPreRequisites -->
  <testcase classname="sew.ai.runner.TestRunner" name="@AfterMethod tearDownMethods" time="0.0">
    <skipped/>
  </testcase> <!-- @AfterMethod tearDownMethods -->
  <testcase classname="sew.ai.runner.TestRunner" name="@BeforeMethod methodsPreRequisites" time="0.0">
    <skipped/>
  </testcase> <!-- @BeforeMethod methodsPreRequisites -->
  <testcase classname="sew.ai.runner.TestRunner" name="@AfterMethod tearDownMethods" time="0.0">
    <skipped/>
  </testcase> <!-- @AfterMethod tearDownMethods -->
  <testcase classname="sew.ai.runner.TestRunner" name="@BeforeMethod methodsPreRequisites" time="0.0">
    <skipped/>
  </testcase> <!-- @BeforeMethod methodsPreRequisites -->
  <testcase classname="sew.ai.runner.TestRunner" name="@AfterMethod tearDownMethods" time="0.0">
    <skipped/>
  </testcase> <!-- @AfterMethod tearDownMethods -->
  <testcase classname="sew.ai.runner.TestRunner" name="@BeforeMethod methodsPreRequisites" time="0.0">
    <skipped/>
  </testcase> <!-- @BeforeMethod methodsPreRequisites -->
  <testcase classname="sew.ai.runner.TestRunner" name="@AfterMethod tearDownMethods" time="0.0">
    <skipped/>
  </testcase> <!-- @AfterMethod tearDownMethods -->
  <testcase classname="sew.ai.runner.TestRunner" name="@BeforeMethod methodsPreRequisites" time="0.0">
    <skipped/>
  </testcase> <!-- @BeforeMethod methodsPreRequisites -->
  <testcase classname="sew.ai.runner.TestRunner" name="@AfterMethod tearDownMethods" time="0.0">
    <skipped/>
  </testcase> <!-- @AfterMethod tearDownMethods -->
  <testcase classname="sew.ai.runner.TestRunner" name="@BeforeMethod methodsPreRequisites" time="0.0">
    <skipped/>
  </testcase> <!-- @BeforeMethod methodsPreRequisites -->
  <testcase classname="sew.ai.runner.TestRunner" name="@AfterMethod tearDownMethods" time="0.0">
    <skipped/>
  </testcase> <!-- @AfterMethod tearDownMethods -->
  <testcase classname="sew.ai.runner.TestRunner" name="@BeforeMethod methodsPreRequisites" time="0.0">
    <skipped/>
  </testcase> <!-- @BeforeMethod methodsPreRequisites -->
  <testcase classname="sew.ai.runner.TestRunner" name="@AfterMethod tearDownMethods" time="0.0">
    <skipped/>
  </testcase> <!-- @AfterMethod tearDownMethods -->
  <testcase classname="sew.ai.runner.TestRunner" name="@BeforeMethod methodsPreRequisites" time="0.0">
    <skipped/>
  </testcase> <!-- @BeforeMethod methodsPreRequisites -->
  <testcase classname="sew.ai.runner.TestRunner" name="@AfterMethod tearDownMethods" time="0.0">
    <skipped/>
  </testcase> <!-- @AfterMethod tearDownMethods -->
  <testcase classname="sew.ai.runner.TestRunner" name="@BeforeMethod methodsPreRequisites" time="0.0">
    <skipped/>
  </testcase> <!-- @BeforeMethod methodsPreRequisites -->
  <testcase classname="sew.ai.runner.TestRunner" name="@AfterMethod tearDownMethods" time="0.0">
    <skipped/>
  </testcase> <!-- @AfterMethod tearDownMethods -->
  <testcase classname="sew.ai.runner.TestRunner" name="@BeforeMethod methodsPreRequisites" time="0.0">
    <skipped/>
  </testcase> <!-- @BeforeMethod methodsPreRequisites -->
  <testcase classname="sew.ai.runner.TestRunner" name="@AfterMethod tearDownMethods" time="0.0">
    <skipped/>
  </testcase> <!-- @AfterMethod tearDownMethods -->
  <testcase classname="sew.ai.runner.TestRunner" name="@BeforeMethod methodsPreRequisites" time="0.0">
    <skipped/>
  </testcase> <!-- @BeforeMethod methodsPreRequisites -->
  <testcase classname="sew.ai.runner.TestRunner" name="@AfterMethod tearDownMethods" time="0.0">
    <skipped/>
  </testcase> <!-- @AfterMethod tearDownMethods -->
  <testcase classname="sew.ai.runner.TestRunner" name="@BeforeMethod methodsPreRequisites" time="0.0">
    <skipped/>
  </testcase> <!-- @BeforeMethod methodsPreRequisites -->
  <testcase classname="sew.ai.runner.TestRunner" name="@AfterMethod tearDownMethods" time="0.0">
    <skipped/>
  </testcase> <!-- @AfterMethod tearDownMethods -->
  <testcase classname="sew.ai.runner.TestRunner" name="@BeforeMethod methodsPreRequisites" time="0.0">
    <skipped/>
  </testcase> <!-- @BeforeMethod methodsPreRequisites -->
  <testcase classname="sew.ai.runner.TestRunner" name="@AfterMethod tearDownMethods" time="0.0">
    <skipped/>
  </testcase> <!-- @AfterMethod tearDownMethods -->
  <testcase classname="sew.ai.runner.TestRunner" name="@BeforeMethod methodsPreRequisites" time="0.0">
    <skipped/>
  </testcase> <!-- @BeforeMethod methodsPreRequisites -->
  <testcase classname="sew.ai.runner.TestRunner" name="@AfterMethod tearDownMethods" time="0.0">
    <skipped/>
  </testcase> <!-- @AfterMethod tearDownMethods -->
  <testcase classname="sew.ai.runner.TestRunner" name="@BeforeMethod methodsPreRequisites" time="0.0">
    <skipped/>
  </testcase> <!-- @BeforeMethod methodsPreRequisites -->
  <testcase classname="sew.ai.runner.TestRunner" name="@AfterMethod tearDownMethods" time="0.0">
    <skipped/>
  </testcase> <!-- @AfterMethod tearDownMethods -->
  <testcase classname="sew.ai.runner.TestRunner" name="@BeforeMethod methodsPreRequisites" time="0.0">
    <skipped/>
  </testcase> <!-- @BeforeMethod methodsPreRequisites -->
  <testcase classname="sew.ai.runner.TestRunner" name="@AfterMethod tearDownMethods" time="0.0">
    <skipped/>
  </testcase> <!-- @AfterMethod tearDownMethods -->
  <testcase classname="sew.ai.runner.TestRunner" name="@BeforeMethod methodsPreRequisites" time="0.0">
    <skipped/>
  </testcase> <!-- @BeforeMethod methodsPreRequisites -->
  <testcase classname="sew.ai.runner.TestRunner" name="@AfterMethod tearDownMethods" time="0.0">
    <skipped/>
  </testcase> <!-- @AfterMethod tearDownMethods -->
  <testcase classname="sew.ai.runner.TestRunner" name="@BeforeMethod methodsPreRequisites" time="0.0">
    <skipped/>
  </testcase> <!-- @BeforeMethod methodsPreRequisites -->
  <testcase classname="sew.ai.runner.TestRunner" name="@AfterMethod tearDownMethods" time="0.0">
    <skipped/>
  </testcase> <!-- @AfterMethod tearDownMethods -->
  <testcase classname="sew.ai.runner.TestRunner" name="@BeforeMethod methodsPreRequisites" time="0.0">
    <skipped/>
  </testcase> <!-- @BeforeMethod methodsPreRequisites -->
  <testcase classname="sew.ai.runner.TestRunner" name="@AfterMethod tearDownMethods" time="0.0">
    <skipped/>
  </testcase> <!-- @AfterMethod tearDownMethods -->
  <testcase classname="sew.ai.runner.TestRunner" name="@BeforeMethod methodsPreRequisites" time="0.0">
    <skipped/>
  </testcase> <!-- @BeforeMethod methodsPreRequisites -->
  <testcase classname="sew.ai.runner.TestRunner" name="@AfterMethod tearDownMethods" time="0.0">
    <skipped/>
  </testcase> <!-- @AfterMethod tearDownMethods -->
  <testcase classname="sew.ai.runner.TestRunner" name="@BeforeMethod methodsPreRequisites" time="0.0">
    <skipped/>
  </testcase> <!-- @BeforeMethod methodsPreRequisites -->
  <testcase classname="sew.ai.runner.TestRunner" name="@AfterMethod tearDownMethods" time="0.0">
    <skipped/>
  </testcase> <!-- @AfterMethod tearDownMethods -->
  <testcase classname="sew.ai.runner.TestRunner" name="@BeforeMethod methodsPreRequisites" time="0.0">
    <skipped/>
  </testcase> <!-- @BeforeMethod methodsPreRequisites -->
  <testcase classname="sew.ai.runner.TestRunner" name="@AfterMethod tearDownMethods" time="0.0">
    <skipped/>
  </testcase> <!-- @AfterMethod tearDownMethods -->
  <testcase classname="sew.ai.runner.TestRunner" name="@BeforeMethod methodsPreRequisites" time="0.0">
    <skipped/>
  </testcase> <!-- @BeforeMethod methodsPreRequisites -->
  <testcase classname="sew.ai.runner.TestRunner" name="@AfterMethod tearDownMethods" time="0.0">
    <skipped/>
  </testcase> <!-- @AfterMethod tearDownMethods -->
  <testcase classname="sew.ai.runner.TestRunner" name="@BeforeMethod methodsPreRequisites" time="0.0">
    <skipped/>
  </testcase> <!-- @BeforeMethod methodsPreRequisites -->
  <testcase classname="sew.ai.runner.TestRunner" name="@AfterMethod tearDownMethods" time="0.0">
    <skipped/>
  </testcase> <!-- @AfterMethod tearDownMethods -->
  <testcase classname="sew.ai.runner.TestRunner" name="@BeforeMethod methodsPreRequisites" time="0.0">
    <skipped/>
  </testcase> <!-- @BeforeMethod methodsPreRequisites -->
  <testcase classname="sew.ai.runner.TestRunner" name="@AfterMethod tearDownMethods" time="0.0">
    <skipped/>
  </testcase> <!-- @AfterMethod tearDownMethods -->
  <testcase classname="sew.ai.runner.TestRunner" name="@BeforeMethod methodsPreRequisites" time="0.0">
    <skipped/>
  </testcase> <!-- @BeforeMethod methodsPreRequisites -->
  <testcase classname="sew.ai.runner.TestRunner" name="@AfterMethod tearDownMethods" time="0.0">
    <skipped/>
  </testcase> <!-- @AfterMethod tearDownMethods -->
  <testcase classname="sew.ai.runner.TestRunner" name="@BeforeMethod methodsPreRequisites" time="0.0">
    <skipped/>
  </testcase> <!-- @BeforeMethod methodsPreRequisites -->
  <testcase classname="sew.ai.runner.TestRunner" name="@AfterMethod tearDownMethods" time="0.0">
    <skipped/>
  </testcase> <!-- @AfterMethod tearDownMethods -->
  <testcase classname="sew.ai.runner.TestRunner" name="@BeforeMethod methodsPreRequisites" time="0.0">
    <skipped/>
  </testcase> <!-- @BeforeMethod methodsPreRequisites -->
  <testcase classname="sew.ai.runner.TestRunner" name="@AfterMethod tearDownMethods" time="0.0">
    <skipped/>
  </testcase> <!-- @AfterMethod tearDownMethods -->
  <testcase classname="sew.ai.runner.TestRunner" name="@BeforeMethod methodsPreRequisites" time="0.0">
    <skipped/>
  </testcase> <!-- @BeforeMethod methodsPreRequisites -->
  <testcase classname="sew.ai.runner.TestRunner" name="@AfterMethod tearDownMethods" time="0.0">
    <skipped/>
  </testcase> <!-- @AfterMethod tearDownMethods -->
  <testcase classname="sew.ai.runner.TestRunner" name="@BeforeMethod methodsPreRequisites" time="0.0">
    <skipped/>
  </testcase> <!-- @BeforeMethod methodsPreRequisites -->
  <testcase classname="sew.ai.runner.TestRunner" name="@AfterMethod tearDownMethods" time="0.0">
    <skipped/>
  </testcase> <!-- @AfterMethod tearDownMethods -->
  <testcase classname="sew.ai.runner.TestRunner" name="@BeforeMethod methodsPreRequisites" time="0.0">
    <skipped/>
  </testcase> <!-- @BeforeMethod methodsPreRequisites -->
  <testcase classname="sew.ai.runner.TestRunner" name="@AfterMethod tearDownMethods" time="0.0">
    <skipped/>
  </testcase> <!-- @AfterMethod tearDownMethods -->
  <testcase classname="sew.ai.runner.TestRunner" name="@BeforeMethod methodsPreRequisites" time="0.0">
    <skipped/>
  </testcase> <!-- @BeforeMethod methodsPreRequisites -->
  <testcase classname="sew.ai.runner.TestRunner" name="@AfterMethod tearDownMethods" time="0.0">
    <skipped/>
  </testcase> <!-- @AfterMethod tearDownMethods -->
  <testcase classname="sew.ai.runner.TestRunner" name="@BeforeMethod methodsPreRequisites" time="0.0">
    <skipped/>
  </testcase> <!-- @BeforeMethod methodsPreRequisites -->
  <testcase classname="sew.ai.runner.TestRunner" name="@AfterMethod tearDownMethods" time="0.0">
    <skipped/>
  </testcase> <!-- @AfterMethod tearDownMethods -->
  <testcase classname="sew.ai.runner.TestRunner" name="@BeforeMethod methodsPreRequisites" time="0.0">
    <skipped/>
  </testcase> <!-- @BeforeMethod methodsPreRequisites -->
  <testcase classname="sew.ai.runner.TestRunner" name="@AfterMethod tearDownMethods" time="0.0">
    <skipped/>
  </testcase> <!-- @AfterMethod tearDownMethods -->
  <testcase classname="sew.ai.runner.TestRunner" name="@BeforeMethod methodsPreRequisites" time="0.0">
    <skipped/>
  </testcase> <!-- @BeforeMethod methodsPreRequisites -->
  <testcase classname="sew.ai.runner.TestRunner" name="@AfterMethod tearDownMethods" time="0.0">
    <skipped/>
  </testcase> <!-- @AfterMethod tearDownMethods -->
  <testcase classname="sew.ai.runner.TestRunner" name="@BeforeMethod methodsPreRequisites" time="0.0">
    <skipped/>
  </testcase> <!-- @BeforeMethod methodsPreRequisites -->
  <testcase classname="sew.ai.runner.TestRunner" name="@AfterMethod tearDownMethods" time="0.0">
    <skipped/>
  </testcase> <!-- @AfterMethod tearDownMethods -->
  <testcase classname="sew.ai.runner.TestRunner" name="@BeforeMethod methodsPreRequisites" time="0.0">
    <skipped/>
  </testcase> <!-- @BeforeMethod methodsPreRequisites -->
  <testcase classname="sew.ai.runner.TestRunner" name="@AfterMethod tearDownMethods" time="0.0">
    <skipped/>
  </testcase> <!-- @AfterMethod tearDownMethods -->
  <testcase classname="sew.ai.runner.TestRunner" name="@BeforeMethod methodsPreRequisites" time="0.0">
    <skipped/>
  </testcase> <!-- @BeforeMethod methodsPreRequisites -->
  <testcase classname="sew.ai.runner.TestRunner" name="@AfterMethod tearDownMethods" time="0.0">
    <skipped/>
  </testcase> <!-- @AfterMethod tearDownMethods -->
  <testcase classname="sew.ai.runner.TestRunner" name="@BeforeMethod methodsPreRequisites" time="0.0">
    <skipped/>
  </testcase> <!-- @BeforeMethod methodsPreRequisites -->
  <testcase classname="sew.ai.runner.TestRunner" name="@AfterMethod tearDownMethods" time="0.0">
    <skipped/>
  </testcase> <!-- @AfterMethod tearDownMethods -->
  <testcase classname="sew.ai.runner.TestRunner" name="@BeforeMethod methodsPreRequisites" time="0.0">
    <skipped/>
  </testcase> <!-- @BeforeMethod methodsPreRequisites -->
  <testcase classname="sew.ai.runner.TestRunner" name="@AfterMethod tearDownMethods" time="0.0">
    <skipped/>
  </testcase> <!-- @AfterMethod tearDownMethods -->
  <testcase classname="sew.ai.runner.TestRunner" name="@BeforeMethod methodsPreRequisites" time="0.0">
    <skipped/>
  </testcase> <!-- @BeforeMethod methodsPreRequisites -->
  <testcase classname="sew.ai.runner.TestRunner" name="@AfterMethod tearDownMethods" time="0.0">
    <skipped/>
  </testcase> <!-- @AfterMethod tearDownMethods -->
  <testcase classname="sew.ai.runner.TestRunner" name="@BeforeMethod methodsPreRequisites" time="0.0">
    <skipped/>
  </testcase> <!-- @BeforeMethod methodsPreRequisites -->
  <testcase classname="sew.ai.runner.TestRunner" name="@AfterMethod tearDownMethods" time="0.0">
    <skipped/>
  </testcase> <!-- @AfterMethod tearDownMethods -->
  <testcase classname="sew.ai.runner.TestRunner" name="@BeforeMethod methodsPreRequisites" time="0.0">
    <skipped/>
  </testcase> <!-- @BeforeMethod methodsPreRequisites -->
  <testcase classname="sew.ai.runner.TestRunner" name="@AfterMethod tearDownMethods" time="0.0">
    <skipped/>
  </testcase> <!-- @AfterMethod tearDownMethods -->
  <testcase classname="sew.ai.runner.TestRunner" name="@BeforeMethod methodsPreRequisites" time="0.0">
    <skipped/>
  </testcase> <!-- @BeforeMethod methodsPreRequisites -->
  <testcase classname="sew.ai.runner.TestRunner" name="@AfterMethod tearDownMethods" time="0.0">
    <skipped/>
  </testcase> <!-- @AfterMethod tearDownMethods -->
  <testcase classname="sew.ai.runner.TestRunner" name="@AfterClass tearDownClasses" time="0.0">
    <skipped/>
  </testcase> <!-- @AfterClass tearDownClasses -->
  <testcase classname="sew.ai.runner.TestRunner" name="@BeforeClass classPreRequisites" time="-1.697015483462E9">
    <failure type="org.testng.TestNGException" message="
Parameter &amp;apos;platformType&amp;apos; is required by BeforeClass on method classPreRequisites but has not been marked @Optional or defined
">
      <![CDATA[org.testng.TestNGException: 
Parameter 'platformType' is required by BeforeClass on method classPreRequisites but has not been marked @Optional or defined

at java.base/java.util.ArrayList.forEach(ArrayList.java:1511)
... Removed 27 stack frames]]>
    </failure>
  </testcase> <!-- @BeforeClass classPreRequisites -->
  <testcase classname="sew.ai.runner.TestRunner" name="@BeforeMethod methodsPreRequisites" time="0.0">
    <skipped/>
  </testcase> <!-- @BeforeMethod methodsPreRequisites -->
  <testcase classname="sew.ai.runner.TestRunner" name="@AfterMethod tearDownMethods" time="0.0">
    <skipped/>
  </testcase> <!-- @AfterMethod tearDownMethods -->
  <testcase classname="sew.ai.runner.TestRunner" name="@BeforeMethod methodsPreRequisites" time="0.0">
    <skipped/>
  </testcase> <!-- @BeforeMethod methodsPreRequisites -->
  <testcase classname="sew.ai.runner.TestRunner" name="@AfterMethod tearDownMethods" time="0.0">
    <skipped/>
  </testcase> <!-- @AfterMethod tearDownMethods -->
  <testcase classname="sew.ai.runner.TestRunner" name="@AfterClass tearDownClasses" time="0.0">
    <skipped/>
  </testcase> <!-- @AfterClass tearDownClasses -->
  <testcase classname="sew.ai.runner.TestRunner" name="@BeforeClass classPreRequisites" time="-1.697015483465E9">
    <failure type="org.testng.TestNGException" message="
Parameter &amp;apos;platformType&amp;apos; is required by BeforeClass on method classPreRequisites but has not been marked @Optional or defined
">
      <![CDATA[org.testng.TestNGException: 
Parameter 'platformType' is required by BeforeClass on method classPreRequisites but has not been marked @Optional or defined

at java.base/java.util.ArrayList.forEach(ArrayList.java:1511)
... Removed 27 stack frames]]>
    </failure>
  </testcase> <!-- @BeforeClass classPreRequisites -->
  <testcase classname="sew.ai.runner.TestRunner" name="@BeforeMethod methodsPreRequisites" time="0.0">
    <skipped/>
  </testcase> <!-- @BeforeMethod methodsPreRequisites -->
  <testcase classname="sew.ai.runner.TestRunner" name="@AfterMethod tearDownMethods" time="0.0">
    <skipped/>
  </testcase> <!-- @AfterMethod tearDownMethods -->
  <testcase classname="sew.ai.runner.TestRunner" name="@BeforeMethod methodsPreRequisites" time="0.0">
    <skipped/>
  </testcase> <!-- @BeforeMethod methodsPreRequisites -->
  <testcase classname="sew.ai.runner.TestRunner" name="@AfterMethod tearDownMethods" time="0.0">
    <skipped/>
  </testcase> <!-- @AfterMethod tearDownMethods -->
  <testcase classname="sew.ai.runner.TestRunner" name="@BeforeMethod methodsPreRequisites" time="0.0">
    <skipped/>
  </testcase> <!-- @BeforeMethod methodsPreRequisites -->
  <testcase classname="sew.ai.runner.TestRunner" name="@AfterMethod tearDownMethods" time="0.0">
    <skipped/>
  </testcase> <!-- @AfterMethod tearDownMethods -->
  <testcase classname="sew.ai.runner.TestRunner" name="@BeforeMethod methodsPreRequisites" time="0.0">
    <skipped/>
  </testcase> <!-- @BeforeMethod methodsPreRequisites -->
  <testcase classname="sew.ai.runner.TestRunner" name="@AfterMethod tearDownMethods" time="0.0">
    <skipped/>
  </testcase> <!-- @AfterMethod tearDownMethods -->
  <testcase classname="sew.ai.runner.TestRunner" name="@BeforeMethod methodsPreRequisites" time="0.0">
    <skipped/>
  </testcase> <!-- @BeforeMethod methodsPreRequisites -->
  <testcase classname="sew.ai.runner.TestRunner" name="@AfterMethod tearDownMethods" time="0.0">
    <skipped/>
  </testcase> <!-- @AfterMethod tearDownMethods -->
  <testcase classname="sew.ai.runner.TestRunner" name="@BeforeMethod methodsPreRequisites" time="0.0">
    <skipped/>
  </testcase> <!-- @BeforeMethod methodsPreRequisites -->
  <testcase classname="sew.ai.runner.TestRunner" name="@AfterMethod tearDownMethods" time="0.0">
    <skipped/>
  </testcase> <!-- @AfterMethod tearDownMethods -->
  <testcase classname="sew.ai.runner.TestRunner" name="@BeforeMethod methodsPreRequisites" time="0.0">
    <skipped/>
  </testcase> <!-- @BeforeMethod methodsPreRequisites -->
  <testcase classname="sew.ai.runner.TestRunner" name="@AfterMethod tearDownMethods" time="0.0">
    <skipped/>
  </testcase> <!-- @AfterMethod tearDownMethods -->
  <testcase classname="sew.ai.runner.TestRunner" name="@AfterClass tearDownClasses" time="0.0">
    <skipped/>
  </testcase> <!-- @AfterClass tearDownClasses -->
  <testcase classname="sew.ai.runner.TestRunner" name="@BeforeClass classPreRequisites" time="-1.697015483475E9">
    <failure type="org.testng.TestNGException" message="
Parameter &amp;apos;platformType&amp;apos; is required by BeforeClass on method classPreRequisites but has not been marked @Optional or defined
">
      <![CDATA[org.testng.TestNGException: 
Parameter 'platformType' is required by BeforeClass on method classPreRequisites but has not been marked @Optional or defined

at java.base/java.util.ArrayList.forEach(ArrayList.java:1511)
... Removed 27 stack frames]]>
    </failure>
  </testcase> <!-- @BeforeClass classPreRequisites -->
  <testcase classname="sew.ai.runner.TestRunner" name="@BeforeMethod methodsPreRequisites" time="0.0">
    <skipped/>
  </testcase> <!-- @BeforeMethod methodsPreRequisites -->
  <testcase classname="sew.ai.runner.TestRunner" name="@AfterMethod tearDownMethods" time="0.0">
    <skipped/>
  </testcase> <!-- @AfterMethod tearDownMethods -->
  <testcase classname="sew.ai.runner.TestRunner" name="@BeforeMethod methodsPreRequisites" time="0.0">
    <skipped/>
  </testcase> <!-- @BeforeMethod methodsPreRequisites -->
  <testcase classname="sew.ai.runner.TestRunner" name="@AfterMethod tearDownMethods" time="0.0">
    <skipped/>
  </testcase> <!-- @AfterMethod tearDownMethods -->
  <testcase classname="sew.ai.runner.TestRunner" name="@BeforeMethod methodsPreRequisites" time="0.0">
    <skipped/>
  </testcase> <!-- @BeforeMethod methodsPreRequisites -->
  <testcase classname="sew.ai.runner.TestRunner" name="@AfterMethod tearDownMethods" time="0.0">
    <skipped/>
  </testcase> <!-- @AfterMethod tearDownMethods -->
  <testcase classname="sew.ai.runner.TestRunner" name="@BeforeMethod methodsPreRequisites" time="0.0">
    <skipped/>
  </testcase> <!-- @BeforeMethod methodsPreRequisites -->
  <testcase classname="sew.ai.runner.TestRunner" name="@AfterMethod tearDownMethods" time="0.0">
    <skipped/>
  </testcase> <!-- @AfterMethod tearDownMethods -->
  <testcase classname="sew.ai.runner.TestRunner" name="@BeforeMethod methodsPreRequisites" time="0.0">
    <skipped/>
  </testcase> <!-- @BeforeMethod methodsPreRequisites -->
  <testcase classname="sew.ai.runner.TestRunner" name="@AfterMethod tearDownMethods" time="0.0">
    <skipped/>
  </testcase> <!-- @AfterMethod tearDownMethods -->
  <testcase classname="sew.ai.runner.TestRunner" name="@BeforeMethod methodsPreRequisites" time="0.0">
    <skipped/>
  </testcase> <!-- @BeforeMethod methodsPreRequisites -->
  <testcase classname="sew.ai.runner.TestRunner" name="@AfterMethod tearDownMethods" time="0.0">
    <skipped/>
  </testcase> <!-- @AfterMethod tearDownMethods -->
  <testcase classname="sew.ai.runner.TestRunner" name="@BeforeMethod methodsPreRequisites" time="0.0">
    <skipped/>
  </testcase> <!-- @BeforeMethod methodsPreRequisites -->
  <testcase classname="sew.ai.runner.TestRunner" name="@AfterMethod tearDownMethods" time="0.0">
    <skipped/>
  </testcase> <!-- @AfterMethod tearDownMethods -->
  <testcase classname="sew.ai.runner.TestRunner" name="@BeforeMethod methodsPreRequisites" time="0.0">
    <skipped/>
  </testcase> <!-- @BeforeMethod methodsPreRequisites -->
  <testcase classname="sew.ai.runner.TestRunner" name="@AfterMethod tearDownMethods" time="0.0">
    <skipped/>
  </testcase> <!-- @AfterMethod tearDownMethods -->
  <testcase classname="sew.ai.runner.TestRunner" name="@BeforeMethod methodsPreRequisites" time="0.0">
    <skipped/>
  </testcase> <!-- @BeforeMethod methodsPreRequisites -->
  <testcase classname="sew.ai.runner.TestRunner" name="@AfterMethod tearDownMethods" time="0.0">
    <skipped/>
  </testcase> <!-- @AfterMethod tearDownMethods -->
  <testcase classname="sew.ai.runner.TestRunner" name="@BeforeMethod methodsPreRequisites" time="0.0">
    <skipped/>
  </testcase> <!-- @BeforeMethod methodsPreRequisites -->
  <testcase classname="sew.ai.runner.TestRunner" name="@AfterMethod tearDownMethods" time="0.0">
    <skipped/>
  </testcase> <!-- @AfterMethod tearDownMethods -->
  <testcase classname="sew.ai.runner.TestRunner" name="@BeforeMethod methodsPreRequisites" time="0.0">
    <skipped/>
  </testcase> <!-- @BeforeMethod methodsPreRequisites -->
  <testcase classname="sew.ai.runner.TestRunner" name="@AfterMethod tearDownMethods" time="0.0">
    <skipped/>
  </testcase> <!-- @AfterMethod tearDownMethods -->
  <testcase classname="sew.ai.runner.TestRunner" name="@BeforeMethod methodsPreRequisites" time="0.0">
    <skipped/>
  </testcase> <!-- @BeforeMethod methodsPreRequisites -->
  <testcase classname="sew.ai.runner.TestRunner" name="@AfterMethod tearDownMethods" time="0.0">
    <skipped/>
  </testcase> <!-- @AfterMethod tearDownMethods -->
  <testcase classname="sew.ai.runner.TestRunner" name="@BeforeMethod methodsPreRequisites" time="0.0">
    <skipped/>
  </testcase> <!-- @BeforeMethod methodsPreRequisites -->
  <testcase classname="sew.ai.runner.TestRunner" name="@AfterMethod tearDownMethods" time="0.0">
    <skipped/>
  </testcase> <!-- @AfterMethod tearDownMethods -->
  <testcase classname="sew.ai.runner.TestRunner" name="@BeforeMethod methodsPreRequisites" time="0.0">
    <skipped/>
  </testcase> <!-- @BeforeMethod methodsPreRequisites -->
  <testcase classname="sew.ai.runner.TestRunner" name="@AfterMethod tearDownMethods" time="0.0">
    <skipped/>
  </testcase> <!-- @AfterMethod tearDownMethods -->
  <testcase classname="sew.ai.runner.TestRunner" name="@BeforeMethod methodsPreRequisites" time="0.0">
    <skipped/>
  </testcase> <!-- @BeforeMethod methodsPreRequisites -->
  <testcase classname="sew.ai.runner.TestRunner" name="@AfterMethod tearDownMethods" time="0.0">
    <skipped/>
  </testcase> <!-- @AfterMethod tearDownMethods -->
  <testcase classname="sew.ai.runner.TestRunner" name="@BeforeMethod methodsPreRequisites" time="0.0">
    <skipped/>
  </testcase> <!-- @BeforeMethod methodsPreRequisites -->
  <testcase classname="sew.ai.runner.TestRunner" name="@AfterMethod tearDownMethods" time="0.0">
    <skipped/>
  </testcase> <!-- @AfterMethod tearDownMethods -->
  <testcase classname="sew.ai.runner.TestRunner" name="@BeforeMethod methodsPreRequisites" time="0.0">
    <skipped/>
  </testcase> <!-- @BeforeMethod methodsPreRequisites -->
  <testcase classname="sew.ai.runner.TestRunner" name="@AfterMethod tearDownMethods" time="0.0">
    <skipped/>
  </testcase> <!-- @AfterMethod tearDownMethods -->
  <testcase classname="sew.ai.runner.TestRunner" name="@BeforeMethod methodsPreRequisites" time="0.0">
    <skipped/>
  </testcase> <!-- @BeforeMethod methodsPreRequisites -->
  <testcase classname="sew.ai.runner.TestRunner" name="@AfterMethod tearDownMethods" time="0.0">
    <skipped/>
  </testcase> <!-- @AfterMethod tearDownMethods -->
  <testcase classname="sew.ai.runner.TestRunner" name="@BeforeMethod methodsPreRequisites" time="0.0">
    <skipped/>
  </testcase> <!-- @BeforeMethod methodsPreRequisites -->
  <testcase classname="sew.ai.runner.TestRunner" name="@AfterMethod tearDownMethods" time="0.0">
    <skipped/>
  </testcase> <!-- @AfterMethod tearDownMethods -->
  <testcase classname="sew.ai.runner.TestRunner" name="@BeforeMethod methodsPreRequisites" time="0.0">
    <skipped/>
  </testcase> <!-- @BeforeMethod methodsPreRequisites -->
  <testcase classname="sew.ai.runner.TestRunner" name="@AfterMethod tearDownMethods" time="0.0">
    <skipped/>
  </testcase> <!-- @AfterMethod tearDownMethods -->
  <testcase classname="sew.ai.runner.TestRunner" name="@BeforeMethod methodsPreRequisites" time="0.0">
    <skipped/>
  </testcase> <!-- @BeforeMethod methodsPreRequisites -->
  <testcase classname="sew.ai.runner.TestRunner" name="@AfterMethod tearDownMethods" time="0.0">
    <skipped/>
  </testcase> <!-- @AfterMethod tearDownMethods -->
  <testcase classname="sew.ai.runner.TestRunner" name="@BeforeMethod methodsPreRequisites" time="0.0">
    <skipped/>
  </testcase> <!-- @BeforeMethod methodsPreRequisites -->
  <testcase classname="sew.ai.runner.TestRunner" name="@AfterMethod tearDownMethods" time="0.0">
    <skipped/>
  </testcase> <!-- @AfterMethod tearDownMethods -->
  <testcase classname="sew.ai.runner.TestRunner" name="@BeforeMethod methodsPreRequisites" time="0.0">
    <skipped/>
  </testcase> <!-- @BeforeMethod methodsPreRequisites -->
  <testcase classname="sew.ai.runner.TestRunner" name="@AfterMethod tearDownMethods" time="0.0">
    <skipped/>
  </testcase> <!-- @AfterMethod tearDownMethods -->
  <testcase classname="sew.ai.runner.TestRunner" name="@BeforeMethod methodsPreRequisites" time="0.0">
    <skipped/>
  </testcase> <!-- @BeforeMethod methodsPreRequisites -->
  <testcase classname="sew.ai.runner.TestRunner" name="@AfterMethod tearDownMethods" time="0.0">
    <skipped/>
  </testcase> <!-- @AfterMethod tearDownMethods -->
  <testcase classname="sew.ai.runner.TestRunner" name="@BeforeMethod methodsPreRequisites" time="0.0">
    <skipped/>
  </testcase> <!-- @BeforeMethod methodsPreRequisites -->
  <testcase classname="sew.ai.runner.TestRunner" name="@AfterMethod tearDownMethods" time="0.0">
    <skipped/>
  </testcase> <!-- @AfterMethod tearDownMethods -->
  <testcase classname="sew.ai.runner.TestRunner" name="@BeforeMethod methodsPreRequisites" time="0.0">
    <skipped/>
  </testcase> <!-- @BeforeMethod methodsPreRequisites -->
  <testcase classname="sew.ai.runner.TestRunner" name="@AfterMethod tearDownMethods" time="0.0">
    <skipped/>
  </testcase> <!-- @AfterMethod tearDownMethods -->
  <testcase classname="sew.ai.runner.TestRunner" name="@BeforeMethod methodsPreRequisites" time="0.0">
    <skipped/>
  </testcase> <!-- @BeforeMethod methodsPreRequisites -->
  <testcase classname="sew.ai.runner.TestRunner" name="@AfterMethod tearDownMethods" time="0.0">
    <skipped/>
  </testcase> <!-- @AfterMethod tearDownMethods -->
  <testcase classname="sew.ai.runner.TestRunner" name="@BeforeMethod methodsPreRequisites" time="0.0">
    <skipped/>
  </testcase> <!-- @BeforeMethod methodsPreRequisites -->
  <testcase classname="sew.ai.runner.TestRunner" name="@AfterMethod tearDownMethods" time="0.0">
    <skipped/>
  </testcase> <!-- @AfterMethod tearDownMethods -->
  <testcase classname="sew.ai.runner.TestRunner" name="@BeforeMethod methodsPreRequisites" time="0.0">
    <skipped/>
  </testcase> <!-- @BeforeMethod methodsPreRequisites -->
  <testcase classname="sew.ai.runner.TestRunner" name="@AfterMethod tearDownMethods" time="0.0">
    <skipped/>
  </testcase> <!-- @AfterMethod tearDownMethods -->
  <testcase classname="sew.ai.runner.TestRunner" name="@BeforeMethod methodsPreRequisites" time="0.0">
    <skipped/>
  </testcase> <!-- @BeforeMethod methodsPreRequisites -->
  <testcase classname="sew.ai.runner.TestRunner" name="@AfterMethod tearDownMethods" time="0.0">
    <skipped/>
  </testcase> <!-- @AfterMethod tearDownMethods -->
  <testcase classname="sew.ai.runner.TestRunner" name="@BeforeMethod methodsPreRequisites" time="0.0">
    <skipped/>
  </testcase> <!-- @BeforeMethod methodsPreRequisites -->
  <testcase classname="sew.ai.runner.TestRunner" name="@AfterMethod tearDownMethods" time="0.0">
    <skipped/>
  </testcase> <!-- @AfterMethod tearDownMethods -->
  <testcase classname="sew.ai.runner.TestRunner" name="@BeforeMethod methodsPreRequisites" time="0.0">
    <skipped/>
  </testcase> <!-- @BeforeMethod methodsPreRequisites -->
  <testcase classname="sew.ai.runner.TestRunner" name="@AfterMethod tearDownMethods" time="0.0">
    <skipped/>
  </testcase> <!-- @AfterMethod tearDownMethods -->
  <testcase classname="sew.ai.runner.TestRunner" name="@BeforeMethod methodsPreRequisites" time="0.0">
    <skipped/>
  </testcase> <!-- @BeforeMethod methodsPreRequisites -->
  <testcase classname="sew.ai.runner.TestRunner" name="@AfterMethod tearDownMethods" time="0.0">
    <skipped/>
  </testcase> <!-- @AfterMethod tearDownMethods -->
  <testcase classname="sew.ai.runner.TestRunner" name="@BeforeMethod methodsPreRequisites" time="0.0">
    <skipped/>
  </testcase> <!-- @BeforeMethod methodsPreRequisites -->
  <testcase classname="sew.ai.runner.TestRunner" name="@AfterMethod tearDownMethods" time="0.0">
    <skipped/>
  </testcase> <!-- @AfterMethod tearDownMethods -->
  <testcase classname="sew.ai.runner.TestRunner" name="@AfterClass tearDownClasses" time="0.0">
    <skipped/>
  </testcase> <!-- @AfterClass tearDownClasses -->
  <testcase classname="sew.ai.runner.TestRunner" name="@BeforeClass classPreRequisites" time="-1.697015483509E9">
    <failure type="org.testng.TestNGException" message="
Parameter &amp;apos;platformType&amp;apos; is required by BeforeClass on method classPreRequisites but has not been marked @Optional or defined
">
      <![CDATA[org.testng.TestNGException: 
Parameter 'platformType' is required by BeforeClass on method classPreRequisites but has not been marked @Optional or defined

at java.base/java.util.ArrayList.forEach(ArrayList.java:1511)
... Removed 27 stack frames]]>
    </failure>
  </testcase> <!-- @BeforeClass classPreRequisites -->
  <testcase classname="sew.ai.runner.TestRunner" name="@BeforeMethod methodsPreRequisites" time="0.0">
    <skipped/>
  </testcase> <!-- @BeforeMethod methodsPreRequisites -->
  <testcase classname="sew.ai.runner.TestRunner" name="@AfterMethod tearDownMethods" time="0.0">
    <skipped/>
  </testcase> <!-- @AfterMethod tearDownMethods -->
  <testcase classname="sew.ai.runner.TestRunner" name="@BeforeMethod methodsPreRequisites" time="0.0">
    <skipped/>
  </testcase> <!-- @BeforeMethod methodsPreRequisites -->
  <testcase classname="sew.ai.runner.TestRunner" name="@AfterMethod tearDownMethods" time="0.0">
    <skipped/>
  </testcase> <!-- @AfterMethod tearDownMethods -->
  <testcase classname="sew.ai.runner.TestRunner" name="@BeforeMethod methodsPreRequisites" time="0.0">
    <skipped/>
  </testcase> <!-- @BeforeMethod methodsPreRequisites -->
  <testcase classname="sew.ai.runner.TestRunner" name="@AfterMethod tearDownMethods" time="0.0">
    <skipped/>
  </testcase> <!-- @AfterMethod tearDownMethods -->
  <testcase classname="sew.ai.runner.TestRunner" name="@BeforeMethod methodsPreRequisites" time="0.0">
    <skipped/>
  </testcase> <!-- @BeforeMethod methodsPreRequisites -->
  <testcase classname="sew.ai.runner.TestRunner" name="@AfterMethod tearDownMethods" time="0.0">
    <skipped/>
  </testcase> <!-- @AfterMethod tearDownMethods -->
  <testcase classname="sew.ai.runner.TestRunner" name="@AfterClass tearDownClasses" time="0.0">
    <skipped/>
  </testcase> <!-- @AfterClass tearDownClasses -->
  <testcase classname="sew.ai.runner.TestRunner" name="@BeforeClass classPreRequisites" time="-1.697015483514E9">
    <failure type="org.testng.TestNGException" message="
Parameter &amp;apos;platformType&amp;apos; is required by BeforeClass on method classPreRequisites but has not been marked @Optional or defined
">
      <![CDATA[org.testng.TestNGException: 
Parameter 'platformType' is required by BeforeClass on method classPreRequisites but has not been marked @Optional or defined

at java.base/java.util.ArrayList.forEach(ArrayList.java:1511)
... Removed 27 stack frames]]>
    </failure>
  </testcase> <!-- @BeforeClass classPreRequisites -->
  <testcase classname="sew.ai.runner.TestRunner" name="@BeforeMethod methodsPreRequisites" time="0.0">
    <skipped/>
  </testcase> <!-- @BeforeMethod methodsPreRequisites -->
  <testcase classname="sew.ai.runner.TestRunner" name="@AfterMethod tearDownMethods" time="0.0">
    <skipped/>
  </testcase> <!-- @AfterMethod tearDownMethods -->
  <testcase classname="sew.ai.runner.TestRunner" name="@AfterClass tearDownClasses" time="0.0">
    <skipped/>
  </testcase> <!-- @AfterClass tearDownClasses -->
  <testcase classname="sew.ai.runner.TestRunner" name="@BeforeClass classPreRequisites" time="-1.697015483516E9">
    <failure type="org.testng.TestNGException" message="
Parameter &amp;apos;platformType&amp;apos; is required by BeforeClass on method classPreRequisites but has not been marked @Optional or defined
">
      <![CDATA[org.testng.TestNGException: 
Parameter 'platformType' is required by BeforeClass on method classPreRequisites but has not been marked @Optional or defined

at java.base/java.util.ArrayList.forEach(ArrayList.java:1511)
... Removed 27 stack frames]]>
    </failure>
  </testcase> <!-- @BeforeClass classPreRequisites -->
  <testcase classname="sew.ai.runner.TestRunner" name="@BeforeMethod methodsPreRequisites" time="0.0">
    <skipped/>
  </testcase> <!-- @BeforeMethod methodsPreRequisites -->
  <testcase classname="sew.ai.runner.TestRunner" name="@AfterMethod tearDownMethods" time="0.0">
    <skipped/>
  </testcase> <!-- @AfterMethod tearDownMethods -->
  <testcase classname="sew.ai.runner.TestRunner" name="@BeforeMethod methodsPreRequisites" time="0.0">
    <skipped/>
  </testcase> <!-- @BeforeMethod methodsPreRequisites -->
  <testcase classname="sew.ai.runner.TestRunner" name="@AfterMethod tearDownMethods" time="0.0">
    <skipped/>
  </testcase> <!-- @AfterMethod tearDownMethods -->
  <testcase classname="sew.ai.runner.TestRunner" name="@AfterClass tearDownClasses" time="0.0">
    <skipped/>
  </testcase> <!-- @AfterClass tearDownClasses -->
  <testcase classname="sew.ai.runner.TestRunner" name="@BeforeClass classPreRequisites" time="-1.697015483518E9">
    <failure type="org.testng.TestNGException" message="
Parameter &amp;apos;platformType&amp;apos; is required by BeforeClass on method classPreRequisites but has not been marked @Optional or defined
">
      <![CDATA[org.testng.TestNGException: 
Parameter 'platformType' is required by BeforeClass on method classPreRequisites but has not been marked @Optional or defined

at java.base/java.util.ArrayList.forEach(ArrayList.java:1511)
... Removed 27 stack frames]]>
    </failure>
  </testcase> <!-- @BeforeClass classPreRequisites -->
  <testcase classname="sew.ai.runner.TestRunner" name="@BeforeMethod methodsPreRequisites" time="0.0">
    <skipped/>
  </testcase> <!-- @BeforeMethod methodsPreRequisites -->
  <testcase classname="sew.ai.runner.TestRunner" name="@AfterMethod tearDownMethods" time="0.0">
    <skipped/>
  </testcase> <!-- @AfterMethod tearDownMethods -->
  <testcase classname="sew.ai.runner.TestRunner" name="@BeforeMethod methodsPreRequisites" time="0.0">
    <skipped/>
  </testcase> <!-- @BeforeMethod methodsPreRequisites -->
  <testcase classname="sew.ai.runner.TestRunner" name="@AfterMethod tearDownMethods" time="0.0">
    <skipped/>
  </testcase> <!-- @AfterMethod tearDownMethods -->
  <testcase classname="sew.ai.runner.TestRunner" name="@BeforeMethod methodsPreRequisites" time="0.0">
    <skipped/>
  </testcase> <!-- @BeforeMethod methodsPreRequisites -->
  <testcase classname="sew.ai.runner.TestRunner" name="@AfterMethod tearDownMethods" time="0.0">
    <skipped/>
  </testcase> <!-- @AfterMethod tearDownMethods -->
  <testcase classname="sew.ai.runner.TestRunner" name="@BeforeMethod methodsPreRequisites" time="0.0">
    <skipped/>
  </testcase> <!-- @BeforeMethod methodsPreRequisites -->
  <testcase classname="sew.ai.runner.TestRunner" name="@AfterMethod tearDownMethods" time="0.0">
    <skipped/>
  </testcase> <!-- @AfterMethod tearDownMethods -->
  <testcase classname="sew.ai.runner.TestRunner" name="@BeforeMethod methodsPreRequisites" time="0.0">
    <skipped/>
  </testcase> <!-- @BeforeMethod methodsPreRequisites -->
  <testcase classname="sew.ai.runner.TestRunner" name="@AfterMethod tearDownMethods" time="0.0">
    <skipped/>
  </testcase> <!-- @AfterMethod tearDownMethods -->
  <testcase classname="sew.ai.runner.TestRunner" name="@BeforeMethod methodsPreRequisites" time="0.0">
    <skipped/>
  </testcase> <!-- @BeforeMethod methodsPreRequisites -->
  <testcase classname="sew.ai.runner.TestRunner" name="@AfterMethod tearDownMethods" time="0.0">
    <skipped/>
  </testcase> <!-- @AfterMethod tearDownMethods -->
  <testcase classname="sew.ai.runner.TestRunner" name="@BeforeMethod methodsPreRequisites" time="0.0">
    <skipped/>
  </testcase> <!-- @BeforeMethod methodsPreRequisites -->
  <testcase classname="sew.ai.runner.TestRunner" name="@AfterMethod tearDownMethods" time="0.0">
    <skipped/>
  </testcase> <!-- @AfterMethod tearDownMethods -->
  <testcase classname="sew.ai.runner.TestRunner" name="@BeforeMethod methodsPreRequisites" time="0.0">
    <skipped/>
  </testcase> <!-- @BeforeMethod methodsPreRequisites -->
  <testcase classname="sew.ai.runner.TestRunner" name="@AfterMethod tearDownMethods" time="0.0">
    <skipped/>
  </testcase> <!-- @AfterMethod tearDownMethods -->
  <testcase classname="sew.ai.runner.TestRunner" name="@BeforeMethod methodsPreRequisites" time="0.0">
    <skipped/>
  </testcase> <!-- @BeforeMethod methodsPreRequisites -->
  <testcase classname="sew.ai.runner.TestRunner" name="@AfterMethod tearDownMethods" time="0.0">
    <skipped/>
  </testcase> <!-- @AfterMethod tearDownMethods -->
  <testcase classname="sew.ai.runner.TestRunner" name="@BeforeMethod methodsPreRequisites" time="0.0">
    <skipped/>
  </testcase> <!-- @BeforeMethod methodsPreRequisites -->
  <testcase classname="sew.ai.runner.TestRunner" name="@AfterMethod tearDownMethods" time="0.0">
    <skipped/>
  </testcase> <!-- @AfterMethod tearDownMethods -->
  <testcase classname="sew.ai.runner.TestRunner" name="@BeforeMethod methodsPreRequisites" time="0.0">
    <skipped/>
  </testcase> <!-- @BeforeMethod methodsPreRequisites -->
  <testcase classname="sew.ai.runner.TestRunner" name="@AfterMethod tearDownMethods" time="0.0">
    <skipped/>
  </testcase> <!-- @AfterMethod tearDownMethods -->
  <testcase classname="sew.ai.runner.TestRunner" name="@BeforeMethod methodsPreRequisites" time="0.0">
    <skipped/>
  </testcase> <!-- @BeforeMethod methodsPreRequisites -->
  <testcase classname="sew.ai.runner.TestRunner" name="@AfterMethod tearDownMethods" time="0.0">
    <skipped/>
  </testcase> <!-- @AfterMethod tearDownMethods -->
  <testcase classname="sew.ai.runner.TestRunner" name="@BeforeMethod methodsPreRequisites" time="0.0">
    <skipped/>
  </testcase> <!-- @BeforeMethod methodsPreRequisites -->
  <testcase classname="sew.ai.runner.TestRunner" name="@AfterMethod tearDownMethods" time="0.0">
    <skipped/>
  </testcase> <!-- @AfterMethod tearDownMethods -->
  <testcase classname="sew.ai.runner.TestRunner" name="@BeforeMethod methodsPreRequisites" time="0.0">
    <skipped/>
  </testcase> <!-- @BeforeMethod methodsPreRequisites -->
  <testcase classname="sew.ai.runner.TestRunner" name="@AfterMethod tearDownMethods" time="0.0">
    <skipped/>
  </testcase> <!-- @AfterMethod tearDownMethods -->
  <testcase classname="sew.ai.runner.TestRunner" name="@BeforeMethod methodsPreRequisites" time="0.0">
    <skipped/>
  </testcase> <!-- @BeforeMethod methodsPreRequisites -->
  <testcase classname="sew.ai.runner.TestRunner" name="@AfterMethod tearDownMethods" time="0.0">
    <skipped/>
  </testcase> <!-- @AfterMethod tearDownMethods -->
  <testcase classname="sew.ai.runner.TestRunner" name="@BeforeMethod methodsPreRequisites" time="0.0">
    <skipped/>
  </testcase> <!-- @BeforeMethod methodsPreRequisites -->
  <testcase classname="sew.ai.runner.TestRunner" name="@AfterMethod tearDownMethods" time="0.0">
    <skipped/>
  </testcase> <!-- @AfterMethod tearDownMethods -->
  <testcase classname="sew.ai.runner.TestRunner" name="@BeforeMethod methodsPreRequisites" time="0.0">
    <skipped/>
  </testcase> <!-- @BeforeMethod methodsPreRequisites -->
  <testcase classname="sew.ai.runner.TestRunner" name="@AfterMethod tearDownMethods" time="0.0">
    <skipped/>
  </testcase> <!-- @AfterMethod tearDownMethods -->
  <testcase classname="sew.ai.runner.TestRunner" name="@BeforeMethod methodsPreRequisites" time="0.0">
    <skipped/>
  </testcase> <!-- @BeforeMethod methodsPreRequisites -->
  <testcase classname="sew.ai.runner.TestRunner" name="@AfterMethod tearDownMethods" time="0.0">
    <skipped/>
  </testcase> <!-- @AfterMethod tearDownMethods -->
  <testcase classname="sew.ai.runner.TestRunner" name="@BeforeMethod methodsPreRequisites" time="0.0">
    <skipped/>
  </testcase> <!-- @BeforeMethod methodsPreRequisites -->
  <testcase classname="sew.ai.runner.TestRunner" name="@AfterMethod tearDownMethods" time="0.0">
    <skipped/>
  </testcase> <!-- @AfterMethod tearDownMethods -->
  <testcase classname="sew.ai.runner.TestRunner" name="@AfterClass tearDownClasses" time="0.0">
    <skipped/>
  </testcase> <!-- @AfterClass tearDownClasses -->
  <testcase classname="sew.ai.runner.TestRunner" name="@BeforeClass classPreRequisites" time="-1.697015483536E9">
    <failure type="org.testng.TestNGException" message="
Parameter &amp;apos;platformType&amp;apos; is required by BeforeClass on method classPreRequisites but has not been marked @Optional or defined
">
      <![CDATA[org.testng.TestNGException: 
Parameter 'platformType' is required by BeforeClass on method classPreRequisites but has not been marked @Optional or defined

at java.base/java.util.ArrayList.forEach(ArrayList.java:1511)
... Removed 27 stack frames]]>
    </failure>
  </testcase> <!-- @BeforeClass classPreRequisites -->
  <testcase classname="sew.ai.runner.TestRunner" name="@BeforeMethod methodsPreRequisites" time="0.0">
    <skipped/>
  </testcase> <!-- @BeforeMethod methodsPreRequisites -->
  <testcase classname="sew.ai.runner.TestRunner" name="@AfterMethod tearDownMethods" time="0.0">
    <skipped/>
  </testcase> <!-- @AfterMethod tearDownMethods -->
  <testcase classname="sew.ai.runner.TestRunner" name="@BeforeMethod methodsPreRequisites" time="0.0">
    <skipped/>
  </testcase> <!-- @BeforeMethod methodsPreRequisites -->
  <testcase classname="sew.ai.runner.TestRunner" name="@AfterMethod tearDownMethods" time="0.0">
    <skipped/>
  </testcase> <!-- @AfterMethod tearDownMethods -->
  <testcase classname="sew.ai.runner.TestRunner" name="@BeforeMethod methodsPreRequisites" time="0.0">
    <skipped/>
  </testcase> <!-- @BeforeMethod methodsPreRequisites -->
  <testcase classname="sew.ai.runner.TestRunner" name="@AfterMethod tearDownMethods" time="0.0">
    <skipped/>
  </testcase> <!-- @AfterMethod tearDownMethods -->
  <testcase classname="sew.ai.runner.TestRunner" name="@BeforeMethod methodsPreRequisites" time="0.0">
    <skipped/>
  </testcase> <!-- @BeforeMethod methodsPreRequisites -->
  <testcase classname="sew.ai.runner.TestRunner" name="@AfterMethod tearDownMethods" time="0.0">
    <skipped/>
  </testcase> <!-- @AfterMethod tearDownMethods -->
  <testcase classname="sew.ai.runner.TestRunner" name="@BeforeMethod methodsPreRequisites" time="0.0">
    <skipped/>
  </testcase> <!-- @BeforeMethod methodsPreRequisites -->
  <testcase classname="sew.ai.runner.TestRunner" name="@AfterMethod tearDownMethods" time="0.0">
    <skipped/>
  </testcase> <!-- @AfterMethod tearDownMethods -->
  <testcase classname="sew.ai.runner.TestRunner" name="@BeforeMethod methodsPreRequisites" time="0.0">
    <skipped/>
  </testcase> <!-- @BeforeMethod methodsPreRequisites -->
  <testcase classname="sew.ai.runner.TestRunner" name="@AfterMethod tearDownMethods" time="0.0">
    <skipped/>
  </testcase> <!-- @AfterMethod tearDownMethods -->
  <testcase classname="sew.ai.runner.TestRunner" name="@BeforeMethod methodsPreRequisites" time="0.0">
    <skipped/>
  </testcase> <!-- @BeforeMethod methodsPreRequisites -->
  <testcase classname="sew.ai.runner.TestRunner" name="@AfterMethod tearDownMethods" time="0.0">
    <skipped/>
  </testcase> <!-- @AfterMethod tearDownMethods -->
  <testcase classname="sew.ai.runner.TestRunner" name="@BeforeMethod methodsPreRequisites" time="0.0">
    <skipped/>
  </testcase> <!-- @BeforeMethod methodsPreRequisites -->
  <testcase classname="sew.ai.runner.TestRunner" name="@AfterMethod tearDownMethods" time="0.0">
    <skipped/>
  </testcase> <!-- @AfterMethod tearDownMethods -->
  <testcase classname="sew.ai.runner.TestRunner" name="@BeforeMethod methodsPreRequisites" time="0.0">
    <skipped/>
  </testcase> <!-- @BeforeMethod methodsPreRequisites -->
  <testcase classname="sew.ai.runner.TestRunner" name="@AfterMethod tearDownMethods" time="0.0">
    <skipped/>
  </testcase> <!-- @AfterMethod tearDownMethods -->
  <testcase classname="sew.ai.runner.TestRunner" name="@BeforeMethod methodsPreRequisites" time="0.0">
    <skipped/>
  </testcase> <!-- @BeforeMethod methodsPreRequisites -->
  <testcase classname="sew.ai.runner.TestRunner" name="@AfterMethod tearDownMethods" time="0.0">
    <skipped/>
  </testcase> <!-- @AfterMethod tearDownMethods -->
  <testcase classname="sew.ai.runner.TestRunner" name="@BeforeMethod methodsPreRequisites" time="0.0">
    <skipped/>
  </testcase> <!-- @BeforeMethod methodsPreRequisites -->
  <testcase classname="sew.ai.runner.TestRunner" name="@AfterMethod tearDownMethods" time="0.0">
    <skipped/>
  </testcase> <!-- @AfterMethod tearDownMethods -->
  <testcase classname="sew.ai.runner.TestRunner" name="@BeforeMethod methodsPreRequisites" time="0.0">
    <skipped/>
  </testcase> <!-- @BeforeMethod methodsPreRequisites -->
  <testcase classname="sew.ai.runner.TestRunner" name="@AfterMethod tearDownMethods" time="0.0">
    <skipped/>
  </testcase> <!-- @AfterMethod tearDownMethods -->
  <testcase classname="sew.ai.runner.TestRunner" name="@BeforeMethod methodsPreRequisites" time="0.0">
    <skipped/>
  </testcase> <!-- @BeforeMethod methodsPreRequisites -->
  <testcase classname="sew.ai.runner.TestRunner" name="@AfterMethod tearDownMethods" time="0.0">
    <skipped/>
  </testcase> <!-- @AfterMethod tearDownMethods -->
  <testcase classname="sew.ai.runner.TestRunner" name="@BeforeMethod methodsPreRequisites" time="0.0">
    <skipped/>
  </testcase> <!-- @BeforeMethod methodsPreRequisites -->
  <testcase classname="sew.ai.runner.TestRunner" name="@AfterMethod tearDownMethods" time="0.0">
    <skipped/>
  </testcase> <!-- @AfterMethod tearDownMethods -->
  <testcase classname="sew.ai.runner.TestRunner" name="@AfterClass tearDownClasses" time="0.0">
    <skipped/>
  </testcase> <!-- @AfterClass tearDownClasses -->
  <testcase classname="sew.ai.runner.TestRunner" name="@BeforeClass classPreRequisites" time="-1.697015483547E9">
    <failure type="org.testng.TestNGException" message="
Parameter &amp;apos;platformType&amp;apos; is required by BeforeClass on method classPreRequisites but has not been marked @Optional or defined
">
      <![CDATA[org.testng.TestNGException: 
Parameter 'platformType' is required by BeforeClass on method classPreRequisites but has not been marked @Optional or defined

at java.base/java.util.ArrayList.forEach(ArrayList.java:1511)
... Removed 27 stack frames]]>
    </failure>
  </testcase> <!-- @BeforeClass classPreRequisites -->
  <testcase classname="sew.ai.runner.TestRunner" name="@BeforeMethod methodsPreRequisites" time="0.0">
    <skipped/>
  </testcase> <!-- @BeforeMethod methodsPreRequisites -->
  <testcase classname="sew.ai.runner.TestRunner" name="@AfterMethod tearDownMethods" time="0.0">
    <skipped/>
  </testcase> <!-- @AfterMethod tearDownMethods -->
  <testcase classname="sew.ai.runner.TestRunner" name="@BeforeMethod methodsPreRequisites" time="0.0">
    <skipped/>
  </testcase> <!-- @BeforeMethod methodsPreRequisites -->
  <testcase classname="sew.ai.runner.TestRunner" name="@AfterMethod tearDownMethods" time="0.0">
    <skipped/>
  </testcase> <!-- @AfterMethod tearDownMethods -->
  <testcase classname="sew.ai.runner.TestRunner" name="@BeforeMethod methodsPreRequisites" time="0.0">
    <skipped/>
  </testcase> <!-- @BeforeMethod methodsPreRequisites -->
  <testcase classname="sew.ai.runner.TestRunner" name="@AfterMethod tearDownMethods" time="0.0">
    <skipped/>
  </testcase> <!-- @AfterMethod tearDownMethods -->
  <testcase classname="sew.ai.runner.TestRunner" name="@BeforeMethod methodsPreRequisites" time="0.0">
    <skipped/>
  </testcase> <!-- @BeforeMethod methodsPreRequisites -->
  <testcase classname="sew.ai.runner.TestRunner" name="@AfterMethod tearDownMethods" time="0.0">
    <skipped/>
  </testcase> <!-- @AfterMethod tearDownMethods -->
  <testcase classname="sew.ai.runner.TestRunner" name="@BeforeMethod methodsPreRequisites" time="0.0">
    <skipped/>
  </testcase> <!-- @BeforeMethod methodsPreRequisites -->
  <testcase classname="sew.ai.runner.TestRunner" name="@AfterMethod tearDownMethods" time="0.0">
    <skipped/>
  </testcase> <!-- @AfterMethod tearDownMethods -->
  <testcase classname="sew.ai.runner.TestRunner" name="@BeforeMethod methodsPreRequisites" time="0.0">
    <skipped/>
  </testcase> <!-- @BeforeMethod methodsPreRequisites -->
  <testcase classname="sew.ai.runner.TestRunner" name="@AfterMethod tearDownMethods" time="0.0">
    <skipped/>
  </testcase> <!-- @AfterMethod tearDownMethods -->
  <testcase classname="sew.ai.runner.TestRunner" name="@BeforeMethod methodsPreRequisites" time="0.0">
    <skipped/>
  </testcase> <!-- @BeforeMethod methodsPreRequisites -->
  <testcase classname="sew.ai.runner.TestRunner" name="@AfterMethod tearDownMethods" time="0.0">
    <skipped/>
  </testcase> <!-- @AfterMethod tearDownMethods -->
  <testcase classname="sew.ai.runner.TestRunner" name="@AfterClass tearDownClasses" time="0.0">
    <skipped/>
  </testcase> <!-- @AfterClass tearDownClasses -->
  <testcase classname="sew.ai.runner.TestRunner" name="@BeforeClass classPreRequisites" time="-1.697015483554E9">
    <failure type="org.testng.TestNGException" message="
Parameter &amp;apos;platformType&amp;apos; is required by BeforeClass on method classPreRequisites but has not been marked @Optional or defined
">
      <![CDATA[org.testng.TestNGException: 
Parameter 'platformType' is required by BeforeClass on method classPreRequisites but has not been marked @Optional or defined

at java.base/java.util.ArrayList.forEach(ArrayList.java:1511)
... Removed 27 stack frames]]>
    </failure>
  </testcase> <!-- @BeforeClass classPreRequisites -->
  <testcase classname="sew.ai.runner.TestRunner" name="@BeforeMethod methodsPreRequisites" time="0.0">
    <skipped/>
  </testcase> <!-- @BeforeMethod methodsPreRequisites -->
  <testcase classname="sew.ai.runner.TestRunner" name="@AfterMethod tearDownMethods" time="0.0">
    <skipped/>
  </testcase> <!-- @AfterMethod tearDownMethods -->
  <testcase classname="sew.ai.runner.TestRunner" name="@BeforeMethod methodsPreRequisites" time="0.0">
    <skipped/>
  </testcase> <!-- @BeforeMethod methodsPreRequisites -->
  <testcase classname="sew.ai.runner.TestRunner" name="@AfterMethod tearDownMethods" time="0.0">
    <skipped/>
  </testcase> <!-- @AfterMethod tearDownMethods -->
  <testcase classname="sew.ai.runner.TestRunner" name="@AfterClass tearDownClasses" time="0.0">
    <skipped/>
  </testcase> <!-- @AfterClass tearDownClasses -->
  <testcase classname="sew.ai.runner.TestRunner" name="@BeforeClass classPreRequisites" time="-1.697015483556E9">
    <failure type="org.testng.TestNGException" message="
Parameter &amp;apos;platformType&amp;apos; is required by BeforeClass on method classPreRequisites but has not been marked @Optional or defined
">
      <![CDATA[org.testng.TestNGException: 
Parameter 'platformType' is required by BeforeClass on method classPreRequisites but has not been marked @Optional or defined

at java.base/java.util.ArrayList.forEach(ArrayList.java:1511)
... Removed 27 stack frames]]>
    </failure>
  </testcase> <!-- @BeforeClass classPreRequisites -->
  <testcase classname="sew.ai.runner.TestRunner" name="@BeforeMethod methodsPreRequisites" time="0.0">
    <skipped/>
  </testcase> <!-- @BeforeMethod methodsPreRequisites -->
  <testcase classname="sew.ai.runner.TestRunner" name="@AfterMethod tearDownMethods" time="0.0">
    <skipped/>
  </testcase> <!-- @AfterMethod tearDownMethods -->
  <testcase classname="sew.ai.runner.TestRunner" name="@BeforeMethod methodsPreRequisites" time="0.0">
    <skipped/>
  </testcase> <!-- @BeforeMethod methodsPreRequisites -->
  <testcase classname="sew.ai.runner.TestRunner" name="@AfterMethod tearDownMethods" time="0.0">
    <skipped/>
  </testcase> <!-- @AfterMethod tearDownMethods -->
  <testcase classname="sew.ai.runner.TestRunner" name="@BeforeMethod methodsPreRequisites" time="0.0">
    <skipped/>
  </testcase> <!-- @BeforeMethod methodsPreRequisites -->
  <testcase classname="sew.ai.runner.TestRunner" name="@AfterMethod tearDownMethods" time="0.0">
    <skipped/>
  </testcase> <!-- @AfterMethod tearDownMethods -->
  <testcase classname="sew.ai.runner.TestRunner" name="@BeforeMethod methodsPreRequisites" time="0.0">
    <skipped/>
  </testcase> <!-- @BeforeMethod methodsPreRequisites -->
  <testcase classname="sew.ai.runner.TestRunner" name="@AfterMethod tearDownMethods" time="0.0">
    <skipped/>
  </testcase> <!-- @AfterMethod tearDownMethods -->
  <testcase classname="sew.ai.runner.TestRunner" name="@BeforeMethod methodsPreRequisites" time="0.0">
    <skipped/>
  </testcase> <!-- @BeforeMethod methodsPreRequisites -->
  <testcase classname="sew.ai.runner.TestRunner" name="@AfterMethod tearDownMethods" time="0.0">
    <skipped/>
  </testcase> <!-- @AfterMethod tearDownMethods -->
  <testcase classname="sew.ai.runner.TestRunner" name="@AfterClass tearDownClasses" time="0.0">
    <skipped/>
  </testcase> <!-- @AfterClass tearDownClasses -->
  <testcase classname="sew.ai.runner.TestRunner" name="@BeforeClass classPreRequisites" time="-1.697015483562E9">
    <failure type="org.testng.TestNGException" message="
Parameter &amp;apos;platformType&amp;apos; is required by BeforeClass on method classPreRequisites but has not been marked @Optional or defined
">
      <![CDATA[org.testng.TestNGException: 
Parameter 'platformType' is required by BeforeClass on method classPreRequisites but has not been marked @Optional or defined

at java.base/java.util.ArrayList.forEach(ArrayList.java:1511)
... Removed 27 stack frames]]>
    </failure>
  </testcase> <!-- @BeforeClass classPreRequisites -->
  <testcase classname="sew.ai.runner.TestRunner" name="@BeforeMethod methodsPreRequisites" time="0.0">
    <skipped/>
  </testcase> <!-- @BeforeMethod methodsPreRequisites -->
  <testcase classname="sew.ai.runner.TestRunner" name="@AfterMethod tearDownMethods" time="0.0">
    <skipped/>
  </testcase> <!-- @AfterMethod tearDownMethods -->
  <testcase classname="sew.ai.runner.TestRunner" name="@BeforeMethod methodsPreRequisites" time="0.0">
    <skipped/>
  </testcase> <!-- @BeforeMethod methodsPreRequisites -->
  <testcase classname="sew.ai.runner.TestRunner" name="@AfterMethod tearDownMethods" time="0.0">
    <skipped/>
  </testcase> <!-- @AfterMethod tearDownMethods -->
  <testcase classname="sew.ai.runner.TestRunner" name="@BeforeMethod methodsPreRequisites" time="0.0">
    <skipped/>
  </testcase> <!-- @BeforeMethod methodsPreRequisites -->
  <testcase classname="sew.ai.runner.TestRunner" name="@AfterMethod tearDownMethods" time="0.0">
    <skipped/>
  </testcase> <!-- @AfterMethod tearDownMethods -->
  <testcase classname="sew.ai.runner.TestRunner" name="@BeforeMethod methodsPreRequisites" time="0.0">
    <skipped/>
  </testcase> <!-- @BeforeMethod methodsPreRequisites -->
  <testcase classname="sew.ai.runner.TestRunner" name="@AfterMethod tearDownMethods" time="0.0">
    <skipped/>
  </testcase> <!-- @AfterMethod tearDownMethods -->
  <testcase classname="sew.ai.runner.TestRunner" name="@BeforeMethod methodsPreRequisites" time="0.0">
    <skipped/>
  </testcase> <!-- @BeforeMethod methodsPreRequisites -->
  <testcase classname="sew.ai.runner.TestRunner" name="@AfterMethod tearDownMethods" time="0.0">
    <skipped/>
  </testcase> <!-- @AfterMethod tearDownMethods -->
  <testcase classname="sew.ai.runner.TestRunner" name="@AfterClass tearDownClasses" time="0.0">
    <skipped/>
  </testcase> <!-- @AfterClass tearDownClasses -->
  <testcase classname="sew.ai.runner.TestRunner" name="@BeforeClass classPreRequisites" time="-1.69701548357E9">
    <failure type="org.testng.TestNGException" message="
Parameter &amp;apos;platformType&amp;apos; is required by BeforeClass on method classPreRequisites but has not been marked @Optional or defined
">
      <![CDATA[org.testng.TestNGException: 
Parameter 'platformType' is required by BeforeClass on method classPreRequisites but has not been marked @Optional or defined

at java.base/java.util.ArrayList.forEach(ArrayList.java:1511)
... Removed 27 stack frames]]>
    </failure>
  </testcase> <!-- @BeforeClass classPreRequisites -->
  <testcase classname="sew.ai.runner.TestRunner" name="@BeforeMethod methodsPreRequisites" time="0.0">
    <skipped/>
  </testcase> <!-- @BeforeMethod methodsPreRequisites -->
  <testcase classname="sew.ai.runner.TestRunner" name="@AfterMethod tearDownMethods" time="0.0">
    <skipped/>
  </testcase> <!-- @AfterMethod tearDownMethods -->
  <testcase classname="sew.ai.runner.TestRunner" name="@BeforeMethod methodsPreRequisites" time="0.0">
    <skipped/>
  </testcase> <!-- @BeforeMethod methodsPreRequisites -->
  <testcase classname="sew.ai.runner.TestRunner" name="@AfterMethod tearDownMethods" time="0.0">
    <skipped/>
  </testcase> <!-- @AfterMethod tearDownMethods -->
  <testcase classname="sew.ai.runner.TestRunner" name="@BeforeMethod methodsPreRequisites" time="0.0">
    <skipped/>
  </testcase> <!-- @BeforeMethod methodsPreRequisites -->
  <testcase classname="sew.ai.runner.TestRunner" name="@AfterMethod tearDownMethods" time="0.0">
    <skipped/>
  </testcase> <!-- @AfterMethod tearDownMethods -->
  <testcase classname="sew.ai.runner.TestRunner" name="@BeforeMethod methodsPreRequisites" time="0.0">
    <skipped/>
  </testcase> <!-- @BeforeMethod methodsPreRequisites -->
  <testcase classname="sew.ai.runner.TestRunner" name="@AfterMethod tearDownMethods" time="0.0">
    <skipped/>
  </testcase> <!-- @AfterMethod tearDownMethods -->
  <testcase classname="sew.ai.runner.TestRunner" name="@BeforeMethod methodsPreRequisites" time="0.0">
    <skipped/>
  </testcase> <!-- @BeforeMethod methodsPreRequisites -->
  <testcase classname="sew.ai.runner.TestRunner" name="@AfterMethod tearDownMethods" time="0.0">
    <skipped/>
  </testcase> <!-- @AfterMethod tearDownMethods -->
  <testcase classname="sew.ai.runner.TestRunner" name="@BeforeMethod methodsPreRequisites" time="0.0">
    <skipped/>
  </testcase> <!-- @BeforeMethod methodsPreRequisites -->
  <testcase classname="sew.ai.runner.TestRunner" name="@AfterMethod tearDownMethods" time="0.0">
    <skipped/>
  </testcase> <!-- @AfterMethod tearDownMethods -->
  <testcase classname="sew.ai.runner.TestRunner" name="@BeforeMethod methodsPreRequisites" time="0.0">
    <skipped/>
  </testcase> <!-- @BeforeMethod methodsPreRequisites -->
  <testcase classname="sew.ai.runner.TestRunner" name="@AfterMethod tearDownMethods" time="0.0">
    <skipped/>
  </testcase> <!-- @AfterMethod tearDownMethods -->
  <testcase classname="sew.ai.runner.TestRunner" name="@BeforeMethod methodsPreRequisites" time="0.0">
    <skipped/>
  </testcase> <!-- @BeforeMethod methodsPreRequisites -->
  <testcase classname="sew.ai.runner.TestRunner" name="@AfterMethod tearDownMethods" time="0.0">
    <skipped/>
  </testcase> <!-- @AfterMethod tearDownMethods -->
  <testcase classname="sew.ai.runner.TestRunner" name="@BeforeMethod methodsPreRequisites" time="0.0">
    <skipped/>
  </testcase> <!-- @BeforeMethod methodsPreRequisites -->
  <testcase classname="sew.ai.runner.TestRunner" name="@AfterMethod tearDownMethods" time="0.0">
    <skipped/>
  </testcase> <!-- @AfterMethod tearDownMethods -->
  <testcase classname="sew.ai.runner.TestRunner" name="@BeforeMethod methodsPreRequisites" time="0.0">
    <skipped/>
  </testcase> <!-- @BeforeMethod methodsPreRequisites -->
  <testcase classname="sew.ai.runner.TestRunner" name="@AfterMethod tearDownMethods" time="0.0">
    <skipped/>
  </testcase> <!-- @AfterMethod tearDownMethods -->
  <testcase classname="sew.ai.runner.TestRunner" name="@BeforeMethod methodsPreRequisites" time="0.0">
    <skipped/>
  </testcase> <!-- @BeforeMethod methodsPreRequisites -->
  <testcase classname="sew.ai.runner.TestRunner" name="@AfterMethod tearDownMethods" time="0.0">
    <skipped/>
  </testcase> <!-- @AfterMethod tearDownMethods -->
  <testcase classname="sew.ai.runner.TestRunner" name="@BeforeMethod methodsPreRequisites" time="0.0">
    <skipped/>
  </testcase> <!-- @BeforeMethod methodsPreRequisites -->
  <testcase classname="sew.ai.runner.TestRunner" name="@AfterMethod tearDownMethods" time="0.0">
    <skipped/>
  </testcase> <!-- @AfterMethod tearDownMethods -->
  <testcase classname="sew.ai.runner.TestRunner" name="@AfterClass tearDownClasses" time="0.0">
    <skipped/>
  </testcase> <!-- @AfterClass tearDownClasses -->
  <testcase classname="sew.ai.runner.TestRunner" name="@BeforeClass classPreRequisites" time="-1.697015483583E9">
    <failure type="org.testng.TestNGException" message="
Parameter &amp;apos;platformType&amp;apos; is required by BeforeClass on method classPreRequisites but has not been marked @Optional or defined
">
      <![CDATA[org.testng.TestNGException: 
Parameter 'platformType' is required by BeforeClass on method classPreRequisites but has not been marked @Optional or defined

at java.base/java.util.ArrayList.forEach(ArrayList.java:1511)
... Removed 27 stack frames]]>
    </failure>
  </testcase> <!-- @BeforeClass classPreRequisites -->
  <testcase classname="sew.ai.runner.TestRunner" name="@BeforeMethod methodsPreRequisites" time="0.0">
    <skipped/>
  </testcase> <!-- @BeforeMethod methodsPreRequisites -->
  <testcase classname="sew.ai.runner.TestRunner" name="@AfterMethod tearDownMethods" time="0.0">
    <skipped/>
  </testcase> <!-- @AfterMethod tearDownMethods -->
  <testcase classname="sew.ai.runner.TestRunner" name="@BeforeMethod methodsPreRequisites" time="0.0">
    <skipped/>
  </testcase> <!-- @BeforeMethod methodsPreRequisites -->
  <testcase classname="sew.ai.runner.TestRunner" name="@AfterMethod tearDownMethods" time="0.0">
    <skipped/>
  </testcase> <!-- @AfterMethod tearDownMethods -->
  <testcase classname="sew.ai.runner.TestRunner" name="@BeforeMethod methodsPreRequisites" time="0.0">
    <skipped/>
  </testcase> <!-- @BeforeMethod methodsPreRequisites -->
  <testcase classname="sew.ai.runner.TestRunner" name="@AfterMethod tearDownMethods" time="0.0">
    <skipped/>
  </testcase> <!-- @AfterMethod tearDownMethods -->
  <testcase classname="sew.ai.runner.TestRunner" name="@BeforeMethod methodsPreRequisites" time="0.0">
    <skipped/>
  </testcase> <!-- @BeforeMethod methodsPreRequisites -->
  <testcase classname="sew.ai.runner.TestRunner" name="@AfterMethod tearDownMethods" time="0.0">
    <skipped/>
  </testcase> <!-- @AfterMethod tearDownMethods -->
  <testcase classname="sew.ai.runner.TestRunner" name="@BeforeMethod methodsPreRequisites" time="0.0">
    <skipped/>
  </testcase> <!-- @BeforeMethod methodsPreRequisites -->
  <testcase classname="sew.ai.runner.TestRunner" name="@AfterMethod tearDownMethods" time="0.0">
    <skipped/>
  </testcase> <!-- @AfterMethod tearDownMethods -->
  <testcase classname="sew.ai.runner.TestRunner" name="@BeforeMethod methodsPreRequisites" time="0.0">
    <skipped/>
  </testcase> <!-- @BeforeMethod methodsPreRequisites -->
  <testcase classname="sew.ai.runner.TestRunner" name="@AfterMethod tearDownMethods" time="0.0">
    <skipped/>
  </testcase> <!-- @AfterMethod tearDownMethods -->
  <testcase classname="sew.ai.runner.TestRunner" name="@BeforeMethod methodsPreRequisites" time="0.0">
    <skipped/>
  </testcase> <!-- @BeforeMethod methodsPreRequisites -->
  <testcase classname="sew.ai.runner.TestRunner" name="@AfterMethod tearDownMethods" time="0.0">
    <skipped/>
  </testcase> <!-- @AfterMethod tearDownMethods -->
  <testcase classname="sew.ai.runner.TestRunner" name="@BeforeMethod methodsPreRequisites" time="0.0">
    <skipped/>
  </testcase> <!-- @BeforeMethod methodsPreRequisites -->
  <testcase classname="sew.ai.runner.TestRunner" name="@AfterMethod tearDownMethods" time="0.0">
    <skipped/>
  </testcase> <!-- @AfterMethod tearDownMethods -->
  <testcase classname="sew.ai.runner.TestRunner" name="@BeforeMethod methodsPreRequisites" time="0.0">
    <skipped/>
  </testcase> <!-- @BeforeMethod methodsPreRequisites -->
  <testcase classname="sew.ai.runner.TestRunner" name="@AfterMethod tearDownMethods" time="0.0">
    <skipped/>
  </testcase> <!-- @AfterMethod tearDownMethods -->
  <testcase classname="sew.ai.runner.TestRunner" name="@BeforeMethod methodsPreRequisites" time="0.0">
    <skipped/>
  </testcase> <!-- @BeforeMethod methodsPreRequisites -->
  <testcase classname="sew.ai.runner.TestRunner" name="@AfterMethod tearDownMethods" time="0.0">
    <skipped/>
  </testcase> <!-- @AfterMethod tearDownMethods -->
  <testcase classname="sew.ai.runner.TestRunner" name="@BeforeMethod methodsPreRequisites" time="0.0">
    <skipped/>
  </testcase> <!-- @BeforeMethod methodsPreRequisites -->
  <testcase classname="sew.ai.runner.TestRunner" name="@AfterMethod tearDownMethods" time="0.0">
    <skipped/>
  </testcase> <!-- @AfterMethod tearDownMethods -->
  <testcase classname="sew.ai.runner.TestRunner" name="@BeforeMethod methodsPreRequisites" time="0.0">
    <skipped/>
  </testcase> <!-- @BeforeMethod methodsPreRequisites -->
  <testcase classname="sew.ai.runner.TestRunner" name="@AfterMethod tearDownMethods" time="0.0">
    <skipped/>
  </testcase> <!-- @AfterMethod tearDownMethods -->
  <testcase classname="sew.ai.runner.TestRunner" name="@BeforeMethod methodsPreRequisites" time="0.0">
    <skipped/>
  </testcase> <!-- @BeforeMethod methodsPreRequisites -->
  <testcase classname="sew.ai.runner.TestRunner" name="@AfterMethod tearDownMethods" time="0.0">
    <skipped/>
  </testcase> <!-- @AfterMethod tearDownMethods -->
  <testcase classname="sew.ai.runner.TestRunner" name="@AfterClass tearDownClasses" time="0.0">
    <skipped/>
  </testcase> <!-- @AfterClass tearDownClasses -->
  <testcase classname="sew.ai.runner.TestRunner" name="@BeforeClass classPreRequisites" time="-1.697015483596E9">
    <failure type="org.testng.TestNGException" message="
Parameter &amp;apos;platformType&amp;apos; is required by BeforeClass on method classPreRequisites but has not been marked @Optional or defined
">
      <![CDATA[org.testng.TestNGException: 
Parameter 'platformType' is required by BeforeClass on method classPreRequisites but has not been marked @Optional or defined

at java.base/java.util.ArrayList.forEach(ArrayList.java:1511)
... Removed 27 stack frames]]>
    </failure>
  </testcase> <!-- @BeforeClass classPreRequisites -->
  <testcase classname="sew.ai.runner.TestRunner" name="@BeforeMethod methodsPreRequisites" time="0.0">
    <skipped/>
  </testcase> <!-- @BeforeMethod methodsPreRequisites -->
  <testcase classname="sew.ai.runner.TestRunner" name="@AfterMethod tearDownMethods" time="0.0">
    <skipped/>
  </testcase> <!-- @AfterMethod tearDownMethods -->
  <testcase classname="sew.ai.runner.TestRunner" name="@BeforeMethod methodsPreRequisites" time="0.0">
    <skipped/>
  </testcase> <!-- @BeforeMethod methodsPreRequisites -->
  <testcase classname="sew.ai.runner.TestRunner" name="@AfterMethod tearDownMethods" time="0.0">
    <skipped/>
  </testcase> <!-- @AfterMethod tearDownMethods -->
  <testcase classname="sew.ai.runner.TestRunner" name="@AfterClass tearDownClasses" time="0.0">
    <skipped/>
  </testcase> <!-- @AfterClass tearDownClasses -->
  <testcase classname="sew.ai.runner.TestRunner" name="@BeforeClass classPreRequisites" time="-1.697015483598E9">
    <failure type="org.testng.TestNGException" message="
Parameter &amp;apos;platformType&amp;apos; is required by BeforeClass on method classPreRequisites but has not been marked @Optional or defined
">
      <![CDATA[org.testng.TestNGException: 
Parameter 'platformType' is required by BeforeClass on method classPreRequisites but has not been marked @Optional or defined

at java.base/java.util.ArrayList.forEach(ArrayList.java:1511)
... Removed 27 stack frames]]>
    </failure>
  </testcase> <!-- @BeforeClass classPreRequisites -->
  <testcase classname="sew.ai.runner.TestRunner" name="@BeforeMethod methodsPreRequisites" time="0.0">
    <skipped/>
  </testcase> <!-- @BeforeMethod methodsPreRequisites -->
  <testcase classname="sew.ai.runner.TestRunner" name="@AfterMethod tearDownMethods" time="0.0">
    <skipped/>
  </testcase> <!-- @AfterMethod tearDownMethods -->
  <testcase classname="sew.ai.runner.TestRunner" name="@BeforeMethod methodsPreRequisites" time="0.0">
    <skipped/>
  </testcase> <!-- @BeforeMethod methodsPreRequisites -->
  <testcase classname="sew.ai.runner.TestRunner" name="@AfterMethod tearDownMethods" time="0.0">
    <skipped/>
  </testcase> <!-- @AfterMethod tearDownMethods -->
  <testcase classname="sew.ai.runner.TestRunner" name="@BeforeMethod methodsPreRequisites" time="0.0">
    <skipped/>
  </testcase> <!-- @BeforeMethod methodsPreRequisites -->
  <testcase classname="sew.ai.runner.TestRunner" name="@AfterMethod tearDownMethods" time="0.0">
    <skipped/>
  </testcase> <!-- @AfterMethod tearDownMethods -->
  <testcase classname="sew.ai.runner.TestRunner" name="@BeforeMethod methodsPreRequisites" time="0.0">
    <skipped/>
  </testcase> <!-- @BeforeMethod methodsPreRequisites -->
  <testcase classname="sew.ai.runner.TestRunner" name="@AfterMethod tearDownMethods" time="0.0">
    <skipped/>
  </testcase> <!-- @AfterMethod tearDownMethods -->
  <testcase classname="sew.ai.runner.TestRunner" name="@BeforeMethod methodsPreRequisites" time="0.0">
    <skipped/>
  </testcase> <!-- @BeforeMethod methodsPreRequisites -->
[...]
    <skipped/>
  </testcase> <!-- verifyPersonalInfoSection -->
  <testcase classname="sew.ai.tests.scp.MyProfileTests" name="verifyValidationsProfileInformation" time="0.0">
    <skipped/>
  </testcase> <!-- verifyValidationsProfileInformation -->
  <testcase classname="sew.ai.tests.scp.MyProfileTests" name="verifyContactTypeProfileInformation" time="0.0">
    <skipped/>
  </testcase> <!-- verifyContactTypeProfileInformation -->
  <testcase classname="sew.ai.tests.scp.MyProfileTests" name="verifyUpdateProfileInformation" time="0.0">
    <skipped/>
  </testcase> <!-- verifyUpdateProfileInformation -->
  <testcase classname="sew.ai.tests.scp.MyProfileTests" name="validateChangeUsername" time="0.0">
    <skipped/>
  </testcase> <!-- validateChangeUsername -->
  <testcase classname="sew.ai.tests.scp.MyProfileTests" name="verifyChangeUsernameAcceptanceCriteria" time="0.0">
    <skipped/>
  </testcase> <!-- verifyChangeUsernameAcceptanceCriteria -->
  <testcase classname="sew.ai.tests.scp.MyProfileTests" name="verifyDownloadMyPersonalData" time="0.0">
    <skipped/>
  </testcase> <!-- verifyDownloadMyPersonalData -->
  <testcase classname="sew.ai.tests.scp.MyProfileTests" name="validationMsgAndChangeUsername" time="0.0">
    <skipped/>
  </testcase> <!-- validationMsgAndChangeUsername -->
  <testcase classname="sew.ai.tests.scp.MyProfileTests" name="verifyDefaultTimeZoneOfNewRegisteredUser" time="0.0">
    <skipped/>
  </testcase> <!-- verifyDefaultTimeZoneOfNewRegisteredUser -->
  <testcase classname="sew.ai.tests.scp.MyProfileTests" name="verifyDropdownOnLinkDeLinkAccounts" time="0.0">
    <skipped/>
  </testcase> <!-- verifyDropdownOnLinkDeLinkAccounts -->
  <testcase classname="sew.ai.tests.scp.MyProfileTests" name="verifyTimeZoneSaveFunctionality" time="0.0">
    <skipped/>
  </testcase> <!-- verifyTimeZoneSaveFunctionality -->
  <testcase classname="sew.ai.tests.scp.MyProfileTests" name="verifyDeleteMyProfile" time="0.0">
    <skipped/>
  </testcase> <!-- verifyDeleteMyProfile -->
  <testcase classname="sew.ai.tests.scp.MyProfileTests" name="verifyNewUserDownloadMyPersonalData" time="0.0">
    <skipped/>
  </testcase> <!-- verifyNewUserDownloadMyPersonalData -->
  <testcase classname="sew.ai.tests.scp.MyProfileTests" name="verifyChangeUsernameNotAvailable" time="0.0">
    <skipped/>
  </testcase> <!-- verifyChangeUsernameNotAvailable -->
  <testcase classname="sew.ai.tests.scp.MyProfileTests" name="verifyDefaultServiceAddress" time="0.0">
    <skipped/>
  </testcase> <!-- verifyDefaultServiceAddress -->
  <testcase classname="sew.ai.tests.scp.NotificationPreferenceTests" name="hideAndUnHideNotificationPreference" time="0.0">
    <skipped/>
  </testcase> <!-- hideAndUnHideNotificationPreference -->
  <testcase classname="sew.ai.tests.scp.NotificationPreferenceTests" name="verifyAddNotificationChannelFunctionality" time="0.0">
    <skipped/>
  </testcase> <!-- verifyAddNotificationChannelFunctionality -->
  <testcase classname="sew.ai.tests.scp.NotificationPreferenceTests" name="verifyNotificationAlertStatusAndNoImpactOfQuietHOursOnEmail" time="0.0">
    <skipped/>
  </testcase> <!-- verifyNotificationAlertStatusAndNoImpactOfQuietHOursOnEmail -->
  <testcase classname="sew.ai.tests.scp.NotificationPreferenceTests" name="verifyNotificationAlertsValidationMessages" time="0.0">
    <skipped/>
  </testcase> <!-- verifyNotificationAlertsValidationMessages -->
  <testcase classname="sew.ai.tests.scp.NotificationPreferenceTests" name="verifyNotificationInboxOnNoPreferenceAlert" time="0.0">
    <skipped/>
  </testcase> <!-- verifyNotificationInboxOnNoPreferenceAlert -->
  <testcase classname="sew.ai.tests.scp.NotificationPreferenceTests" name="verifyNotificationMaintainOnAccountLevel" time="0.0">
    <skipped/>
  </testcase> <!-- verifyNotificationMaintainOnAccountLevel -->
  <testcase classname="sew.ai.tests.scp.NotificationPreferenceTests" name="verifyNotificationMobileNumberEmailAddress" time="0.0">
    <skipped/>
  </testcase> <!-- verifyNotificationMobileNumberEmailAddress -->
  <testcase classname="sew.ai.tests.scp.NotificationPreferenceTests" name="verifyNotificationPreferenceForRegisteredUser" time="0.0">
    <skipped/>
  </testcase> <!-- verifyNotificationPreferenceForRegisteredUser -->
  <testcase classname="sew.ai.tests.scp.NotificationPreferenceTests" name="verifyNotificationPreferencePageObjects" time="0.0">
    <skipped/>
  </testcase> <!-- verifyNotificationPreferencePageObjects -->
  <testcase classname="sew.ai.tests.scp.NotificationPreferenceTests" name="verifyNotificationsChannelsValidations" time="0.0">
    <skipped/>
  </testcase> <!-- verifyNotificationsChannelsValidations -->
  <testcase classname="sew.ai.tests.scp.NotificationPreferenceTests" name="verifyQuietHoursFunctionalityAndUI" time="0.0">
    <skipped/>
  </testcase> <!-- verifyQuietHoursFunctionalityAndUI -->
  <testcase classname="sew.ai.tests.scp.NotificationPreferenceTests" name="verifyQuietHoursFunctionalityAndUIforEmailAddress" time="0.0">
    <skipped/>
  </testcase> <!-- verifyQuietHoursFunctionalityAndUIforEmailAddress -->
  <testcase classname="sew.ai.tests.scp.NotificationPreferenceTests" name="verifyTcpaCompliancePopup" time="0.0">
    <skipped/>
  </testcase> <!-- verifyTcpaCompliancePopup -->
  <testcase classname="sew.ai.tests.scp.NotificationTests" name="verifyNotificationsPageNavigationAndUI" time="0.0">
    <skipped/>
  </testcase> <!-- verifyNotificationsPageNavigationAndUI -->
  <testcase classname="sew.ai.tests.scp.NotificationTests" name="verifyOutageNotificationMails" time="0.0">
    <skipped/>
  </testcase> <!-- verifyOutageNotificationMails -->
  <testcase classname="sew.ai.tests.scp.PostLogConnectMeTests" name="verifyAttachmentsForSubmitingForm" time="0.0">
    <skipped/>
  </testcase> <!-- verifyAttachmentsForSubmitingForm -->
  <testcase classname="sew.ai.tests.scp.PostLogConnectMeTests" name="verifyPostLogCreateTrackContactReq" time="0.0">
    <skipped/>
  </testcase> <!-- verifyPostLogCreateTrackContactReq -->
  <testcase classname="sew.ai.tests.scp.PostLogConnectMeTests" name="verifyPostLoginConnectMePage" time="0.0">
    <skipped/>
  </testcase> <!-- verifyPostLoginConnectMePage -->
  <testcase classname="sew.ai.tests.scp.PostLogConnectMeTests" name="verifyPostLoginSavedFormsPage" time="0.0">
    <skipped/>
  </testcase> <!-- verifyPostLoginSavedFormsPage -->
  <testcase classname="sew.ai.tests.scp.PostLogConnectMeTests" name="verifyPostLoginSocialMediaPage" time="0.0">
    <skipped/>
  </testcase> <!-- verifyPostLoginSocialMediaPage -->
  <testcase classname="sew.ai.tests.scp.PostLogConnectMeTests" name="verifySubmitBillingQueryWithValidAttachment" time="0.0">
    <skipped/>
  </testcase> <!-- verifySubmitBillingQueryWithValidAttachment -->
  <testcase classname="sew.ai.tests.scp.PostLogServiceRequestTests" name="validatePostLogOthersReqPage" time="0.0">
    <skipped/>
  </testcase> <!-- validatePostLogOthersReqPage -->
  <testcase classname="sew.ai.tests.scp.PostLogServiceRequestTests" name="validatePostLogSavedServiceReq" time="0.0">
    <skipped/>
  </testcase> <!-- validatePostLogSavedServiceReq -->
  <testcase classname="sew.ai.tests.scp.PostLogServiceRequestTests" name="validatePostLogServiceReqPage" time="0.001">
    <skipped/>
  </testcase> <!-- validatePostLogServiceReqPage -->
  <testcase classname="sew.ai.tests.scp.PostLogServiceRequestTests" name="validatePostLogTrackReqPage" time="0.0">
    <skipped/>
  </testcase> <!-- validatePostLogTrackReqPage -->
  <testcase classname="sew.ai.tests.scp.PostLogServiceRequestTests" name="validatePostLoginMoveInPage" time="0.0">
    <skipped/>
  </testcase> <!-- validatePostLoginMoveInPage -->
  <testcase classname="sew.ai.tests.scp.PostLogServiceRequestTests" name="validatePostLoginMoveOutPage" time="0.0">
    <skipped/>
  </testcase> <!-- validatePostLoginMoveOutPage -->
  <testcase classname="sew.ai.tests.scp.PostLogServiceRequestTests" name="validatePostLoginServiceTransferReqPage" time="0.0">
    <skipped/>
  </testcase> <!-- validatePostLoginServiceTransferReqPage -->
  <testcase classname="sew.ai.tests.scp.PreLogConnectMeTests" name="verifyPreLogConnectMePage" time="0.0">
    <skipped/>
  </testcase> <!-- verifyPreLogConnectMePage -->
  <testcase classname="sew.ai.tests.scp.PreLogConnectMeTests" name="verifyPreLogTrackContactReq" time="0.0">
    <skipped/>
  </testcase> <!-- verifyPreLogTrackContactReq -->
  <testcase classname="sew.ai.tests.scp.PreLogConnectMeTests" name="verifyPreLoginConnectMeFaqModule" time="0.0">
    <skipped/>
  </testcase> <!-- verifyPreLoginConnectMeFaqModule -->
  <testcase classname="sew.ai.tests.scp.PreLogConnectMeTests" name="verifyPreLoginSavedFormsPage" time="0.0">
    <skipped/>
  </testcase> <!-- verifyPreLoginSavedFormsPage -->
  <testcase classname="sew.ai.tests.scp.PreLogConnectMeTests" name="verifyPreLoginSocialMediaPage" time="0.0">
    <skipped/>
  </testcase> <!-- verifyPreLoginSocialMediaPage -->
  <testcase classname="sew.ai.tests.scp.PreLogServiceRequestTests" name="validatePreLogMoveOutReqPage" time="0.0">
    <skipped/>
  </testcase> <!-- validatePreLogMoveOutReqPage -->
  <testcase classname="sew.ai.tests.scp.PreLogServiceRequestTests" name="validatePreLogOthersReqPage" time="0.0">
    <skipped/>
  </testcase> <!-- validatePreLogOthersReqPage -->
  <testcase classname="sew.ai.tests.scp.PreLogServiceRequestTests" name="validatePreLogSaveServiceReqPage" time="0.0">
    <skipped/>
  </testcase> <!-- validatePreLogSaveServiceReqPage -->
  <testcase classname="sew.ai.tests.scp.PreLogServiceRequestTests" name="validatePreLogServiceReqPage" time="0.0">
    <skipped/>
  </testcase> <!-- validatePreLogServiceReqPage -->
  <testcase classname="sew.ai.tests.scp.PreLogServiceRequestTests" name="validatePreLogServiceTransferReqPage" time="0.0">
    <skipped/>
  </testcase> <!-- validatePreLogServiceTransferReqPage -->
  <testcase classname="sew.ai.tests.scp.PreLogServiceRequestTests" name="validatePreLogTrackReqPage" time="0.0">
    <skipped/>
  </testcase> <!-- validatePreLogTrackReqPage -->
  <testcase classname="sew.ai.tests.scp.ProblemSigningInTest" name="validateProblemSignInPage" time="0.0">
    <skipped/>
  </testcase> <!-- validateProblemSignInPage -->
  <testcase classname="sew.ai.tests.scp.ProblemSigningInTest" name="verifyMinMaxValueProblemsSignIn" time="0.0">
    <skipped/>
  </testcase> <!-- verifyMinMaxValueProblemsSignIn -->
  <testcase classname="sew.ai.tests.scp.ProblemSigningInTest" name="verifyProbSignInReqForInactiveUser" time="0.0">
    <skipped/>
  </testcase> <!-- verifyProbSignInReqForInactiveUser -->
  <testcase classname="sew.ai.tests.scp.ProblemSigningInTest" name="verifyProblemSignInFieldValidations" time="0.0">
    <skipped/>
  </testcase> <!-- verifyProblemSignInFieldValidations -->
  <testcase classname="sew.ai.tests.scp.RegistrationTests" name="verifyCommercialRegistrationResidentialTemp" time="0.0">
    <skipped/>
  </testcase> <!-- verifyCommercialRegistrationResidentialTemp -->
  <testcase classname="sew.ai.tests.scp.RegistrationTests" name="verifyEmailFieldValidation" time="0.0">
    <skipped/>
  </testcase> <!-- verifyEmailFieldValidation -->
  <testcase classname="sew.ai.tests.scp.RegistrationTests" name="verifyFieldNotRetainValuesOnRegFail" time="0.0">
    <skipped/>
  </testcase> <!-- verifyFieldNotRetainValuesOnRegFail -->
  <testcase classname="sew.ai.tests.scp.RegistrationTests" name="verifyFieldValidationsCommercialTemp" time="0.0">
    <skipped/>
  </testcase> <!-- verifyFieldValidationsCommercialTemp -->
  <testcase classname="sew.ai.tests.scp.RegistrationTests" name="verifyFieldValidationsResidentialTemp" time="0.0">
    <skipped/>
  </testcase> <!-- verifyFieldValidationsResidentialTemp -->
  <testcase classname="sew.ai.tests.scp.RegistrationTests" name="verifyMultipleAccountsAfterCommercialRegistration" time="0.0">
    <skipped/>
  </testcase> <!-- verifyMultipleAccountsAfterCommercialRegistration -->
  <testcase classname="sew.ai.tests.scp.RegistrationTests" name="verifyMultipleAccountsAfterResidentialRegistration" time="0.0">
    <skipped/>
  </testcase> <!-- verifyMultipleAccountsAfterResidentialRegistration -->
  <testcase classname="sew.ai.tests.scp.RegistrationTests" name="verifyPasswordFieldValidations" time="0.0">
    <skipped/>
  </testcase> <!-- verifyPasswordFieldValidations -->
  <testcase classname="sew.ai.tests.scp.RegistrationTests" name="verifyPasswordMismatch" time="0.0">
    <skipped/>
  </testcase> <!-- verifyPasswordMismatch -->
  <testcase classname="sew.ai.tests.scp.RegistrationTests" name="verifyRegByInActiveAccount" time="0.0">
    <skipped/>
  </testcase> <!-- verifyRegByInActiveAccount -->
  <testcase classname="sew.ai.tests.scp.RegistrationTests" name="verifyRegByOptingBothPreferences" time="0.0">
    <skipped/>
  </testcase> <!-- verifyRegByOptingBothPreferences -->
  <testcase classname="sew.ai.tests.scp.RegistrationTests" name="verifyRegByOptingPaperBillPref" time="0.0">
    <skipped/>
  </testcase> <!-- verifyRegByOptingPaperBillPref -->
  <testcase classname="sew.ai.tests.scp.RegistrationTests" name="verifyRegByOptingPaperLessPref" time="0.0">
    <skipped/>
  </testcase> <!-- verifyRegByOptingPaperLessPref -->
  <testcase classname="sew.ai.tests.scp.RegistrationTests" name="verifyRegMFA_Validations" time="0.0">
    <skipped/>
  </testcase> <!-- verifyRegMFA_Validations -->
  <testcase classname="sew.ai.tests.scp.RegistrationTests" name="verifyRegistrationPageObjects" time="0.0">
    <skipped/>
  </testcase> <!-- verifyRegistrationPageObjects -->
  <testcase classname="sew.ai.tests.scp.RegistrationTests" name="verifyRegistrationTemplate" time="0.0">
    <skipped/>
  </testcase> <!-- verifyRegistrationTemplate -->
  <testcase classname="sew.ai.tests.scp.RegistrationTests" name="verifyResidentialRegistrationCommercialTemp" time="0.0">
    <skipped/>
  </testcase> <!-- verifyResidentialRegistrationCommercialTemp -->
  <testcase classname="sew.ai.tests.scp.RegistrationTests" name="verifyTabOrderForRegForm" time="0.0">
    <skipped/>
  </testcase> <!-- verifyTabOrderForRegForm -->
  <testcase classname="sew.ai.tests.scp.RegistrationUGITests" name="fillRegFormWithPaperLessBilling" time="0.0">
    <skipped/>
  </testcase> <!-- fillRegFormWithPaperLessBilling -->
  <testcase classname="sew.ai.tests.scp.UsagesTests" name="verifyElectricUsagePageObjects" time="0.0">
    <skipped/>
  </testcase> <!-- verifyElectricUsagePageObjects -->
  <testcase classname="sew.ai.tests.scp.UsagesTests" name="verifyWaterUsagePageObjects" time="0.0">
    <skipped/>
  </testcase> <!-- verifyWaterUsagePageObjects -->
  <testcase classname="sew.ai.tests.scp.UsagesTests" name="verifyGasUsagePageObjects" time="0.0">
    <skipped/>
  </testcase> <!-- verifyGasUsagePageObjects -->
  <testcase classname="sew.ai.tests.scp.UsagesTests" name="verifySolarUsagePageObjects" time="0.0">
    <skipped/>
  </testcase> <!-- verifySolarUsagePageObjects -->
  <testcase classname="sew.ai.tests.scp.UsagesTests" name="verifyMonthlyElectricUsageData" time="0.0">
    <skipped/>
  </testcase> <!-- verifyMonthlyElectricUsageData -->
  <testcase classname="sew.ai.tests.scp.UsagesTests" name="verifyDailyElectricUsageData" time="0.0">
    <skipped/>
  </testcase> <!-- verifyDailyElectricUsageData -->
  <testcase classname="sew.ai.tests.scp.UsagesTests" name="verifyHourlyElectricUsageData" time="0.0">
    <skipped/>
  </testcase> <!-- verifyHourlyElectricUsageData -->
  <testcase classname="sew.ai.tests.scp.UsagesTests" name="verifyMinutesElectricUsageData" time="0.0">
    <skipped/>
  </testcase> <!-- verifyMinutesElectricUsageData -->
  <testcase classname="sew.ai.tests.scp.UsagesTests" name="verifyMonthlyWaterUsageData" time="0.0">
    <skipped/>
  </testcase> <!-- verifyMonthlyWaterUsageData -->
  <testcase classname="sew.ai.tests.scp.UsagesTests" name="verifyDailyWaterUsageData" time="0.0">
    <skipped/>
  </testcase> <!-- verifyDailyWaterUsageData -->
  <testcase classname="sew.ai.tests.scp.UsagesTests" name="verifyHourlyWaterUsageData" time="0.0">
    <skipped/>
  </testcase> <!-- verifyHourlyWaterUsageData -->
  <testcase classname="sew.ai.tests.scp.UsagesTests" name="verifyMinutesWaterUsageData" time="0.002">
    <skipped/>
  </testcase> <!-- verifyMinutesWaterUsageData -->
  <testcase classname="sew.ai.tests.scp.UsagesTests" name="verifyMonthlyGasUsageData" time="0.0">
    <skipped/>
  </testcase> <!-- verifyMonthlyGasUsageData -->
  <testcase classname="sew.ai.tests.scp.UsagesTests" name="verifyDailyGasUsageData" time="0.0">
    <skipped/>
  </testcase> <!-- verifyDailyGasUsageData -->
  <testcase classname="sew.ai.tests.scp.UsagesTests" name="verifyHourlyGasUsageData" time="0.0">
    <skipped/>
  </testcase> <!-- verifyHourlyGasUsageData -->
  <testcase classname="sew.ai.tests.scp.UsagesTests" name="verifyMinutesGasUsageData" time="0.0">
    <skipped/>
  </testcase> <!-- verifyMinutesGasUsageData -->
  <testcase classname="sew.ai.tests.scp.UsagesTests" name="verifySolarUsageData" time="0.0">
    <skipped/>
  </testcase> <!-- verifySolarUsageData -->
  <testcase classname="sew.ai.tests.scp.UsagesTests" name="verifyExportToExcelElectricData" time="0.0">
    <skipped/>
  </testcase> <!-- verifyExportToExcelElectricData -->
  <testcase classname="sew.ai.tests.scp.UsagesTests" name="verifyExportToExcelWaterData" time="0.0">
    <skipped/>
  </testcase> <!-- verifyExportToExcelWaterData -->
  <testcase classname="sew.ai.tests.scp.UsagesTests" name="verifyExportToExcelGasData" time="0.0">
    <skipped/>
  </testcase> <!-- verifyExportToExcelGasData -->
  <testcase classname="sew.ai.tests.scp.UsagesTests" name="verifyExportToExcelGenerationData" time="0.0">
    <skipped/>
  </testcase> <!-- verifyExportToExcelGenerationData -->
  <testcase classname="sew.ai.tests.scp.UsagesTests" name="verifyElectricUsageColorLogic" time="0.0">
    <skipped/>
  </testcase> <!-- verifyElectricUsageColorLogic -->
  <testcase classname="sew.ai.tests.scp.UsagesTests" name="verifyWaterUsageColorLogic" time="0.0">
    <skipped/>
  </testcase> <!-- verifyWaterUsageColorLogic -->
  <testcase classname="sew.ai.tests.scp.UsagesTests" name="verifyGasUsageColorLogic" time="0.0">
    <skipped/>
  </testcase> <!-- verifyGasUsageColorLogic -->
  <testcase classname="sew.ai.tests.scp.UsagesTests" name="verifyAverageHighestElectricUsage" time="0.0">
    <skipped/>
  </testcase> <!-- verifyAverageHighestElectricUsage -->
  <testcase classname="sew.ai.tests.scp.UsagesTests" name="verifyAverageHighestWaterUsage" time="0.0">
    <skipped/>
  </testcase> <!-- verifyAverageHighestWaterUsage -->
  <testcase classname="sew.ai.tests.scp.UsagesTests" name="verifyAverageHighestGasUsage" time="0.0">
    <skipped/>
  </testcase> <!-- verifyAverageHighestGasUsage -->
  <testcase classname="sew.ai.tests.scp.UsagesTests" name="verifySoFarProjectedElectricUsage" time="0.0">
    <skipped/>
  </testcase> <!-- verifySoFarProjectedElectricUsage -->
  <testcase classname="sew.ai.tests.scp.UsagesTests" name="verifyWeatherOverlayElectricData" time="0.0">
    <skipped/>
  </testcase> <!-- verifyWeatherOverlayElectricData -->
  <testcase classname="sew.ai.tests.scp.UsagesTests" name="verifySoFarProjectedWaterUsage" time="0.0">
    <skipped/>
  </testcase> <!-- verifySoFarProjectedWaterUsage -->
  <testcase classname="sew.ai.tests.scp.UsagesTests" name="verifySoFarProjectedGasUsage" time="0.0">
    <skipped/>
  </testcase> <!-- verifySoFarProjectedGasUsage -->
  <testcase classname="sew.test.scp.LoginSewTests" name="BillingQuery" time="0.0">
    <skipped/>
  </testcase> <!-- BillingQuery -->
  <testcase classname="sew.test.scp.LoginSewTests" name="makePayment" time="0.0">
    <skipped/>
  </testcase> <!-- makePayment -->
  <testcase classname="sew.test.scp.LoginSewTests" name="usageOverview" time="0.0">
    <skipped/>
  </testcase> <!-- usageOverview -->
</testsuite> <!-- Surefire test -->
