<?xml version="1.0" encoding="UTF-8"?>
<!-- Generated by org.testng.reporters.JUnitXMLReporter -->
<testsuite ignored="0" hostname="USVXKAYO2T" failures="0" tests="13" name="Default test" time="0.129" errors="0" timestamp="2024-06-03T15:26:30 IST">
  <testcase classname="sew.ai.runner.TestRunner" name="@BeforeTest testPreRequisites" time="0.016">
    <failure type="java.lang.NullPointerException" message="Cannot invoke &amp;quot;String.equalsIgnoreCase(String)&amp;quot; because &amp;quot;platformType&amp;quot; is null">
      <![CDATA[java.lang.NullPointerException: Cannot invoke "String.equalsIgnoreCase(String)" because "platformType" is null
at sew.ai.runner.TestRunner.testPreRequisites(TestRunner.java:25)
at java.base/jdk.internal.reflect.DirectMethodHandleAccessor.invoke(DirectMethodHandleAccessor.java:103)
at java.base/java.lang.reflect.Method.invoke(Method.java:580)
at org.testng.internal.invokers.MethodInvocationHelper.invokeMethod(MethodInvocationHelper.java:139)
at org.testng.internal.invokers.MethodInvocationHelper.invokeMethodConsideringTimeout(MethodInvocationHelper.java:69)
at org.testng.internal.invokers.ConfigInvoker.invokeConfigurationMethod(ConfigInvoker.java:390)
at org.testng.internal.invokers.ConfigInvoker.invokeConfigurations(ConfigInvoker.java:325)
at org.testng.TestRunner.invokeTestConfigurations(TestRunner.java:663)
at org.testng.TestRunner.beforeRun(TestRunner.java:652)
at org.testng.TestRunner.run(TestRunner.java:614)
at org.testng.SuiteRunner.runTest(SuiteRunner.java:443)
at org.testng.SuiteRunner.runSequentially(SuiteRunner.java:437)
at org.testng.SuiteRunner.privateRun(SuiteRunner.java:397)
at org.testng.SuiteRunner.run(SuiteRunner.java:336)
at org.testng.SuiteRunnerWorker.runSuite(SuiteRunnerWorker.java:52)
at org.testng.SuiteRunnerWorker.run(SuiteRunnerWorker.java:95)
at org.testng.TestNG.runSuitesSequentially(TestNG.java:1280)
at org.testng.TestNG.runSuitesLocally(TestNG.java:1200)
at org.testng.TestNG.runSuites(TestNG.java:1114)
at org.testng.TestNG.run(TestNG.java:1082)
at org.testng.remote.AbstractRemoteTestNG.run(AbstractRemoteTestNG.java:115)
at org.testng.remote.RemoteTestNG.initAndRun(RemoteTestNG.java:293)
at org.testng.remote.RemoteTestNG.main(RemoteTestNG.java:91)
]]>
    </failure>
  </testcase> <!-- @BeforeTest testPreRequisites -->
  <testcase classname="sew.ai.runner.TestRunner" name="@BeforeClass classPreRequisites" time="0.0">
    <skipped/>
  </testcase> <!-- @BeforeClass classPreRequisites -->
  <testcase classname="sew.ai.runner.TestRunner" name="@BeforeMethod methodsPreRequisites" time="0.0">
    <skipped/>
  </testcase> <!-- @BeforeMethod methodsPreRequisites -->
  <testcase classname="sew.ai.runner.TestRunner" name="@AfterMethod tearDownMethods" time="0.0">
    <skipped/>
  </testcase> <!-- @AfterMethod tearDownMethods -->
  <testcase classname="sew.ai.runner.TestRunner" name="@BeforeMethod methodsPreRequisites" time="0.0">
    <skipped/>
  </testcase> <!-- @BeforeMethod methodsPreRequisites -->
  <testcase classname="sew.ai.runner.TestRunner" name="@AfterMethod tearDownMethods" time="0.0">
    <skipped/>
  </testcase> <!-- @AfterMethod tearDownMethods -->
  <testcase classname="sew.ai.runner.TestRunner" name="@BeforeMethod methodsPreRequisites" time="0.0">
    <skipped/>
  </testcase> <!-- @BeforeMethod methodsPreRequisites -->
  <testcase classname="sew.ai.runner.TestRunner" name="@AfterMethod tearDownMethods" time="0.0">
    <skipped/>
  </testcase> <!-- @AfterMethod tearDownMethods -->
  <testcase classname="sew.ai.runner.TestRunner" name="@BeforeMethod methodsPreRequisites" time="0.0">
    <skipped/>
  </testcase> <!-- @BeforeMethod methodsPreRequisites -->
  <testcase classname="sew.ai.runner.TestRunner" name="@AfterMethod tearDownMethods" time="0.0">
    <skipped/>
  </testcase> <!-- @AfterMethod tearDownMethods -->
  <testcase classname="sew.ai.runner.TestRunner" name="@BeforeMethod methodsPreRequisites" time="0.0">
    <skipped/>
  </testcase> <!-- @BeforeMethod methodsPreRequisites -->
  <testcase classname="sew.ai.runner.TestRunner" name="@AfterMethod tearDownMethods" time="0.0">
    <skipped/>
  </testcase> <!-- @AfterMethod tearDownMethods -->
  <testcase classname="sew.ai.runner.TestRunner" name="@BeforeMethod methodsPreRequisites" time="0.0">
    <skipped/>
  </testcase> <!-- @BeforeMethod methodsPreRequisites -->
  <testcase classname="sew.ai.runner.TestRunner" name="@AfterMethod tearDownMethods" time="0.0">
    <skipped/>
  </testcase> <!-- @AfterMethod tearDownMethods -->
  <testcase classname="sew.ai.runner.TestRunner" name="@BeforeMethod methodsPreRequisites" time="0.0">
    <skipped/>
  </testcase> <!-- @BeforeMethod methodsPreRequisites -->
  <testcase classname="sew.ai.runner.TestRunner" name="@AfterMethod tearDownMethods" time="0.0">
    <skipped/>
  </testcase> <!-- @AfterMethod tearDownMethods -->
  <testcase classname="sew.ai.runner.TestRunner" name="@BeforeMethod methodsPreRequisites" time="0.0">
    <skipped/>
  </testcase> <!-- @BeforeMethod methodsPreRequisites -->
  <testcase classname="sew.ai.runner.TestRunner" name="@AfterMethod tearDownMethods" time="0.0">
    <skipped/>
  </testcase> <!-- @AfterMethod tearDownMethods -->
  <testcase classname="sew.ai.runner.TestRunner" name="@BeforeMethod methodsPreRequisites" time="0.0">
    <skipped/>
  </testcase> <!-- @BeforeMethod methodsPreRequisites -->
  <testcase classname="sew.ai.runner.TestRunner" name="@AfterMethod tearDownMethods" time="0.0">
    <skipped/>
  </testcase> <!-- @AfterMethod tearDownMethods -->
  <testcase classname="sew.ai.runner.TestRunner" name="@BeforeMethod methodsPreRequisites" time="0.0">
    <skipped/>
  </testcase> <!-- @BeforeMethod methodsPreRequisites -->
  <testcase classname="sew.ai.runner.TestRunner" name="@AfterMethod tearDownMethods" time="0.0">
    <skipped/>
  </testcase> <!-- @AfterMethod tearDownMethods -->
  <testcase classname="sew.ai.runner.TestRunner" name="@BeforeMethod methodsPreRequisites" time="0.0">
    <skipped/>
  </testcase> <!-- @BeforeMethod methodsPreRequisites -->
  <testcase classname="sew.ai.runner.TestRunner" name="@AfterMethod tearDownMethods" time="0.0">
    <skipped/>
  </testcase> <!-- @AfterMethod tearDownMethods -->
  <testcase classname="sew.ai.runner.TestRunner" name="@BeforeMethod methodsPreRequisites" time="0.0">
    <skipped/>
  </testcase> <!-- @BeforeMethod methodsPreRequisites -->
  <testcase classname="sew.ai.runner.TestRunner" name="@AfterMethod tearDownMethods" time="0.0">
    <skipped/>
  </testcase> <!-- @AfterMethod tearDownMethods -->
  <testcase classname="sew.ai.runner.TestRunner" name="@BeforeMethod methodsPreRequisites" time="0.0">
    <skipped/>
  </testcase> <!-- @BeforeMethod methodsPreRequisites -->
  <testcase classname="sew.ai.runner.TestRunner" name="@AfterMethod tearDownMethods" time="0.0">
    <skipped/>
  </testcase> <!-- @AfterMethod tearDownMethods -->
  <testcase classname="sew.ai.runner.TestRunner" name="@AfterClass tearDownClasses" time="0.0">
    <skipped/>
  </testcase> <!-- @AfterClass tearDownClasses -->
  <testcase classname="demo.tests.scp.LoginTests" name="verifyLoginPageObjects" time="0.0">
    <skipped/>
  </testcase> <!-- verifyLoginPageObjects -->
  <testcase classname="demo.tests.scp.LoginTests" name="verifyValidLogin" time="0.0">
    <skipped/>
  </testcase> <!-- verifyValidLogin -->
  <testcase classname="demo.tests.scp.LoginTests" name="verifyInvalidLogin" time="0.0">
    <skipped/>
  </testcase> <!-- verifyInvalidLogin -->
  <testcase classname="demo.tests.scp.LoginTests" name="verifyRememberMeLoginFunctionality" time="0.001">
    <skipped/>
  </testcase> <!-- verifyRememberMeLoginFunctionality -->
  <testcase classname="demo.tests.scp.LoginTests" name="verifyLoginWithDeactiveUser" time="0.0">
    <skipped/>
  </testcase> <!-- verifyLoginWithDeactiveUser -->
  <testcase classname="demo.tests.scp.LoginTests" name="verifyLoginWithClosedAccounts" time="0.001">
    <skipped/>
  </testcase> <!-- verifyLoginWithClosedAccounts -->
  <testcase classname="demo.tests.scp.LoginTests" name="verifySwitchLanguageFunctionality" time="0.0">
    <skipped/>
  </testcase> <!-- verifySwitchLanguageFunctionality -->
  <testcase classname="demo.tests.scp.LoginTests" name="verifyAccountBlockOnLogin" time="0.0">
    <skipped/>
  </testcase> <!-- verifyAccountBlockOnLogin -->
  <testcase classname="demo.tests.scp.LoginTests" name="verifyIPBlockOnLogin" time="0.0">
    <skipped/>
  </testcase> <!-- verifyIPBlockOnLogin -->
  <testcase classname="demo.tests.scp.LoginTests" name="verifyEfficiencyWidgetsProgram" time="0.0">
    <skipped/>
  </testcase> <!-- verifyEfficiencyWidgetsProgram -->
  <testcase classname="demo.tests.scp.LoginTests" name="verifyChatWindow" time="0.0">
    <skipped/>
  </testcase> <!-- verifyChatWindow -->
  <testcase classname="demo.tests.scp.LoginTests" name="verifyLoginForMigratedUser" time="0.0">
    <skipped/>
  </testcase> <!-- verifyLoginForMigratedUser -->
  <testcase classname="demo.tests.scp.LoginTests" name="verifyUsernamePasswordAcceptanceCriteria" time="0.0">
    <skipped/>
  </testcase> <!-- verifyUsernamePasswordAcceptanceCriteria -->
</testsuite> <!-- Default test -->
