<?xml version="1.0" encoding="UTF-8"?>
<testng-results ignored="0" total="79" passed="53" failed="26" skipped="0">
  <reporter-output>
  </reporter-output>
  <suite started-at="2024-06-24T14:35:12 IST" name="Test Execution" finished-at="2024-06-24T15:44:28 IST" duration-ms="4155861">
    <groups>
    </groups>
    <test started-at="2024-06-24T14:35:12 IST" name="E2E Test Suite On Web - Chrome" finished-at="2024-06-24T15:44:28 IST" duration-ms="4155861">
      <class name="demo.tests.scp.MyProfileTests">
        <test-method is-config="true" signature="methodsPreRequisites(java.lang.String,java.lang.String,java.lang.String,java.lang.String)[pri:0, instance:demo.tests.scp.MyProfileTests@5d05ef57]" started-at="2024-06-24T14:50:57 IST" name="methodsPreRequisites" finished-at="2024-06-24T14:51:06 IST" duration-ms="9235" status="PASS">
          <params>
            <param index="0">
              <value>
                <![CDATA[web]]>
              </value>
            </param>
            <param index="1">
              <value>
                <![CDATA[chrome]]>
              </value>
            </param>
            <param index="2">
              <value>
                <![CDATA[scp]]>
              </value>
            </param>
            <param index="3">
              <value is-null="true"/>
            </param>
          </params>
          <reporter-output>
          </reporter-output>
        </test-method> <!-- methodsPreRequisites -->
        <test-method is-config="true" signature="classPreRequisites(java.lang.String,java.lang.String,java.lang.String)[pri:0, instance:demo.tests.scp.MyProfileTests@5d05ef57]" started-at="2024-06-24T14:50:57 IST" name="classPreRequisites" finished-at="2024-06-24T14:50:57 IST" duration-ms="0" status="PASS">
          <params>
            <param index="0">
              <value>
                <![CDATA[web]]>
              </value>
            </param>
            <param index="1">
              <value>
                <![CDATA[chrome]]>
              </value>
            </param>
            <param index="2">
              <value is-null="true"/>
            </param>
          </params>
          <reporter-output>
          </reporter-output>
        </test-method> <!-- classPreRequisites -->
        <test-method signature="verifyDownloadMyProfilePersonalData()[pri:0, instance:demo.tests.scp.MyProfileTests@5d05ef57]" started-at="2024-06-24T14:51:06 IST" name="verifyDownloadMyProfilePersonalData" description="Verify that User is able to download personal information or Data." finished-at="2024-06-24T14:51:43 IST" duration-ms="36762" status="FAIL">
          <exception class="org.openqa.selenium.NoSuchElementException">
            <message>
              <![CDATA[no such element: Unable to locate element: {"method":"css selector","selector":"a[globalize='ML_ACCOUNT_Lnk_DownloadData']"}
  (Session info: chrome=126.0.6478.114)
For documentation on this error, please visit: https://www.selenium.dev/documentation/webdriver/troubleshooting/errors#no-such-element-exception
Build info: version: '4.13.0', revision: 'ba948ece5b*'
System info: os.name: 'Windows 11', os.arch: 'amd64', os.version: '10.0', java.version: '21.0.2'
Driver info: org.openqa.selenium.chrome.ChromeDriver
Command: [b649d9954bcd1328d697d2751327e0f6, findElement {using=css selector, value=a[globalize='ML_ACCOUNT_Lnk_DownloadData']}]
Capabilities {acceptInsecureCerts: false, browserName: chrome, browserVersion: 126.0.6478.114, chrome: {chromedriverVersion: 126.0.6478.63 (df799988fdc9..., userDataDir: C:\Windows\SystemTemp\scope...}, fedcm:accounts: true, goog:chromeOptions: {debuggerAddress: localhost:51387}, networkConnectionEnabled: false, pageLoadStrategy: normal, platformName: windows, proxy: Proxy(), se:cdp: ws://localhost:51387/devtoo..., se:cdpVersion: 126.0.6478.114, setWindowRect: true, strictFileInteractability: false, timeouts: {implicit: 0, pageLoad: 300000, script: 30000}, unhandledPromptBehavior: dismiss and notify, webauthn:extension:credBlob: true, webauthn:extension:largeBlob: true, webauthn:extension:minPinLength: true, webauthn:extension:prf: true, webauthn:virtualAuthenticators: true}
Session ID: b649d9954bcd1328d697d2751327e0f6]]>
            </message>
            <full-stacktrace>
              <![CDATA[org.openqa.selenium.NoSuchElementException: no such element: Unable to locate element: {"method":"css selector","selector":"a[globalize='ML_ACCOUNT_Lnk_DownloadData']"}
  (Session info: chrome=126.0.6478.114)
For documentation on this error, please visit: https://www.selenium.dev/documentation/webdriver/troubleshooting/errors#no-such-element-exception
Build info: version: '4.13.0', revision: 'ba948ece5b*'
System info: os.name: 'Windows 11', os.arch: 'amd64', os.version: '10.0', java.version: '21.0.2'
Driver info: org.openqa.selenium.chrome.ChromeDriver
Command: [b649d9954bcd1328d697d2751327e0f6, findElement {using=css selector, value=a[globalize='ML_ACCOUNT_Lnk_DownloadData']}]
Capabilities {acceptInsecureCerts: false, browserName: chrome, browserVersion: 126.0.6478.114, chrome: {chromedriverVersion: 126.0.6478.63 (df799988fdc9..., userDataDir: C:\Windows\SystemTemp\scope...}, fedcm:accounts: true, goog:chromeOptions: {debuggerAddress: localhost:51387}, networkConnectionEnabled: false, pageLoadStrategy: normal, platformName: windows, proxy: Proxy(), se:cdp: ws://localhost:51387/devtoo..., se:cdpVersion: 126.0.6478.114, setWindowRect: true, strictFileInteractability: false, timeouts: {implicit: 0, pageLoad: 300000, script: 30000}, unhandledPromptBehavior: dismiss and notify, webauthn:extension:credBlob: true, webauthn:extension:largeBlob: true, webauthn:extension:minPinLength: true, webauthn:extension:prf: true, webauthn:virtualAuthenticators: true}
Session ID: b649d9954bcd1328d697d2751327e0f6
at java.base/jdk.internal.reflect.DirectConstructorHandleAccessor.newInstance(DirectConstructorHandleAccessor.java:62)
at java.base/java.lang.reflect.Constructor.newInstanceWithCaller(Constructor.java:502)
at java.base/java.lang.reflect.Constructor.newInstance(Constructor.java:486)
at org.openqa.selenium.remote.codec.w3c.W3CHttpResponseCodec.createException(W3CHttpResponseCodec.java:200)
at org.openqa.selenium.remote.codec.w3c.W3CHttpResponseCodec.decode(W3CHttpResponseCodec.java:133)
at org.openqa.selenium.remote.codec.w3c.W3CHttpResponseCodec.decode(W3CHttpResponseCodec.java:52)
at org.openqa.selenium.remote.HttpCommandExecutor.execute(HttpCommandExecutor.java:191)
at org.openqa.selenium.remote.service.DriverCommandExecutor.invokeExecute(DriverCommandExecutor.java:196)
at org.openqa.selenium.remote.service.DriverCommandExecutor.execute(DriverCommandExecutor.java:171)
at org.openqa.selenium.remote.RemoteWebDriver.execute(RemoteWebDriver.java:602)
at org.openqa.selenium.remote.ElementLocation$ElementFinder$2.findElement(ElementLocation.java:165)
at org.openqa.selenium.remote.ElementLocation.findElement(ElementLocation.java:59)
at org.openqa.selenium.remote.RemoteWebDriver.findElement(RemoteWebDriver.java:359)
at org.openqa.selenium.remote.RemoteWebDriver.findElement(RemoteWebDriver.java:353)
at org.openqa.selenium.support.pagefactory.DefaultElementLocator.findElement(DefaultElementLocator.java:68)
at org.openqa.selenium.support.pagefactory.internal.LocatingElementHandler.invoke(LocatingElementHandler.java:38)
at jdk.proxy2/jdk.proxy2.$Proxy33.isDisplayed(Unknown Source)
at sew.ai.driver.Page.isElementVisible(Page.java:303)
at demo.pageobjects.MyProfilePage.isDownloadMyDataVisible(MyProfilePage.java:968)
at demo.steps.scp.MyProfileSteps.verifyDownloadMyProfilePersonalData(MyProfileSteps.java:91)
at demo.tests.scp.MyProfileTests.verifyDownloadMyProfilePersonalData(MyProfileTests.java:95)
at java.base/jdk.internal.reflect.DirectMethodHandleAccessor.invoke(DirectMethodHandleAccessor.java:103)
at java.base/java.lang.reflect.Method.invoke(Method.java:580)
at org.testng.internal.invokers.MethodInvocationHelper.invokeMethod(MethodInvocationHelper.java:139)
at org.testng.internal.invokers.TestInvoker.invokeMethod(TestInvoker.java:664)
at org.testng.internal.invokers.TestInvoker.invokeTestMethod(TestInvoker.java:227)
at org.testng.internal.invokers.MethodRunner.runInSequence(MethodRunner.java:50)
at org.testng.internal.invokers.TestInvoker$MethodInvocationAgent.invoke(TestInvoker.java:957)
at org.testng.internal.invokers.TestInvoker.invokeTestMethods(TestInvoker.java:200)
at org.testng.internal.invokers.TestMethodWorker.invokeTestMethods(TestMethodWorker.java:148)
at org.testng.internal.invokers.TestMethodWorker.run(TestMethodWorker.java:128)
at java.base/java.util.ArrayList.forEach(ArrayList.java:1596)
at org.testng.TestRunner.privateRun(TestRunner.java:848)
at org.testng.TestRunner.run(TestRunner.java:621)
at org.testng.SuiteRunner.runTest(SuiteRunner.java:443)
at org.testng.SuiteRunner.runSequentially(SuiteRunner.java:437)
at org.testng.SuiteRunner.privateRun(SuiteRunner.java:397)
at org.testng.SuiteRunner.run(SuiteRunner.java:336)
at org.testng.SuiteRunnerWorker.runSuite(SuiteRunnerWorker.java:52)
at org.testng.SuiteRunnerWorker.run(SuiteRunnerWorker.java:95)
at org.testng.TestNG.runSuitesSequentially(TestNG.java:1280)
at org.testng.TestNG.runSuitesLocally(TestNG.java:1200)
at org.testng.TestNG.runSuites(TestNG.java:1114)
at org.testng.TestNG.run(TestNG.java:1082)
at org.testng.remote.AbstractRemoteTestNG.run(AbstractRemoteTestNG.java:115)
at org.testng.remote.RemoteTestNG.initAndRun(RemoteTestNG.java:293)
at org.testng.remote.RemoteTestNG.main(RemoteTestNG.java:91)
]]>
            </full-stacktrace>
          </exception> <!-- org.openqa.selenium.NoSuchElementException -->
          <reporter-output>
          </reporter-output>
        </test-method> <!-- verifyDownloadMyProfilePersonalData -->
        <test-method is-config="true" signature="tearDownMethods(org.testng.ITestResult)[pri:0, instance:demo.tests.scp.MyProfileTests@5d05ef57]" started-at="2024-06-24T14:51:43 IST" name="tearDownMethods" finished-at="2024-06-24T14:51:44 IST" duration-ms="870" status="PASS">
          <params>
            <param index="0">
              <value>
                <![CDATA[[TestResult name=verifyDownloadMyProfilePersonalData status=FAILURE method=MyProfileTests.verifyDownloadMyProfilePersonalData()[pri:0, instance:demo.tests.scp.MyProfileTests@5d05ef57] output={null}]]]>
              </value>
            </param>
          </params>
          <reporter-output>
          </reporter-output>
        </test-method> <!-- tearDownMethods -->
        <test-method is-config="true" signature="methodsPreRequisites(java.lang.String,java.lang.String,java.lang.String,java.lang.String)[pri:0, instance:demo.tests.scp.MyProfileTests@5d05ef57]" started-at="2024-06-24T14:51:44 IST" name="methodsPreRequisites" finished-at="2024-06-24T14:51:54 IST" duration-ms="9925" status="PASS">
          <params>
            <param index="0">
              <value>
                <![CDATA[web]]>
              </value>
            </param>
            <param index="1">
              <value>
                <![CDATA[chrome]]>
              </value>
            </param>
            <param index="2">
              <value>
                <![CDATA[scp]]>
              </value>
            </param>
            <param index="3">
              <value is-null="true"/>
            </param>
          </params>
          <reporter-output>
          </reporter-output>
        </test-method> <!-- methodsPreRequisites -->
        <test-method signature="verifyMyProfileInformationPageUI()[pri:0, instance:demo.tests.scp.MyProfileTests@5d05ef57]" started-at="2024-06-24T14:51:54 IST" name="verifyMyProfileInformationPageUI" description="To verify that UI And Objects on the My Account-&gt; Profile Page." finished-at="2024-06-24T14:52:23 IST" duration-ms="29075" status="PASS">
          <reporter-output>
          </reporter-output>
        </test-method> <!-- verifyMyProfileInformationPageUI -->
        <test-method is-config="true" signature="tearDownMethods(org.testng.ITestResult)[pri:0, instance:demo.tests.scp.MyProfileTests@5d05ef57]" started-at="2024-06-24T14:52:23 IST" name="tearDownMethods" finished-at="2024-06-24T14:52:24 IST" duration-ms="819" status="PASS">
          <params>
            <param index="0">
              <value>
                <![CDATA[[TestResult name=verifyMyProfileInformationPageUI status=SUCCESS method=MyProfileTests.verifyMyProfileInformationPageUI()[pri:0, instance:demo.tests.scp.MyProfileTests@5d05ef57] output={null}]]]>
              </value>
            </param>
          </params>
          <reporter-output>
          </reporter-output>
        </test-method> <!-- tearDownMethods -->
        <test-method is-config="true" signature="methodsPreRequisites(java.lang.String,java.lang.String,java.lang.String,java.lang.String)[pri:0, instance:demo.tests.scp.MyProfileTests@5d05ef57]" started-at="2024-06-24T14:52:24 IST" name="methodsPreRequisites" finished-at="2024-06-24T14:52:34 IST" duration-ms="10483" status="PASS">
          <params>
            <param index="0">
              <value>
                <![CDATA[web]]>
              </value>
            </param>
            <param index="1">
              <value>
                <![CDATA[chrome]]>
              </value>
            </param>
            <param index="2">
              <value>
                <![CDATA[scp]]>
              </value>
            </param>
            <param index="3">
              <value is-null="true"/>
            </param>
          </params>
          <reporter-output>
          </reporter-output>
        </test-method> <!-- methodsPreRequisites -->
        <test-method signature="verifyNegativeValidationForMyProfilePage()[pri:0, instance:demo.tests.scp.MyProfileTests@5d05ef57]" started-at="2024-06-24T14:52:34 IST" name="verifyNegativeValidationForMyProfilePage" description="To verify Negative Validation on the My Account-&gt; Profile Page." finished-at="2024-06-24T14:53:00 IST" duration-ms="25454" status="PASS">
          <reporter-output>
          </reporter-output>
        </test-method> <!-- verifyNegativeValidationForMyProfilePage -->
        <test-method is-config="true" signature="tearDownMethods(org.testng.ITestResult)[pri:0, instance:demo.tests.scp.MyProfileTests@5d05ef57]" started-at="2024-06-24T14:53:00 IST" name="tearDownMethods" finished-at="2024-06-24T14:53:01 IST" duration-ms="860" status="PASS">
          <params>
            <param index="0">
              <value>
                <![CDATA[[TestResult name=verifyNegativeValidationForMyProfilePage status=SUCCESS method=MyProfileTests.verifyNegativeValidationForMyProfilePage()[pri:0, instance:demo.tests.scp.MyProfileTests@5d05ef57] output={null}]]]>
              </value>
            </param>
          </params>
          <reporter-output>
          </reporter-output>
        </test-method> <!-- tearDownMethods -->
        <test-method is-config="true" signature="tearDownClasses()[pri:0, instance:demo.tests.scp.MyProfileTests@5d05ef57]" started-at="2024-06-24T14:53:01 IST" name="tearDownClasses" finished-at="2024-06-24T14:53:01 IST" duration-ms="0" status="PASS">
          <reporter-output>
          </reporter-output>
        </test-method> <!-- tearDownClasses -->
      </class> <!-- demo.tests.scp.MyProfileTests -->
      <class name="demo.tests.scp.AccountInformationTests">
        <test-method is-config="true" signature="methodsPreRequisites(java.lang.String,java.lang.String,java.lang.String,java.lang.String)[pri:0, instance:demo.tests.scp.AccountInformationTests@23cd4ff2]" started-at="2024-06-24T15:26:51 IST" name="methodsPreRequisites" finished-at="2024-06-24T15:27:03 IST" duration-ms="11818" status="PASS">
          <params>
            <param index="0">
              <value>
                <![CDATA[web]]>
              </value>
            </param>
            <param index="1">
              <value>
                <![CDATA[chrome]]>
              </value>
            </param>
            <param index="2">
              <value>
                <![CDATA[scp]]>
              </value>
            </param>
            <param index="3">
              <value is-null="true"/>
            </param>
          </params>
          <reporter-output>
          </reporter-output>
        </test-method> <!-- methodsPreRequisites -->
        <test-method is-config="true" signature="classPreRequisites(java.lang.String,java.lang.String,java.lang.String)[pri:0, instance:demo.tests.scp.AccountInformationTests@23cd4ff2]" started-at="2024-06-24T15:26:51 IST" name="classPreRequisites" finished-at="2024-06-24T15:26:51 IST" duration-ms="0" status="PASS">
          <params>
            <param index="0">
              <value>
                <![CDATA[web]]>
              </value>
            </param>
            <param index="1">
              <value>
                <![CDATA[chrome]]>
              </value>
            </param>
            <param index="2">
              <value is-null="true"/>
            </param>
          </params>
          <reporter-output>
          </reporter-output>
        </test-method> <!-- classPreRequisites -->
        <test-method signature="verifyEditFunctionality()[pri:1, instance:demo.tests.scp.AccountInformationTests@23cd4ff2]" started-at="2024-06-24T15:27:03 IST" name="verifyEditFunctionality" description="To verify the dashboard page objects after login." finished-at="2024-06-24T15:27:50 IST" duration-ms="46601" status="PASS">
          <reporter-output>
          </reporter-output>
        </test-method> <!-- verifyEditFunctionality -->
        <test-method is-config="true" signature="tearDownMethods(org.testng.ITestResult)[pri:0, instance:demo.tests.scp.AccountInformationTests@23cd4ff2]" started-at="2024-06-24T15:27:50 IST" name="tearDownMethods" finished-at="2024-06-24T15:27:51 IST" duration-ms="929" status="PASS">
          <params>
            <param index="0">
              <value>
                <![CDATA[[TestResult name=verifyEditFunctionality status=SUCCESS method=AccountInformationTests.verifyEditFunctionality()[pri:1, instance:demo.tests.scp.AccountInformationTests@23cd4ff2] output={null}]]]>
              </value>
            </param>
          </params>
          <reporter-output>
          </reporter-output>
        </test-method> <!-- tearDownMethods -->
        <test-method is-config="true" signature="methodsPreRequisites(java.lang.String,java.lang.String,java.lang.String,java.lang.String)[pri:0, instance:demo.tests.scp.AccountInformationTests@23cd4ff2]" started-at="2024-06-24T15:27:51 IST" name="methodsPreRequisites" finished-at="2024-06-24T15:28:02 IST" duration-ms="11561" status="PASS">
          <params>
            <param index="0">
              <value>
                <![CDATA[web]]>
              </value>
            </param>
            <param index="1">
              <value>
                <![CDATA[chrome]]>
              </value>
            </param>
            <param index="2">
              <value>
                <![CDATA[scp]]>
              </value>
            </param>
            <param index="3">
              <value is-null="true"/>
            </param>
          </params>
          <reporter-output>
          </reporter-output>
        </test-method> <!-- methodsPreRequisites -->
        <test-method signature="verifyEditMailingAddressFunctionality()[pri:1, instance:demo.tests.scp.AccountInformationTests@23cd4ff2]" started-at="2024-06-24T15:28:02 IST" name="verifyEditMailingAddressFunctionality" description="To verify the dashboard page objects after login." finished-at="2024-06-24T15:28:28 IST" duration-ms="26265" status="PASS">
          <reporter-output>
          </reporter-output>
        </test-method> <!-- verifyEditMailingAddressFunctionality -->
        <test-method is-config="true" signature="tearDownMethods(org.testng.ITestResult)[pri:0, instance:demo.tests.scp.AccountInformationTests@23cd4ff2]" started-at="2024-06-24T15:28:28 IST" name="tearDownMethods" finished-at="2024-06-24T15:28:30 IST" duration-ms="1258" status="PASS">
          <params>
            <param index="0">
              <value>
                <![CDATA[[TestResult name=verifyEditMailingAddressFunctionality status=SUCCESS method=AccountInformationTests.verifyEditMailingAddressFunctionality()[pri:1, instance:demo.tests.scp.AccountInformationTests@23cd4ff2] output={null}]]]>
              </value>
            </param>
          </params>
          <reporter-output>
          </reporter-output>
        </test-method> <!-- tearDownMethods -->
        <test-method is-config="true" signature="methodsPreRequisites(java.lang.String,java.lang.String,java.lang.String,java.lang.String)[pri:0, instance:demo.tests.scp.AccountInformationTests@23cd4ff2]" started-at="2024-06-24T15:28:30 IST" name="methodsPreRequisites" finished-at="2024-06-24T15:28:42 IST" duration-ms="12362" status="PASS">
          <params>
            <param index="0">
              <value>
                <![CDATA[web]]>
              </value>
            </param>
            <param index="1">
              <value>
                <![CDATA[chrome]]>
              </value>
            </param>
            <param index="2">
              <value>
                <![CDATA[scp]]>
              </value>
            </param>
            <param index="3">
              <value is-null="true"/>
            </param>
          </params>
          <reporter-output>
          </reporter-output>
        </test-method> <!-- methodsPreRequisites -->
        <test-method signature="verifyLinkAccountUIAndValidation()[pri:1, instance:demo.tests.scp.AccountInformationTests@23cd4ff2]" started-at="2024-06-24T15:28:42 IST" name="verifyLinkAccountUIAndValidation" description="To verify the dashboard page objects after login." finished-at="2024-06-24T15:28:59 IST" duration-ms="16940" status="PASS">
          <reporter-output>
          </reporter-output>
        </test-method> <!-- verifyLinkAccountUIAndValidation -->
        <test-method is-config="true" signature="tearDownMethods(org.testng.ITestResult)[pri:0, instance:demo.tests.scp.AccountInformationTests@23cd4ff2]" started-at="2024-06-24T15:28:59 IST" name="tearDownMethods" finished-at="2024-06-24T15:29:00 IST" duration-ms="899" status="PASS">
          <params>
            <param index="0">
              <value>
                <![CDATA[[TestResult name=verifyLinkAccountUIAndValidation status=SUCCESS method=AccountInformationTests.verifyLinkAccountUIAndValidation()[pri:1, instance:demo.tests.scp.AccountInformationTests@23cd4ff2] output={null}]]]>
              </value>
            </param>
          </params>
          <reporter-output>
          </reporter-output>
        </test-method> <!-- tearDownMethods -->
        <test-method is-config="true" signature="methodsPreRequisites(java.lang.String,java.lang.String,java.lang.String,java.lang.String)[pri:0, instance:demo.tests.scp.AccountInformationTests@23cd4ff2]" started-at="2024-06-24T15:29:00 IST" name="methodsPreRequisites" finished-at="2024-06-24T15:29:09 IST" duration-ms="9293" status="PASS">
          <params>
            <param index="0">
              <value>
                <![CDATA[web]]>
              </value>
            </param>
            <param index="1">
              <value>
                <![CDATA[chrome]]>
              </value>
            </param>
            <param index="2">
              <value>
                <![CDATA[scp]]>
              </value>
            </param>
            <param index="3">
              <value is-null="true"/>
            </param>
          </params>
          <reporter-output>
          </reporter-output>
        </test-method> <!-- methodsPreRequisites -->
        <test-method signature="verifyLinkAccountUIAndValidation()[pri:1, instance:demo.tests.scp.AccountInformationTests@23cd4ff2]" started-at="2024-06-24T15:29:09 IST" name="verifyLinkAccountUIAndValidation" description="To verify the dashboard page objects after login." finished-at="2024-06-24T15:29:26 IST" duration-ms="17100" status="PASS">
          <reporter-output>
          </reporter-output>
        </test-method> <!-- verifyLinkAccountUIAndValidation -->
        <test-method is-config="true" signature="tearDownMethods(org.testng.ITestResult)[pri:0, instance:demo.tests.scp.AccountInformationTests@23cd4ff2]" started-at="2024-06-24T15:29:26 IST" name="tearDownMethods" finished-at="2024-06-24T15:29:27 IST" duration-ms="1037" status="PASS">
          <params>
            <param index="0">
              <value>
                <![CDATA[[TestResult name=verifyLinkAccountUIAndValidation status=SUCCESS method=AccountInformationTests.verifyLinkAccountUIAndValidation()[pri:1, instance:demo.tests.scp.AccountInformationTests@23cd4ff2] output={null}]]]>
              </value>
            </param>
          </params>
          <reporter-output>
          </reporter-output>
        </test-method> <!-- tearDownMethods -->
        <test-method is-config="true" signature="methodsPreRequisites(java.lang.String,java.lang.String,java.lang.String,java.lang.String)[pri:0, instance:demo.tests.scp.AccountInformationTests@23cd4ff2]" started-at="2024-06-24T15:29:27 IST" name="methodsPreRequisites" finished-at="2024-06-24T15:29:37 IST" duration-ms="9232" status="PASS">
          <params>
            <param index="0">
              <value>
                <![CDATA[web]]>
              </value>
            </param>
            <param index="1">
              <value>
                <![CDATA[chrome]]>
              </value>
            </param>
            <param index="2">
              <value>
                <![CDATA[scp]]>
              </value>
            </param>
            <param index="3">
              <value is-null="true"/>
            </param>
          </params>
          <reporter-output>
          </reporter-output>
        </test-method> <!-- methodsPreRequisites -->
        <test-method signature="verifyUnlinkDefaultAccFunctionality()[pri:1, instance:demo.tests.scp.AccountInformationTests@23cd4ff2]" started-at="2024-06-24T15:29:37 IST" name="verifyUnlinkDefaultAccFunctionality" description="To verify the dashboard page objects after login." finished-at="2024-06-24T15:29:56 IST" duration-ms="18946" status="PASS">
          <reporter-output>
          </reporter-output>
        </test-method> <!-- verifyUnlinkDefaultAccFunctionality -->
        <test-method is-config="true" signature="tearDownMethods(org.testng.ITestResult)[pri:0, instance:demo.tests.scp.AccountInformationTests@23cd4ff2]" started-at="2024-06-24T15:29:56 IST" name="tearDownMethods" finished-at="2024-06-24T15:29:56 IST" duration-ms="921" status="PASS">
          <params>
            <param index="0">
              <value>
                <![CDATA[[TestResult name=verifyUnlinkDefaultAccFunctionality status=SUCCESS method=AccountInformationTests.verifyUnlinkDefaultAccFunctionality()[pri:1, instance:demo.tests.scp.AccountInformationTests@23cd4ff2] output={null}]]]>
              </value>
            </param>
          </params>
          <reporter-output>
          </reporter-output>
        </test-method> <!-- tearDownMethods -->
        <test-method is-config="true" signature="methodsPreRequisites(java.lang.String,java.lang.String,java.lang.String,java.lang.String)[pri:0, instance:demo.tests.scp.AccountInformationTests@23cd4ff2]" started-at="2024-06-24T15:29:56 IST" name="methodsPreRequisites" finished-at="2024-06-24T15:30:06 IST" duration-ms="9279" status="PASS">
          <params>
            <param index="0">
              <value>
                <![CDATA[web]]>
              </value>
            </param>
            <param index="1">
              <value>
                <![CDATA[chrome]]>
              </value>
            </param>
            <param index="2">
              <value>
                <![CDATA[scp]]>
              </value>
            </param>
            <param index="3">
              <value is-null="true"/>
            </param>
          </params>
          <reporter-output>
          </reporter-output>
        </test-method> <!-- methodsPreRequisites -->
        <test-method signature="verifyAccountInfoPageValidation()[pri:2, instance:demo.tests.scp.AccountInformationTests@23cd4ff2]" started-at="2024-06-24T15:30:06 IST" name="verifyAccountInfoPageValidation" description="To verify the dashboard page objects after login." finished-at="2024-06-24T15:30:23 IST" duration-ms="17251" status="PASS">
          <reporter-output>
          </reporter-output>
        </test-method> <!-- verifyAccountInfoPageValidation -->
        <test-method is-config="true" signature="tearDownMethods(org.testng.ITestResult)[pri:0, instance:demo.tests.scp.AccountInformationTests@23cd4ff2]" started-at="2024-06-24T15:30:23 IST" name="tearDownMethods" finished-at="2024-06-24T15:30:24 IST" duration-ms="946" status="PASS">
          <params>
            <param index="0">
              <value>
                <![CDATA[[TestResult name=verifyAccountInfoPageValidation status=SUCCESS method=AccountInformationTests.verifyAccountInfoPageValidation()[pri:2, instance:demo.tests.scp.AccountInformationTests@23cd4ff2] output={null}]]]>
              </value>
            </param>
          </params>
          <reporter-output>
          </reporter-output>
        </test-method> <!-- tearDownMethods -->
        <test-method is-config="true" signature="methodsPreRequisites(java.lang.String,java.lang.String,java.lang.String,java.lang.String)[pri:0, instance:demo.tests.scp.AccountInformationTests@23cd4ff2]" started-at="2024-06-24T15:30:24 IST" name="methodsPreRequisites" finished-at="2024-06-24T15:30:36 IST" duration-ms="11546" status="PASS">
          <params>
            <param index="0">
              <value>
                <![CDATA[web]]>
              </value>
            </param>
            <param index="1">
              <value>
                <![CDATA[chrome]]>
              </value>
            </param>
            <param index="2">
              <value>
                <![CDATA[scp]]>
              </value>
            </param>
            <param index="3">
              <value is-null="true"/>
            </param>
          </params>
          <reporter-output>
          </reporter-output>
        </test-method> <!-- methodsPreRequisites -->
        <test-method signature="verifyLinkAccFormFieldValidation()[pri:3, instance:demo.tests.scp.AccountInformationTests@23cd4ff2]" started-at="2024-06-24T15:30:36 IST" name="verifyLinkAccFormFieldValidation" description="To verify the dashboard page objects after login." finished-at="2024-06-24T15:30:55 IST" duration-ms="19322" status="PASS">
          <reporter-output>
          </reporter-output>
        </test-method> <!-- verifyLinkAccFormFieldValidation -->
        <test-method is-config="true" signature="tearDownMethods(org.testng.ITestResult)[pri:0, instance:demo.tests.scp.AccountInformationTests@23cd4ff2]" started-at="2024-06-24T15:30:55 IST" name="tearDownMethods" finished-at="2024-06-24T15:30:56 IST" duration-ms="865" status="PASS">
          <params>
            <param index="0">
              <value>
                <![CDATA[[TestResult name=verifyLinkAccFormFieldValidation status=SUCCESS method=AccountInformationTests.verifyLinkAccFormFieldValidation()[pri:3, instance:demo.tests.scp.AccountInformationTests@23cd4ff2] output={null}]]]>
              </value>
            </param>
          </params>
          <reporter-output>
          </reporter-output>
        </test-method> <!-- tearDownMethods -->
        <test-method is-config="true" signature="tearDownClasses()[pri:0, instance:demo.tests.scp.AccountInformationTests@23cd4ff2]" started-at="2024-06-24T15:30:56 IST" name="tearDownClasses" finished-at="2024-06-24T15:30:56 IST" duration-ms="0" status="PASS">
          <reporter-output>
          </reporter-output>
        </test-method> <!-- tearDownClasses -->
      </class> <!-- demo.tests.scp.AccountInformationTests -->
      <class name="demo.tests.scp.UserDashboardTests">
        <test-method is-config="true" signature="classPreRequisites(java.lang.String,java.lang.String,java.lang.String)[pri:0, instance:demo.tests.scp.UserDashboardTests@213deac2]" started-at="2024-06-24T14:53:01 IST" name="classPreRequisites" finished-at="2024-06-24T14:53:01 IST" duration-ms="1" status="PASS">
          <params>
            <param index="0">
              <value>
                <![CDATA[web]]>
              </value>
            </param>
            <param index="1">
              <value>
                <![CDATA[chrome]]>
              </value>
            </param>
            <param index="2">
              <value is-null="true"/>
            </param>
          </params>
          <reporter-output>
          </reporter-output>
        </test-method> <!-- classPreRequisites -->
        <test-method is-config="true" signature="methodsPreRequisites(java.lang.String,java.lang.String,java.lang.String,java.lang.String)[pri:0, instance:demo.tests.scp.UserDashboardTests@213deac2]" started-at="2024-06-24T14:53:01 IST" name="methodsPreRequisites" finished-at="2024-06-24T14:53:10 IST" duration-ms="9495" status="PASS">
          <params>
            <param index="0">
              <value>
                <![CDATA[web]]>
              </value>
            </param>
            <param index="1">
              <value>
                <![CDATA[chrome]]>
              </value>
            </param>
            <param index="2">
              <value>
                <![CDATA[scp]]>
              </value>
            </param>
            <param index="3">
              <value is-null="true"/>
            </param>
          </params>
          <reporter-output>
          </reporter-output>
        </test-method> <!-- methodsPreRequisites -->
        <test-method signature="verifyDashboardPageObjects()[pri:1, instance:demo.tests.scp.UserDashboardTests@213deac2]" started-at="2024-06-24T14:53:10 IST" name="verifyDashboardPageObjects" description="To verify the dashboard page objects after login." finished-at="2024-06-24T14:53:39 IST" duration-ms="29336" status="PASS">
          <reporter-output>
          </reporter-output>
        </test-method> <!-- verifyDashboardPageObjects -->
        <test-method is-config="true" signature="tearDownMethods(org.testng.ITestResult)[pri:0, instance:demo.tests.scp.UserDashboardTests@213deac2]" started-at="2024-06-24T14:53:39 IST" name="tearDownMethods" finished-at="2024-06-24T14:53:40 IST" duration-ms="855" status="PASS">
          <params>
            <param index="0">
              <value>
                <![CDATA[[TestResult name=verifyDashboardPageObjects status=SUCCESS method=UserDashboardTests.verifyDashboardPageObjects()[pri:1, instance:demo.tests.scp.UserDashboardTests@213deac2] output={null}]]]>
              </value>
            </param>
          </params>
          <reporter-output>
          </reporter-output>
        </test-method> <!-- tearDownMethods -->
        <test-method is-config="true" signature="methodsPreRequisites(java.lang.String,java.lang.String,java.lang.String,java.lang.String)[pri:0, instance:demo.tests.scp.UserDashboardTests@213deac2]" started-at="2024-06-24T14:53:40 IST" name="methodsPreRequisites" finished-at="2024-06-24T14:53:53 IST" duration-ms="12403" status="PASS">
          <params>
            <param index="0">
              <value>
                <![CDATA[web]]>
              </value>
            </param>
            <param index="1">
              <value>
                <![CDATA[chrome]]>
              </value>
            </param>
            <param index="2">
              <value>
                <![CDATA[scp]]>
              </value>
            </param>
            <param index="3">
              <value is-null="true"/>
            </param>
          </params>
          <reporter-output>
          </reporter-output>
        </test-method> <!-- methodsPreRequisites -->
        <test-method signature="verifyBillingSummarySectionObjects()[pri:2, instance:demo.tests.scp.UserDashboardTests@213deac2]" started-at="2024-06-24T14:53:53 IST" name="verifyBillingSummarySectionObjects" description="To verify the dashboard page bill summary section objects after login." finished-at="2024-06-24T14:56:30 IST" duration-ms="157770" status="FAIL">
          <exception class="org.openqa.selenium.TimeoutException">
            <message>
              <![CDATA[Expected condition failed: waiting for element to be clickable: [[ChromeDriver: chrome on windows (095d54220562fca401dbe8b56f0e6dec)] -> css selector: a[globalize = 'ML_DASHBOARD_Anchor_ViewBill']] (tried for 120 second(s) with 500 milliseconds interval)
Build info: version: '4.13.0', revision: 'ba948ece5b*'
System info: os.name: 'Windows 11', os.arch: 'amd64', os.version: '10.0', java.version: '21.0.2'
Driver info: org.openqa.selenium.chrome.ChromeDriver
Capabilities {acceptInsecureCerts: false, browserName: chrome, browserVersion: 126.0.6478.114, chrome: {chromedriverVersion: 126.0.6478.63 (df799988fdc9..., userDataDir: C:\Windows\SystemTemp\scope...}, fedcm:accounts: true, goog:chromeOptions: {debuggerAddress: localhost:51813}, networkConnectionEnabled: false, pageLoadStrategy: normal, platformName: windows, proxy: Proxy(), se:cdp: ws://localhost:51813/devtoo..., se:cdpVersion: 126.0.6478.114, setWindowRect: true, strictFileInteractability: false, timeouts: {implicit: 0, pageLoad: 300000, script: 30000}, unhandledPromptBehavior: dismiss and notify, webauthn:extension:credBlob: true, webauthn:extension:largeBlob: true, webauthn:extension:minPinLength: true, webauthn:extension:prf: true, webauthn:virtualAuthenticators: true}
Session ID: 095d54220562fca401dbe8b56f0e6dec]]>
            </message>
            <full-stacktrace>
              <![CDATA[org.openqa.selenium.TimeoutException: Expected condition failed: waiting for element to be clickable: [[ChromeDriver: chrome on windows (095d54220562fca401dbe8b56f0e6dec)] -> css selector: a[globalize = 'ML_DASHBOARD_Anchor_ViewBill']] (tried for 120 second(s) with 500 milliseconds interval)
Build info: version: '4.13.0', revision: 'ba948ece5b*'
System info: os.name: 'Windows 11', os.arch: 'amd64', os.version: '10.0', java.version: '21.0.2'
Driver info: org.openqa.selenium.chrome.ChromeDriver
Capabilities {acceptInsecureCerts: false, browserName: chrome, browserVersion: 126.0.6478.114, chrome: {chromedriverVersion: 126.0.6478.63 (df799988fdc9..., userDataDir: C:\Windows\SystemTemp\scope...}, fedcm:accounts: true, goog:chromeOptions: {debuggerAddress: localhost:51813}, networkConnectionEnabled: false, pageLoadStrategy: normal, platformName: windows, proxy: Proxy(), se:cdp: ws://localhost:51813/devtoo..., se:cdpVersion: 126.0.6478.114, setWindowRect: true, strictFileInteractability: false, timeouts: {implicit: 0, pageLoad: 300000, script: 30000}, unhandledPromptBehavior: dismiss and notify, webauthn:extension:credBlob: true, webauthn:extension:largeBlob: true, webauthn:extension:minPinLength: true, webauthn:extension:prf: true, webauthn:virtualAuthenticators: true}
Session ID: 095d54220562fca401dbe8b56f0e6dec
at org.openqa.selenium.support.ui.WebDriverWait.timeoutException(WebDriverWait.java:84)
at org.openqa.selenium.support.ui.FluentWait.until(FluentWait.java:230)
at sew.ai.driver.Page.waitForElementToBeClickable(Page.java:234)
at sew.ai.driver.Page.click(Page.java:59)
at demo.pageobjects.DashboardPage.clickViewBillLink(DashboardPage.java:1322)
at demo.steps.scp.UserDashboardSteps.verifyBillingSummarySectionSteps(UserDashboardSteps.java:147)
at demo.tests.scp.UserDashboardTests.verifyBillingSummarySectionObjects(UserDashboardTests.java:49)
at java.base/jdk.internal.reflect.DirectMethodHandleAccessor.invoke(DirectMethodHandleAccessor.java:103)
at java.base/java.lang.reflect.Method.invoke(Method.java:580)
at org.testng.internal.invokers.MethodInvocationHelper.invokeMethod(MethodInvocationHelper.java:139)
at org.testng.internal.invokers.TestInvoker.invokeMethod(TestInvoker.java:664)
at org.testng.internal.invokers.TestInvoker.invokeTestMethod(TestInvoker.java:227)
at org.testng.internal.invokers.MethodRunner.runInSequence(MethodRunner.java:50)
at org.testng.internal.invokers.TestInvoker$MethodInvocationAgent.invoke(TestInvoker.java:957)
at org.testng.internal.invokers.TestInvoker.invokeTestMethods(TestInvoker.java:200)
at org.testng.internal.invokers.TestMethodWorker.invokeTestMethods(TestMethodWorker.java:148)
at org.testng.internal.invokers.TestMethodWorker.run(TestMethodWorker.java:128)
at java.base/java.util.ArrayList.forEach(ArrayList.java:1596)
at org.testng.TestRunner.privateRun(TestRunner.java:848)
at org.testng.TestRunner.run(TestRunner.java:621)
at org.testng.SuiteRunner.runTest(SuiteRunner.java:443)
at org.testng.SuiteRunner.runSequentially(SuiteRunner.java:437)
at org.testng.SuiteRunner.privateRun(SuiteRunner.java:397)
at org.testng.SuiteRunner.run(SuiteRunner.java:336)
at org.testng.SuiteRunnerWorker.runSuite(SuiteRunnerWorker.java:52)
at org.testng.SuiteRunnerWorker.run(SuiteRunnerWorker.java:95)
at org.testng.TestNG.runSuitesSequentially(TestNG.java:1280)
at org.testng.TestNG.runSuitesLocally(TestNG.java:1200)
at org.testng.TestNG.runSuites(TestNG.java:1114)
at org.testng.TestNG.run(TestNG.java:1082)
at org.testng.remote.AbstractRemoteTestNG.run(AbstractRemoteTestNG.java:115)
at org.testng.remote.RemoteTestNG.initAndRun(RemoteTestNG.java:293)
at org.testng.remote.RemoteTestNG.main(RemoteTestNG.java:91)
]]>
            </full-stacktrace>
          </exception> <!-- org.openqa.selenium.TimeoutException -->
          <reporter-output>
          </reporter-output>
        </test-method> <!-- verifyBillingSummarySectionObjects -->
        <test-method is-config="true" signature="tearDownMethods(org.testng.ITestResult)[pri:0, instance:demo.tests.scp.UserDashboardTests@213deac2]" started-at="2024-06-24T14:56:31 IST" name="tearDownMethods" finished-at="2024-06-24T14:56:32 IST" duration-ms="1270" status="PASS">
          <params>
            <param index="0">
              <value>
                <![CDATA[[TestResult name=verifyBillingSummarySectionObjects status=FAILURE method=UserDashboardTests.verifyBillingSummarySectionObjects()[pri:2, instance:demo.tests.scp.UserDashboardTests@213deac2] output={null}]]]>
              </value>
            </param>
          </params>
          <reporter-output>
          </reporter-output>
        </test-method> <!-- tearDownMethods -->
        <test-method is-config="true" signature="methodsPreRequisites(java.lang.String,java.lang.String,java.lang.String,java.lang.String)[pri:0, instance:demo.tests.scp.UserDashboardTests@213deac2]" started-at="2024-06-24T14:56:32 IST" name="methodsPreRequisites" finished-at="2024-06-24T14:56:43 IST" duration-ms="11541" status="PASS">
          <params>
            <param index="0">
              <value>
                <![CDATA[web]]>
              </value>
            </param>
            <param index="1">
              <value>
                <![CDATA[chrome]]>
              </value>
            </param>
            <param index="2">
              <value>
                <![CDATA[scp]]>
              </value>
            </param>
            <param index="3">
              <value is-null="true"/>
            </param>
          </params>
          <reporter-output>
          </reporter-output>
        </test-method> <!-- methodsPreRequisites -->
        <test-method signature="verifyUsageFeatureOnDashboard()[pri:3, instance:demo.tests.scp.UserDashboardTests@213deac2]" started-at="2024-06-24T14:56:43 IST" name="verifyUsageFeatureOnDashboard" description="To verify the usage feature on the dashboard page." finished-at="2024-06-24T14:56:54 IST" duration-ms="10082" status="PASS">
          <reporter-output>
          </reporter-output>
        </test-method> <!-- verifyUsageFeatureOnDashboard -->
        <test-method is-config="true" signature="tearDownMethods(org.testng.ITestResult)[pri:0, instance:demo.tests.scp.UserDashboardTests@213deac2]" started-at="2024-06-24T14:56:54 IST" name="tearDownMethods" finished-at="2024-06-24T14:56:54 IST" duration-ms="902" status="PASS">
          <params>
            <param index="0">
              <value>
                <![CDATA[[TestResult name=verifyUsageFeatureOnDashboard status=SUCCESS method=UserDashboardTests.verifyUsageFeatureOnDashboard()[pri:3, instance:demo.tests.scp.UserDashboardTests@213deac2] output={null}]]]>
              </value>
            </param>
          </params>
          <reporter-output>
          </reporter-output>
        </test-method> <!-- tearDownMethods -->
        <test-method is-config="true" signature="methodsPreRequisites(java.lang.String,java.lang.String,java.lang.String,java.lang.String)[pri:0, instance:demo.tests.scp.UserDashboardTests@213deac2]" started-at="2024-06-24T14:56:54 IST" name="methodsPreRequisites" finished-at="2024-06-24T14:57:06 IST" duration-ms="11676" status="PASS">
          <params>
            <param index="0">
              <value>
                <![CDATA[web]]>
              </value>
            </param>
            <param index="1">
              <value>
                <![CDATA[chrome]]>
              </value>
            </param>
            <param index="2">
              <value>
                <![CDATA[scp]]>
              </value>
            </param>
            <param index="3">
              <value is-null="true"/>
            </param>
          </params>
          <reporter-output>
          </reporter-output>
        </test-method> <!-- methodsPreRequisites -->
        <test-method signature="verifyAutoPayCarouselFeatureOnDashboard()[pri:4, instance:demo.tests.scp.UserDashboardTests@213deac2]" started-at="2024-06-24T14:57:06 IST" name="verifyAutoPayCarouselFeatureOnDashboard" description="To verify the AutoPayCarouselfeature on the dashboard page." finished-at="2024-06-24T14:57:15 IST" duration-ms="8566" status="PASS">
          <reporter-output>
          </reporter-output>
        </test-method> <!-- verifyAutoPayCarouselFeatureOnDashboard -->
        <test-method is-config="true" signature="tearDownMethods(org.testng.ITestResult)[pri:0, instance:demo.tests.scp.UserDashboardTests@213deac2]" started-at="2024-06-24T14:57:15 IST" name="tearDownMethods" finished-at="2024-06-24T14:57:15 IST" duration-ms="595" status="PASS">
          <params>
            <param index="0">
              <value>
                <![CDATA[[TestResult name=verifyAutoPayCarouselFeatureOnDashboard status=SUCCESS method=UserDashboardTests.verifyAutoPayCarouselFeatureOnDashboard()[pri:4, instance:demo.tests.scp.UserDashboardTests@213deac2] output={null}]]]>
              </value>
            </param>
          </params>
          <reporter-output>
          </reporter-output>
        </test-method> <!-- tearDownMethods -->
        <test-method is-config="true" signature="methodsPreRequisites(java.lang.String,java.lang.String,java.lang.String,java.lang.String)[pri:0, instance:demo.tests.scp.UserDashboardTests@213deac2]" started-at="2024-06-24T14:57:15 IST" name="methodsPreRequisites" finished-at="2024-06-24T14:57:25 IST" duration-ms="9680" status="PASS">
          <params>
            <param index="0">
              <value>
                <![CDATA[web]]>
              </value>
            </param>
            <param index="1">
              <value>
                <![CDATA[chrome]]>
              </value>
            </param>
            <param index="2">
              <value>
                <![CDATA[scp]]>
              </value>
            </param>
            <param index="3">
              <value is-null="true"/>
            </param>
          </params>
          <reporter-output>
          </reporter-output>
        </test-method> <!-- methodsPreRequisites -->
        <test-method signature="verifySmartHomeCarouselFeatureOnDashboard()[pri:5, instance:demo.tests.scp.UserDashboardTests@213deac2]" started-at="2024-06-24T14:57:25 IST" name="verifySmartHomeCarouselFeatureOnDashboard" description="To verify the SmartHomeCarousel Feature on the dashboard page." finished-at="2024-06-24T14:57:34 IST" duration-ms="9472" status="PASS">
          <reporter-output>
          </reporter-output>
        </test-method> <!-- verifySmartHomeCarouselFeatureOnDashboard -->
        <test-method is-config="true" signature="tearDownMethods(org.testng.ITestResult)[pri:0, instance:demo.tests.scp.UserDashboardTests@213deac2]" started-at="2024-06-24T14:57:34 IST" name="tearDownMethods" finished-at="2024-06-24T14:57:35 IST" duration-ms="748" status="PASS">
          <params>
            <param index="0">
              <value>
                <![CDATA[[TestResult name=verifySmartHomeCarouselFeatureOnDashboard status=SUCCESS method=UserDashboardTests.verifySmartHomeCarouselFeatureOnDashboard()[pri:5, instance:demo.tests.scp.UserDashboardTests@213deac2] output={null}]]]>
              </value>
            </param>
          </params>
          <reporter-output>
          </reporter-output>
        </test-method> <!-- tearDownMethods -->
        <test-method is-config="true" signature="tearDownClasses()[pri:0, instance:demo.tests.scp.UserDashboardTests@213deac2]" started-at="2024-06-24T14:57:35 IST" name="tearDownClasses" finished-at="2024-06-24T14:57:35 IST" duration-ms="0" status="PASS">
          <reporter-output>
          </reporter-output>
        </test-method> <!-- tearDownClasses -->
      </class> <!-- demo.tests.scp.UserDashboardTests -->
      <class name="demo.tests.scp.ForgetPasswordTests">
        <test-method is-config="true" signature="methodsPreRequisites(java.lang.String,java.lang.String,java.lang.String,java.lang.String)[pri:0, instance:demo.tests.scp.ForgetPasswordTests@4a183d02]" started-at="2024-06-24T14:49:51 IST" name="methodsPreRequisites" finished-at="2024-06-24T14:50:02 IST" duration-ms="11413" status="PASS">
          <params>
            <param index="0">
              <value>
                <![CDATA[web]]>
              </value>
            </param>
            <param index="1">
              <value>
                <![CDATA[chrome]]>
              </value>
            </param>
            <param index="2">
              <value>
                <![CDATA[scp]]>
              </value>
            </param>
            <param index="3">
              <value is-null="true"/>
            </param>
          </params>
          <reporter-output>
          </reporter-output>
        </test-method> <!-- methodsPreRequisites -->
        <test-method is-config="true" signature="classPreRequisites(java.lang.String,java.lang.String,java.lang.String)[pri:0, instance:demo.tests.scp.ForgetPasswordTests@4a183d02]" started-at="2024-06-24T14:49:51 IST" name="classPreRequisites" finished-at="2024-06-24T14:49:51 IST" duration-ms="0" status="PASS">
          <params>
            <param index="0">
              <value>
                <![CDATA[web]]>
              </value>
            </param>
            <param index="1">
              <value>
                <![CDATA[chrome]]>
              </value>
            </param>
            <param index="2">
              <value is-null="true"/>
            </param>
          </params>
          <reporter-output>
          </reporter-output>
        </test-method> <!-- classPreRequisites -->
        <test-method signature="validateForgotPasswordObjects()[pri:1, instance:demo.tests.scp.ForgetPasswordTests@4a183d02]" started-at="2024-06-24T14:50:02 IST" name="validateForgotPasswordObjects" description="To verify the Forget Password page objects" finished-at="2024-06-24T14:50:06 IST" duration-ms="3394" status="PASS">
          <reporter-output>
          </reporter-output>
        </test-method> <!-- validateForgotPasswordObjects -->
        <test-method is-config="true" signature="tearDownMethods(org.testng.ITestResult)[pri:0, instance:demo.tests.scp.ForgetPasswordTests@4a183d02]" started-at="2024-06-24T14:50:06 IST" name="tearDownMethods" finished-at="2024-06-24T14:50:07 IST" duration-ms="1103" status="PASS">
          <params>
            <param index="0">
              <value>
                <![CDATA[[TestResult name=validateForgotPasswordObjects status=SUCCESS method=ForgetPasswordTests.validateForgotPasswordObjects()[pri:1, instance:demo.tests.scp.ForgetPasswordTests@4a183d02] output={null}]]]>
              </value>
            </param>
          </params>
          <reporter-output>
          </reporter-output>
        </test-method> <!-- tearDownMethods -->
        <test-method is-config="true" signature="methodsPreRequisites(java.lang.String,java.lang.String,java.lang.String,java.lang.String)[pri:0, instance:demo.tests.scp.ForgetPasswordTests@4a183d02]" started-at="2024-06-24T14:50:07 IST" name="methodsPreRequisites" finished-at="2024-06-24T14:50:17 IST" duration-ms="10357" status="PASS">
          <params>
            <param index="0">
              <value>
                <![CDATA[web]]>
              </value>
            </param>
            <param index="1">
              <value>
                <![CDATA[chrome]]>
              </value>
            </param>
            <param index="2">
              <value>
                <![CDATA[scp]]>
              </value>
            </param>
            <param index="3">
              <value is-null="true"/>
            </param>
          </params>
          <reporter-output>
          </reporter-output>
        </test-method> <!-- methodsPreRequisites -->
        <test-method signature="validateForgotPassword()[pri:2, instance:demo.tests.scp.ForgetPasswordTests@4a183d02]" started-at="2024-06-24T14:50:17 IST" name="validateForgotPassword" description="To verify that following should be displayed on Forget Password In page." finished-at="2024-06-24T14:50:20 IST" duration-ms="3106" status="FAIL">
          <exception class="org.junit.ComparisonFailure">
            <message>
              <![CDATA[expected:<Please [E]nter Username.> but was:<Please [e]nter Username.>]]>
            </message>
            <full-stacktrace>
              <![CDATA[org.junit.ComparisonFailure: expected:<Please [E]nter Username.> but was:<Please [e]nter Username.>
at org.junit.Assert.assertEquals(Assert.java:125)
at org.junit.Assert.assertEquals(Assert.java:147)
at demo.steps.scp.ForgetPasswordSteps.verifySubmitBlankUserName(ForgetPasswordSteps.java:70)
at demo.tests.scp.ForgetPasswordTests.validateForgotPassword(ForgetPasswordTests.java:35)
at java.base/jdk.internal.reflect.DirectMethodHandleAccessor.invoke(DirectMethodHandleAccessor.java:103)
at java.base/java.lang.reflect.Method.invoke(Method.java:580)
at org.testng.internal.invokers.MethodInvocationHelper.invokeMethod(MethodInvocationHelper.java:139)
at org.testng.internal.invokers.TestInvoker.invokeMethod(TestInvoker.java:664)
at org.testng.internal.invokers.TestInvoker.invokeTestMethod(TestInvoker.java:227)
at org.testng.internal.invokers.MethodRunner.runInSequence(MethodRunner.java:50)
at org.testng.internal.invokers.TestInvoker$MethodInvocationAgent.invoke(TestInvoker.java:957)
at org.testng.internal.invokers.TestInvoker.invokeTestMethods(TestInvoker.java:200)
at org.testng.internal.invokers.TestMethodWorker.invokeTestMethods(TestMethodWorker.java:148)
at org.testng.internal.invokers.TestMethodWorker.run(TestMethodWorker.java:128)
at java.base/java.util.ArrayList.forEach(ArrayList.java:1596)
at org.testng.TestRunner.privateRun(TestRunner.java:848)
at org.testng.TestRunner.run(TestRunner.java:621)
at org.testng.SuiteRunner.runTest(SuiteRunner.java:443)
at org.testng.SuiteRunner.runSequentially(SuiteRunner.java:437)
at org.testng.SuiteRunner.privateRun(SuiteRunner.java:397)
at org.testng.SuiteRunner.run(SuiteRunner.java:336)
at org.testng.SuiteRunnerWorker.runSuite(SuiteRunnerWorker.java:52)
at org.testng.SuiteRunnerWorker.run(SuiteRunnerWorker.java:95)
at org.testng.TestNG.runSuitesSequentially(TestNG.java:1280)
at org.testng.TestNG.runSuitesLocally(TestNG.java:1200)
at org.testng.TestNG.runSuites(TestNG.java:1114)
at org.testng.TestNG.run(TestNG.java:1082)
at org.testng.remote.AbstractRemoteTestNG.run(AbstractRemoteTestNG.java:115)
at org.testng.remote.RemoteTestNG.initAndRun(RemoteTestNG.java:293)
at org.testng.remote.RemoteTestNG.main(RemoteTestNG.java:91)
]]>
            </full-stacktrace>
          </exception> <!-- org.junit.ComparisonFailure -->
          <reporter-output>
          </reporter-output>
        </test-method> <!-- validateForgotPassword -->
        <test-method is-config="true" signature="tearDownMethods(org.testng.ITestResult)[pri:0, instance:demo.tests.scp.ForgetPasswordTests@4a183d02]" started-at="2024-06-24T14:50:20 IST" name="tearDownMethods" finished-at="2024-06-24T14:50:22 IST" duration-ms="1074" status="PASS">
          <params>
            <param index="0">
              <value>
                <![CDATA[[TestResult name=validateForgotPassword status=FAILURE method=ForgetPasswordTests.validateForgotPassword()[pri:2, instance:demo.tests.scp.ForgetPasswordTests@4a183d02] output={null}]]]>
              </value>
            </param>
          </params>
          <reporter-output>
          </reporter-output>
        </test-method> <!-- tearDownMethods -->
        <test-method is-config="true" signature="methodsPreRequisites(java.lang.String,java.lang.String,java.lang.String,java.lang.String)[pri:0, instance:demo.tests.scp.ForgetPasswordTests@4a183d02]" started-at="2024-06-24T14:50:22 IST" name="methodsPreRequisites" finished-at="2024-06-24T14:50:34 IST" duration-ms="12009" status="PASS">
          <params>
            <param index="0">
              <value>
                <![CDATA[web]]>
              </value>
            </param>
            <param index="1">
              <value>
                <![CDATA[chrome]]>
              </value>
            </param>
            <param index="2">
              <value>
                <![CDATA[scp]]>
              </value>
            </param>
            <param index="3">
              <value is-null="true"/>
            </param>
          </params>
          <reporter-output>
          </reporter-output>
        </test-method> <!-- methodsPreRequisites -->
        <test-method signature="validateForgotPasswordWithValidandInvalidData()[pri:3, instance:demo.tests.scp.ForgetPasswordTests@4a183d02]" started-at="2024-06-24T14:50:34 IST" name="validateForgotPasswordWithValidandInvalidData" description="To verify that following should be displayed on Forget Password In page." finished-at="2024-06-24T14:50:56 IST" duration-ms="22868" status="PASS">
          <reporter-output>
          </reporter-output>
        </test-method> <!-- validateForgotPasswordWithValidandInvalidData -->
        <test-method is-config="true" signature="tearDownMethods(org.testng.ITestResult)[pri:0, instance:demo.tests.scp.ForgetPasswordTests@4a183d02]" started-at="2024-06-24T14:50:56 IST" name="tearDownMethods" finished-at="2024-06-24T14:50:57 IST" duration-ms="622" status="PASS">
          <params>
            <param index="0">
              <value>
                <![CDATA[[TestResult name=validateForgotPasswordWithValidandInvalidData status=SUCCESS method=ForgetPasswordTests.validateForgotPasswordWithValidandInvalidData()[pri:3, instance:demo.tests.scp.ForgetPasswordTests@4a183d02] output={null}]]]>
              </value>
            </param>
          </params>
          <reporter-output>
          </reporter-output>
        </test-method> <!-- tearDownMethods -->
        <test-method is-config="true" signature="tearDownClasses()[pri:0, instance:demo.tests.scp.ForgetPasswordTests@4a183d02]" started-at="2024-06-24T14:50:57 IST" name="tearDownClasses" finished-at="2024-06-24T14:50:57 IST" duration-ms="0" status="PASS">
          <reporter-output>
          </reporter-output>
        </test-method> <!-- tearDownClasses -->
      </class> <!-- demo.tests.scp.ForgetPasswordTests -->
      <class name="demo.tests.scp.NotificationTests">
        <test-method is-config="true" signature="classPreRequisites(java.lang.String,java.lang.String,java.lang.String)[pri:0, instance:demo.tests.scp.NotificationTests@34a97744]" started-at="2024-06-24T14:37:01 IST" name="classPreRequisites" finished-at="2024-06-24T14:37:01 IST" duration-ms="1" status="PASS">
          <params>
            <param index="0">
              <value>
                <![CDATA[web]]>
              </value>
            </param>
            <param index="1">
              <value>
                <![CDATA[chrome]]>
              </value>
            </param>
            <param index="2">
              <value is-null="true"/>
            </param>
          </params>
          <reporter-output>
          </reporter-output>
        </test-method> <!-- classPreRequisites -->
        <test-method is-config="true" signature="methodsPreRequisites(java.lang.String,java.lang.String,java.lang.String,java.lang.String)[pri:0, instance:demo.tests.scp.NotificationTests@34a97744]" started-at="2024-06-24T14:37:01 IST" name="methodsPreRequisites" finished-at="2024-06-24T14:37:13 IST" duration-ms="12014" status="PASS">
          <params>
            <param index="0">
              <value>
                <![CDATA[web]]>
              </value>
            </param>
            <param index="1">
              <value>
                <![CDATA[chrome]]>
              </value>
            </param>
            <param index="2">
              <value>
                <![CDATA[scp]]>
              </value>
            </param>
            <param index="3">
              <value is-null="true"/>
            </param>
          </params>
          <reporter-output>
          </reporter-output>
        </test-method> <!-- methodsPreRequisites -->
        <test-method signature="verifyDeleteMultipleNotifications()[pri:1, instance:demo.tests.scp.NotificationTests@34a97744]" started-at="2024-06-24T14:37:13 IST" name="verifyDeleteMultipleNotifications" description="To verify Different elements in Notification page" finished-at="2024-06-24T14:37:30 IST" duration-ms="16597" status="PASS">
          <reporter-output>
          </reporter-output>
        </test-method> <!-- verifyDeleteMultipleNotifications -->
        <test-method is-config="true" signature="tearDownMethods(org.testng.ITestResult)[pri:0, instance:demo.tests.scp.NotificationTests@34a97744]" started-at="2024-06-24T14:37:30 IST" name="tearDownMethods" finished-at="2024-06-24T14:37:31 IST" duration-ms="851" status="PASS">
          <params>
            <param index="0">
              <value>
                <![CDATA[[TestResult name=verifyDeleteMultipleNotifications status=SUCCESS method=NotificationTests.verifyDeleteMultipleNotifications()[pri:1, instance:demo.tests.scp.NotificationTests@34a97744] output={null}]]]>
              </value>
            </param>
          </params>
          <reporter-output>
          </reporter-output>
        </test-method> <!-- tearDownMethods -->
        <test-method is-config="true" signature="methodsPreRequisites(java.lang.String,java.lang.String,java.lang.String,java.lang.String)[pri:0, instance:demo.tests.scp.NotificationTests@34a97744]" started-at="2024-06-24T14:37:31 IST" name="methodsPreRequisites" finished-at="2024-06-24T14:37:43 IST" duration-ms="11811" status="PASS">
          <params>
            <param index="0">
              <value>
                <![CDATA[web]]>
              </value>
            </param>
            <param index="1">
              <value>
                <![CDATA[chrome]]>
              </value>
            </param>
            <param index="2">
              <value>
                <![CDATA[scp]]>
              </value>
            </param>
            <param index="3">
              <value is-null="true"/>
            </param>
          </params>
          <reporter-output>
          </reporter-output>
        </test-method> <!-- methodsPreRequisites -->
        <test-method signature="verifyDeleteNotification()[pri:1, instance:demo.tests.scp.NotificationTests@34a97744]" started-at="2024-06-24T14:37:43 IST" name="verifyDeleteNotification" description="To verify Reply Notifications" finished-at="2024-06-24T14:38:00 IST" duration-ms="17134" status="PASS">
          <reporter-output>
          </reporter-output>
        </test-method> <!-- verifyDeleteNotification -->
        <test-method is-config="true" signature="tearDownMethods(org.testng.ITestResult)[pri:0, instance:demo.tests.scp.NotificationTests@34a97744]" started-at="2024-06-24T14:38:00 IST" name="tearDownMethods" finished-at="2024-06-24T14:38:01 IST" duration-ms="832" status="PASS">
          <params>
            <param index="0">
              <value>
                <![CDATA[[TestResult name=verifyDeleteNotification status=SUCCESS method=NotificationTests.verifyDeleteNotification()[pri:1, instance:demo.tests.scp.NotificationTests@34a97744] output={null}]]]>
              </value>
            </param>
          </params>
          <reporter-output>
          </reporter-output>
        </test-method> <!-- tearDownMethods -->
        <test-method is-config="true" signature="methodsPreRequisites(java.lang.String,java.lang.String,java.lang.String,java.lang.String)[pri:0, instance:demo.tests.scp.NotificationTests@34a97744]" started-at="2024-06-24T14:38:01 IST" name="methodsPreRequisites" finished-at="2024-06-24T14:38:10 IST" duration-ms="9799" status="PASS">
          <params>
            <param index="0">
              <value>
                <![CDATA[web]]>
              </value>
            </param>
            <param index="1">
              <value>
                <![CDATA[chrome]]>
              </value>
            </param>
            <param index="2">
              <value>
                <![CDATA[scp]]>
              </value>
            </param>
            <param index="3">
              <value is-null="true"/>
            </param>
          </params>
          <reporter-output>
          </reporter-output>
        </test-method> <!-- methodsPreRequisites -->
        <test-method signature="verifyDeleteNotificationsPermanantly()[pri:1, instance:demo.tests.scp.NotificationTests@34a97744]" started-at="2024-06-24T14:38:10 IST" name="verifyDeleteNotificationsPermanantly" description="To verify Different elements in Notification page" finished-at="2024-06-24T14:38:28 IST" duration-ms="17827" status="PASS">
          <reporter-output>
          </reporter-output>
        </test-method> <!-- verifyDeleteNotificationsPermanantly -->
        <test-method is-config="true" signature="tearDownMethods(org.testng.ITestResult)[pri:0, instance:demo.tests.scp.NotificationTests@34a97744]" started-at="2024-06-24T14:38:28 IST" name="tearDownMethods" finished-at="2024-06-24T14:38:29 IST" duration-ms="790" status="PASS">
          <params>
            <param index="0">
              <value>
                <![CDATA[[TestResult name=verifyDeleteNotificationsPermanantly status=SUCCESS method=NotificationTests.verifyDeleteNotificationsPermanantly()[pri:1, instance:demo.tests.scp.NotificationTests@34a97744] output={null}]]]>
              </value>
            </param>
          </params>
          <reporter-output>
          </reporter-output>
        </test-method> <!-- tearDownMethods -->
        <test-method is-config="true" signature="methodsPreRequisites(java.lang.String,java.lang.String,java.lang.String,java.lang.String)[pri:0, instance:demo.tests.scp.NotificationTests@34a97744]" started-at="2024-06-24T14:38:29 IST" name="methodsPreRequisites" finished-at="2024-06-24T14:38:40 IST" duration-ms="10721" status="PASS">
          <params>
            <param index="0">
              <value>
                <![CDATA[web]]>
              </value>
            </param>
            <param index="1">
              <value>
                <![CDATA[chrome]]>
              </value>
            </param>
            <param index="2">
              <value>
                <![CDATA[scp]]>
              </value>
            </param>
            <param index="3">
              <value is-null="true"/>
            </param>
          </params>
          <reporter-output>
          </reporter-output>
        </test-method> <!-- methodsPreRequisites -->
        <test-method signature="verifyNegativeValidationsNotifications()[pri:1, instance:demo.tests.scp.NotificationTests@34a97744]" started-at="2024-06-24T14:38:40 IST" name="verifyNegativeValidationsNotifications" description="To verify Reply Notifications" finished-at="2024-06-24T14:38:54 IST" duration-ms="14220" status="PASS">
          <reporter-output>
          </reporter-output>
        </test-method> <!-- verifyNegativeValidationsNotifications -->
        <test-method is-config="true" signature="tearDownMethods(org.testng.ITestResult)[pri:0, instance:demo.tests.scp.NotificationTests@34a97744]" started-at="2024-06-24T14:38:54 IST" name="tearDownMethods" finished-at="2024-06-24T14:38:55 IST" duration-ms="825" status="PASS">
          <params>
            <param index="0">
              <value>
                <![CDATA[[TestResult name=verifyNegativeValidationsNotifications status=SUCCESS method=NotificationTests.verifyNegativeValidationsNotifications()[pri:1, instance:demo.tests.scp.NotificationTests@34a97744] output={null}]]]>
              </value>
            </param>
          </params>
          <reporter-output>
          </reporter-output>
        </test-method> <!-- tearDownMethods -->
        <test-method is-config="true" signature="methodsPreRequisites(java.lang.String,java.lang.String,java.lang.String,java.lang.String)[pri:0, instance:demo.tests.scp.NotificationTests@34a97744]" started-at="2024-06-24T14:38:55 IST" name="methodsPreRequisites" finished-at="2024-06-24T14:39:05 IST" duration-ms="10081" status="PASS">
          <params>
            <param index="0">
              <value>
                <![CDATA[web]]>
              </value>
            </param>
            <param index="1">
              <value>
                <![CDATA[chrome]]>
              </value>
            </param>
            <param index="2">
              <value>
                <![CDATA[scp]]>
              </value>
            </param>
            <param index="3">
              <value is-null="true"/>
            </param>
          </params>
          <reporter-output>
          </reporter-output>
        </test-method> <!-- methodsPreRequisites -->
        <test-method signature="verifyNotificationsPageNavigationAndUI()[pri:1, instance:demo.tests.scp.NotificationTests@34a97744]" started-at="2024-06-24T14:39:05 IST" name="verifyNotificationsPageNavigationAndUI" description="To verify Different elements in Notification page" finished-at="2024-06-24T14:39:29 IST" duration-ms="24028" status="PASS">
          <reporter-output>
          </reporter-output>
        </test-method> <!-- verifyNotificationsPageNavigationAndUI -->
        <test-method is-config="true" signature="tearDownMethods(org.testng.ITestResult)[pri:0, instance:demo.tests.scp.NotificationTests@34a97744]" started-at="2024-06-24T14:39:29 IST" name="tearDownMethods" finished-at="2024-06-24T14:39:30 IST" duration-ms="936" status="PASS">
          <params>
            <param index="0">
              <value>
                <![CDATA[[TestResult name=verifyNotificationsPageNavigationAndUI status=SUCCESS method=NotificationTests.verifyNotificationsPageNavigationAndUI()[pri:1, instance:demo.tests.scp.NotificationTests@34a97744] output={null}]]]>
              </value>
            </param>
          </params>
          <reporter-output>
          </reporter-output>
        </test-method> <!-- tearDownMethods -->
        <test-method is-config="true" signature="methodsPreRequisites(java.lang.String,java.lang.String,java.lang.String,java.lang.String)[pri:0, instance:demo.tests.scp.NotificationTests@34a97744]" started-at="2024-06-24T14:39:30 IST" name="methodsPreRequisites" finished-at="2024-06-24T14:39:39 IST" duration-ms="8713" status="PASS">
          <params>
            <param index="0">
              <value>
                <![CDATA[web]]>
              </value>
            </param>
            <param index="1">
              <value>
                <![CDATA[chrome]]>
              </value>
            </param>
            <param index="2">
              <value>
                <![CDATA[scp]]>
              </value>
            </param>
            <param index="3">
              <value is-null="true"/>
            </param>
          </params>
          <reporter-output>
          </reporter-output>
        </test-method> <!-- methodsPreRequisites -->
        <test-method signature="verifyReplyNotifications()[pri:1, instance:demo.tests.scp.NotificationTests@34a97744]" started-at="2024-06-24T14:39:39 IST" name="verifyReplyNotifications" description="To verify Different elements in Notification page" finished-at="2024-06-24T14:39:57 IST" duration-ms="18384" status="PASS">
          <reporter-output>
          </reporter-output>
        </test-method> <!-- verifyReplyNotifications -->
        <test-method is-config="true" signature="tearDownMethods(org.testng.ITestResult)[pri:0, instance:demo.tests.scp.NotificationTests@34a97744]" started-at="2024-06-24T14:39:57 IST" name="tearDownMethods" finished-at="2024-06-24T14:39:58 IST" duration-ms="774" status="PASS">
          <params>
            <param index="0">
              <value>
                <![CDATA[[TestResult name=verifyReplyNotifications status=SUCCESS method=NotificationTests.verifyReplyNotifications()[pri:1, instance:demo.tests.scp.NotificationTests@34a97744] output={null}]]]>
              </value>
            </param>
          </params>
          <reporter-output>
          </reporter-output>
        </test-method> <!-- tearDownMethods -->
        <test-method is-config="true" signature="methodsPreRequisites(java.lang.String,java.lang.String,java.lang.String,java.lang.String)[pri:0, instance:demo.tests.scp.NotificationTests@34a97744]" started-at="2024-06-24T14:39:58 IST" name="methodsPreRequisites" finished-at="2024-06-24T14:40:09 IST" duration-ms="10739" status="PASS">
          <params>
            <param index="0">
              <value>
                <![CDATA[web]]>
              </value>
            </param>
            <param index="1">
              <value>
                <![CDATA[chrome]]>
              </value>
            </param>
            <param index="2">
              <value>
                <![CDATA[scp]]>
              </value>
            </param>
            <param index="3">
              <value is-null="true"/>
            </param>
          </params>
          <reporter-output>
          </reporter-output>
        </test-method> <!-- methodsPreRequisites -->
        <test-method signature="verifyReplyNotifications()[pri:1, instance:demo.tests.scp.NotificationTests@34a97744]" started-at="2024-06-24T14:40:09 IST" name="verifyReplyNotifications" description="To verify Different elements in Notification page" finished-at="2024-06-24T14:40:28 IST" duration-ms="19317" status="PASS">
          <reporter-output>
          </reporter-output>
        </test-method> <!-- verifyReplyNotifications -->
        <test-method is-config="true" signature="tearDownMethods(org.testng.ITestResult)[pri:0, instance:demo.tests.scp.NotificationTests@34a97744]" started-at="2024-06-24T14:40:28 IST" name="tearDownMethods" finished-at="2024-06-24T14:40:29 IST" duration-ms="853" status="PASS">
          <params>
            <param index="0">
              <value>
                <![CDATA[[TestResult name=verifyReplyNotifications status=SUCCESS method=NotificationTests.verifyReplyNotifications()[pri:1, instance:demo.tests.scp.NotificationTests@34a97744] output={null}]]]>
              </value>
            </param>
          </params>
          <reporter-output>
          </reporter-output>
        </test-method> <!-- tearDownMethods -->
        <test-method is-config="true" signature="methodsPreRequisites(java.lang.String,java.lang.String,java.lang.String,java.lang.String)[pri:0, instance:demo.tests.scp.NotificationTests@34a97744]" started-at="2024-06-24T14:40:29 IST" name="methodsPreRequisites" finished-at="2024-06-24T14:40:40 IST" duration-ms="11684" status="PASS">
          <params>
            <param index="0">
              <value>
                <![CDATA[web]]>
              </value>
            </param>
            <param index="1">
              <value>
                <![CDATA[chrome]]>
              </value>
            </param>
            <param index="2">
              <value>
                <![CDATA[scp]]>
              </value>
            </param>
            <param index="3">
              <value is-null="true"/>
            </param>
          </params>
          <reporter-output>
          </reporter-output>
        </test-method> <!-- methodsPreRequisites -->
        <test-method signature="verifyUnsaveAllNotifications()[pri:1, instance:demo.tests.scp.NotificationTests@34a97744]" started-at="2024-06-24T14:40:40 IST" name="verifyUnsaveAllNotifications" description="To verify Reply Notifications" finished-at="2024-06-24T14:40:59 IST" duration-ms="18957" status="PASS">
          <reporter-output>
          </reporter-output>
        </test-method> <!-- verifyUnsaveAllNotifications -->
        <test-method is-config="true" signature="tearDownMethods(org.testng.ITestResult)[pri:0, instance:demo.tests.scp.NotificationTests@34a97744]" started-at="2024-06-24T14:40:59 IST" name="tearDownMethods" finished-at="2024-06-24T14:41:00 IST" duration-ms="1048" status="PASS">
          <params>
            <param index="0">
              <value>
                <![CDATA[[TestResult name=verifyUnsaveAllNotifications status=SUCCESS method=NotificationTests.verifyUnsaveAllNotifications()[pri:1, instance:demo.tests.scp.NotificationTests@34a97744] output={null}]]]>
              </value>
            </param>
          </params>
          <reporter-output>
          </reporter-output>
        </test-method> <!-- tearDownMethods -->
        <test-method is-config="true" signature="methodsPreRequisites(java.lang.String,java.lang.String,java.lang.String,java.lang.String)[pri:0, instance:demo.tests.scp.NotificationTests@34a97744]" started-at="2024-06-24T14:41:00 IST" name="methodsPreRequisites" finished-at="2024-06-24T14:41:10 IST" duration-ms="9867" status="PASS">
          <params>
            <param index="0">
              <value>
                <![CDATA[web]]>
              </value>
            </param>
            <param index="1">
              <value>
                <![CDATA[chrome]]>
              </value>
            </param>
            <param index="2">
              <value>
                <![CDATA[scp]]>
              </value>
            </param>
            <param index="3">
              <value is-null="true"/>
            </param>
          </params>
          <reporter-output>
          </reporter-output>
        </test-method> <!-- methodsPreRequisites -->
        <test-method signature="verifyputBackNotifications()[pri:1, instance:demo.tests.scp.NotificationTests@34a97744]" started-at="2024-06-24T14:41:10 IST" name="verifyputBackNotifications" description="To verify Reply Notifications" finished-at="2024-06-24T14:41:27 IST" duration-ms="16581" status="PASS">
          <reporter-output>
          </reporter-output>
        </test-method> <!-- verifyputBackNotifications -->
        <test-method is-config="true" signature="tearDownMethods(org.testng.ITestResult)[pri:0, instance:demo.tests.scp.NotificationTests@34a97744]" started-at="2024-06-24T14:41:27 IST" name="tearDownMethods" finished-at="2024-06-24T14:41:28 IST" duration-ms="905" status="PASS">
          <params>
            <param index="0">
              <value>
[...]
at org.testng.SuiteRunner.runTest(SuiteRunner.java:443)
at org.testng.SuiteRunner.runSequentially(SuiteRunner.java:437)
at org.testng.SuiteRunner.privateRun(SuiteRunner.java:397)
at org.testng.SuiteRunner.run(SuiteRunner.java:336)
at org.testng.SuiteRunnerWorker.runSuite(SuiteRunnerWorker.java:52)
at org.testng.SuiteRunnerWorker.run(SuiteRunnerWorker.java:95)
at org.testng.TestNG.runSuitesSequentially(TestNG.java:1280)
at org.testng.TestNG.runSuitesLocally(TestNG.java:1200)
at org.testng.TestNG.runSuites(TestNG.java:1114)
at org.testng.TestNG.run(TestNG.java:1082)
at org.testng.remote.AbstractRemoteTestNG.run(AbstractRemoteTestNG.java:115)
at org.testng.remote.RemoteTestNG.initAndRun(RemoteTestNG.java:293)
at org.testng.remote.RemoteTestNG.main(RemoteTestNG.java:91)
]]>
            </full-stacktrace>
          </exception> <!-- java.lang.NullPointerException -->
          <reporter-output>
          </reporter-output>
        </test-method> <!-- verifyExportToExcelAndItsContents -->
        <test-method is-config="true" signature="tearDownMethods(org.testng.ITestResult)[pri:0, instance:demo.tests.scp.BillingHistoryTests@51850751]" started-at="2024-06-24T14:36:08 IST" name="tearDownMethods" finished-at="2024-06-24T14:36:09 IST" duration-ms="803" status="PASS">
          <params>
            <param index="0">
              <value>
                <![CDATA[[TestResult name=verifyExportToExcelAndItsContents status=FAILURE method=BillingHistoryTests.verifyExportToExcelAndItsContents()[pri:1, instance:demo.tests.scp.BillingHistoryTests@51850751] output={null}]]]>
              </value>
            </param>
          </params>
          <reporter-output>
          </reporter-output>
        </test-method> <!-- tearDownMethods -->
        <test-method is-config="true" signature="methodsPreRequisites(java.lang.String,java.lang.String,java.lang.String,java.lang.String)[pri:0, instance:demo.tests.scp.BillingHistoryTests@51850751]" started-at="2024-06-24T14:36:09 IST" name="methodsPreRequisites" finished-at="2024-06-24T14:36:20 IST" duration-ms="11318" status="PASS">
          <params>
            <param index="0">
              <value>
                <![CDATA[web]]>
              </value>
            </param>
            <param index="1">
              <value>
                <![CDATA[chrome]]>
              </value>
            </param>
            <param index="2">
              <value>
                <![CDATA[scp]]>
              </value>
            </param>
            <param index="3">
              <value is-null="true"/>
            </param>
          </params>
          <reporter-output>
          </reporter-output>
        </test-method> <!-- methodsPreRequisites -->
        <test-method signature="verifyBillHistoryUIAndObjects()[pri:2, instance:demo.tests.scp.BillingHistoryTests@51850751]" started-at="2024-06-24T14:36:20 IST" name="verifyBillHistoryUIAndObjects" description="To verify Billing History page UI and Objects." finished-at="2024-06-24T14:37:00 IST" duration-ms="40371" status="FAIL">
          <exception class="java.lang.AssertionError">
            <message>
              <![CDATA[The following asserts failed:
Currency Symbol is not matching as $ expected [$] but found [+]]]>
            </message>
            <full-stacktrace>
              <![CDATA[java.lang.AssertionError: The following asserts failed:
Currency Symbol is not matching as $ expected [$] but found [+]
at org.testng.asserts.SoftAssert.assertAll(SoftAssert.java:46)
at org.testng.asserts.SoftAssert.assertAll(SoftAssert.java:30)
at demo.tests.scp.BillingHistoryTests.verifyBillHistoryUIAndObjects(BillingHistoryTests.java:52)
at java.base/jdk.internal.reflect.DirectMethodHandleAccessor.invoke(DirectMethodHandleAccessor.java:103)
at java.base/java.lang.reflect.Method.invoke(Method.java:580)
at org.testng.internal.invokers.MethodInvocationHelper.invokeMethod(MethodInvocationHelper.java:139)
at org.testng.internal.invokers.TestInvoker.invokeMethod(TestInvoker.java:664)
at org.testng.internal.invokers.TestInvoker.invokeTestMethod(TestInvoker.java:227)
at org.testng.internal.invokers.MethodRunner.runInSequence(MethodRunner.java:50)
at org.testng.internal.invokers.TestInvoker$MethodInvocationAgent.invoke(TestInvoker.java:957)
at org.testng.internal.invokers.TestInvoker.invokeTestMethods(TestInvoker.java:200)
at org.testng.internal.invokers.TestMethodWorker.invokeTestMethods(TestMethodWorker.java:148)
at org.testng.internal.invokers.TestMethodWorker.run(TestMethodWorker.java:128)
at java.base/java.util.ArrayList.forEach(ArrayList.java:1596)
at org.testng.TestRunner.privateRun(TestRunner.java:848)
at org.testng.TestRunner.run(TestRunner.java:621)
at org.testng.SuiteRunner.runTest(SuiteRunner.java:443)
at org.testng.SuiteRunner.runSequentially(SuiteRunner.java:437)
at org.testng.SuiteRunner.privateRun(SuiteRunner.java:397)
at org.testng.SuiteRunner.run(SuiteRunner.java:336)
at org.testng.SuiteRunnerWorker.runSuite(SuiteRunnerWorker.java:52)
at org.testng.SuiteRunnerWorker.run(SuiteRunnerWorker.java:95)
at org.testng.TestNG.runSuitesSequentially(TestNG.java:1280)
at org.testng.TestNG.runSuitesLocally(TestNG.java:1200)
at org.testng.TestNG.runSuites(TestNG.java:1114)
at org.testng.TestNG.run(TestNG.java:1082)
at org.testng.remote.AbstractRemoteTestNG.run(AbstractRemoteTestNG.java:115)
at org.testng.remote.RemoteTestNG.initAndRun(RemoteTestNG.java:293)
at org.testng.remote.RemoteTestNG.main(RemoteTestNG.java:91)
]]>
            </full-stacktrace>
          </exception> <!-- java.lang.AssertionError -->
          <reporter-output>
          </reporter-output>
        </test-method> <!-- verifyBillHistoryUIAndObjects -->
        <test-method is-config="true" signature="tearDownMethods(org.testng.ITestResult)[pri:0, instance:demo.tests.scp.BillingHistoryTests@51850751]" started-at="2024-06-24T14:37:01 IST" name="tearDownMethods" finished-at="2024-06-24T14:37:01 IST" duration-ms="912" status="PASS">
          <params>
            <param index="0">
              <value>
                <![CDATA[[TestResult name=verifyBillHistoryUIAndObjects status=FAILURE method=BillingHistoryTests.verifyBillHistoryUIAndObjects()[pri:2, instance:demo.tests.scp.BillingHistoryTests@51850751] output={null}]]]>
              </value>
            </param>
          </params>
          <reporter-output>
          </reporter-output>
        </test-method> <!-- tearDownMethods -->
        <test-method is-config="true" signature="tearDownClasses()[pri:0, instance:demo.tests.scp.BillingHistoryTests@51850751]" started-at="2024-06-24T14:37:01 IST" name="tearDownClasses" finished-at="2024-06-24T14:37:01 IST" duration-ms="1" status="PASS">
          <reporter-output>
          </reporter-output>
        </test-method> <!-- tearDownClasses -->
      </class> <!-- demo.tests.scp.BillingHistoryTests -->
      <class name="demo.tests.scp.ForgetUsernameTest">
        <test-method is-config="true" signature="classPreRequisites(java.lang.String,java.lang.String,java.lang.String)[pri:0, instance:demo.tests.scp.ForgetUsernameTest@4275c20c]" started-at="2024-06-24T14:41:58 IST" name="classPreRequisites" finished-at="2024-06-24T14:41:58 IST" duration-ms="0" status="PASS">
          <params>
            <param index="0">
              <value>
                <![CDATA[web]]>
              </value>
            </param>
            <param index="1">
              <value>
                <![CDATA[chrome]]>
              </value>
            </param>
            <param index="2">
              <value is-null="true"/>
            </param>
          </params>
          <reporter-output>
          </reporter-output>
        </test-method> <!-- classPreRequisites -->
        <test-method is-config="true" signature="methodsPreRequisites(java.lang.String,java.lang.String,java.lang.String,java.lang.String)[pri:0, instance:demo.tests.scp.ForgetUsernameTest@4275c20c]" started-at="2024-06-24T14:41:58 IST" name="methodsPreRequisites" finished-at="2024-06-24T14:42:09 IST" duration-ms="10933" status="PASS">
          <params>
            <param index="0">
              <value>
                <![CDATA[web]]>
              </value>
            </param>
            <param index="1">
              <value>
                <![CDATA[chrome]]>
              </value>
            </param>
            <param index="2">
              <value>
                <![CDATA[scp]]>
              </value>
            </param>
            <param index="3">
              <value is-null="true"/>
            </param>
          </params>
          <reporter-output>
          </reporter-output>
        </test-method> <!-- methodsPreRequisites -->
        <test-method signature="validateForgotUsernamePageObjects()[pri:1, instance:demo.tests.scp.ForgetUsernameTest@4275c20c]" started-at="2024-06-24T14:42:09 IST" name="validateForgotUsernamePageObjects" description="To verify the Forget Username page objects." finished-at="2024-06-24T14:42:15 IST" duration-ms="5970" status="PASS">
          <reporter-output>
          </reporter-output>
        </test-method> <!-- validateForgotUsernamePageObjects -->
        <test-method is-config="true" signature="tearDownMethods(org.testng.ITestResult)[pri:0, instance:demo.tests.scp.ForgetUsernameTest@4275c20c]" started-at="2024-06-24T14:42:15 IST" name="tearDownMethods" finished-at="2024-06-24T14:42:16 IST" duration-ms="1203" status="PASS">
          <params>
            <param index="0">
              <value>
                <![CDATA[[TestResult name=validateForgotUsernamePageObjects status=SUCCESS method=ForgetUsernameTest.validateForgotUsernamePageObjects()[pri:1, instance:demo.tests.scp.ForgetUsernameTest@4275c20c] output={null}]]]>
              </value>
            </param>
          </params>
          <reporter-output>
          </reporter-output>
        </test-method> <!-- tearDownMethods -->
        <test-method is-config="true" signature="methodsPreRequisites(java.lang.String,java.lang.String,java.lang.String,java.lang.String)[pri:0, instance:demo.tests.scp.ForgetUsernameTest@4275c20c]" started-at="2024-06-24T14:42:16 IST" name="methodsPreRequisites" finished-at="2024-06-24T14:42:26 IST" duration-ms="9587" status="PASS">
          <params>
            <param index="0">
              <value>
                <![CDATA[web]]>
              </value>
            </param>
            <param index="1">
              <value>
                <![CDATA[chrome]]>
              </value>
            </param>
            <param index="2">
              <value>
                <![CDATA[scp]]>
              </value>
            </param>
            <param index="3">
              <value is-null="true"/>
            </param>
          </params>
          <reporter-output>
          </reporter-output>
        </test-method> <!-- methodsPreRequisites -->
        <test-method signature="resetUsernameFieldVerification()[pri:2, instance:demo.tests.scp.ForgetUsernameTest@4275c20c]" started-at="2024-06-24T14:42:26 IST" name="resetUsernameFieldVerification" description="To verify the Forget Username name with valid and invalid email." finished-at="2024-06-24T14:42:29 IST" duration-ms="3742" status="FAIL">
          <exception class="org.junit.ComparisonFailure">
            <message>
              <![CDATA[expected:<... valid email address[.]> but was:<... valid email address[]>]]>
            </message>
            <full-stacktrace>
              <![CDATA[org.junit.ComparisonFailure: expected:<... valid email address[.]> but was:<... valid email address[]>
at org.junit.Assert.assertEquals(Assert.java:125)
at org.junit.Assert.assertEquals(Assert.java:147)
at demo.steps.scp.ForgetUsernameSteps.emailFeildVerification(ForgetUsernameSteps.java:64)
at demo.tests.scp.ForgetUsernameTest.resetUsernameFieldVerification(ForgetUsernameTest.java:39)
at java.base/jdk.internal.reflect.DirectMethodHandleAccessor.invoke(DirectMethodHandleAccessor.java:103)
at java.base/java.lang.reflect.Method.invoke(Method.java:580)
at org.testng.internal.invokers.MethodInvocationHelper.invokeMethod(MethodInvocationHelper.java:139)
at org.testng.internal.invokers.TestInvoker.invokeMethod(TestInvoker.java:664)
at org.testng.internal.invokers.TestInvoker.invokeTestMethod(TestInvoker.java:227)
at org.testng.internal.invokers.MethodRunner.runInSequence(MethodRunner.java:50)
at org.testng.internal.invokers.TestInvoker$MethodInvocationAgent.invoke(TestInvoker.java:957)
at org.testng.internal.invokers.TestInvoker.invokeTestMethods(TestInvoker.java:200)
at org.testng.internal.invokers.TestMethodWorker.invokeTestMethods(TestMethodWorker.java:148)
at org.testng.internal.invokers.TestMethodWorker.run(TestMethodWorker.java:128)
at java.base/java.util.ArrayList.forEach(ArrayList.java:1596)
at org.testng.TestRunner.privateRun(TestRunner.java:848)
at org.testng.TestRunner.run(TestRunner.java:621)
at org.testng.SuiteRunner.runTest(SuiteRunner.java:443)
at org.testng.SuiteRunner.runSequentially(SuiteRunner.java:437)
at org.testng.SuiteRunner.privateRun(SuiteRunner.java:397)
at org.testng.SuiteRunner.run(SuiteRunner.java:336)
at org.testng.SuiteRunnerWorker.runSuite(SuiteRunnerWorker.java:52)
at org.testng.SuiteRunnerWorker.run(SuiteRunnerWorker.java:95)
at org.testng.TestNG.runSuitesSequentially(TestNG.java:1280)
at org.testng.TestNG.runSuitesLocally(TestNG.java:1200)
at org.testng.TestNG.runSuites(TestNG.java:1114)
at org.testng.TestNG.run(TestNG.java:1082)
at org.testng.remote.AbstractRemoteTestNG.run(AbstractRemoteTestNG.java:115)
at org.testng.remote.RemoteTestNG.initAndRun(RemoteTestNG.java:293)
at org.testng.remote.RemoteTestNG.main(RemoteTestNG.java:91)
]]>
            </full-stacktrace>
          </exception> <!-- org.junit.ComparisonFailure -->
          <reporter-output>
          </reporter-output>
        </test-method> <!-- resetUsernameFieldVerification -->
        <test-method is-config="true" signature="tearDownMethods(org.testng.ITestResult)[pri:0, instance:demo.tests.scp.ForgetUsernameTest@4275c20c]" started-at="2024-06-24T14:42:30 IST" name="tearDownMethods" finished-at="2024-06-24T14:42:31 IST" duration-ms="1180" status="PASS">
          <params>
            <param index="0">
              <value>
                <![CDATA[[TestResult name=resetUsernameFieldVerification status=FAILURE method=ForgetUsernameTest.resetUsernameFieldVerification()[pri:2, instance:demo.tests.scp.ForgetUsernameTest@4275c20c] output={null}]]]>
              </value>
            </param>
          </params>
          <reporter-output>
          </reporter-output>
        </test-method> <!-- tearDownMethods -->
        <test-method is-config="true" signature="methodsPreRequisites(java.lang.String,java.lang.String,java.lang.String,java.lang.String)[pri:0, instance:demo.tests.scp.ForgetUsernameTest@4275c20c]" started-at="2024-06-24T14:42:31 IST" name="methodsPreRequisites" finished-at="2024-06-24T14:42:41 IST" duration-ms="10408" status="PASS">
          <params>
            <param index="0">
              <value>
                <![CDATA[web]]>
              </value>
            </param>
            <param index="1">
              <value>
                <![CDATA[chrome]]>
              </value>
            </param>
            <param index="2">
              <value>
                <![CDATA[scp]]>
              </value>
            </param>
            <param index="3">
              <value is-null="true"/>
            </param>
          </params>
          <reporter-output>
          </reporter-output>
        </test-method> <!-- methodsPreRequisites -->
        <test-method signature="resetUsernameValidEmailId()[pri:3, instance:demo.tests.scp.ForgetUsernameTest@4275c20c]" started-at="2024-06-24T14:42:41 IST" name="resetUsernameValidEmailId" description="To verify the Forget Username name with valid email." finished-at="2024-06-24T14:42:47 IST" duration-ms="5642" status="FAIL">
          <exception class="org.junit.ComparisonFailure">
            <message>
              <![CDATA[expected:<... account exists for [User@pwc.com], you will get an em...> but was:<... account exists for [${email}], you will get an em...>]]>
            </message>
            <full-stacktrace>
              <![CDATA[org.junit.ComparisonFailure: expected:<... account exists for [User@pwc.com], you will get an em...> but was:<... account exists for [${email}], you will get an em...>
at org.junit.Assert.assertEquals(Assert.java:125)
at org.junit.Assert.assertEquals(Assert.java:147)
at demo.steps.scp.ForgetUsernameSteps.validEmailFeildVerification(ForgetUsernameSteps.java:87)
at demo.tests.scp.ForgetUsernameTest.resetUsernameValidEmailId(ForgetUsernameTest.java:53)
at java.base/jdk.internal.reflect.DirectMethodHandleAccessor.invoke(DirectMethodHandleAccessor.java:103)
at java.base/java.lang.reflect.Method.invoke(Method.java:580)
at org.testng.internal.invokers.MethodInvocationHelper.invokeMethod(MethodInvocationHelper.java:139)
at org.testng.internal.invokers.TestInvoker.invokeMethod(TestInvoker.java:664)
at org.testng.internal.invokers.TestInvoker.invokeTestMethod(TestInvoker.java:227)
at org.testng.internal.invokers.MethodRunner.runInSequence(MethodRunner.java:50)
at org.testng.internal.invokers.TestInvoker$MethodInvocationAgent.invoke(TestInvoker.java:957)
at org.testng.internal.invokers.TestInvoker.invokeTestMethods(TestInvoker.java:200)
at org.testng.internal.invokers.TestMethodWorker.invokeTestMethods(TestMethodWorker.java:148)
at org.testng.internal.invokers.TestMethodWorker.run(TestMethodWorker.java:128)
at java.base/java.util.ArrayList.forEach(ArrayList.java:1596)
at org.testng.TestRunner.privateRun(TestRunner.java:848)
at org.testng.TestRunner.run(TestRunner.java:621)
at org.testng.SuiteRunner.runTest(SuiteRunner.java:443)
at org.testng.SuiteRunner.runSequentially(SuiteRunner.java:437)
at org.testng.SuiteRunner.privateRun(SuiteRunner.java:397)
at org.testng.SuiteRunner.run(SuiteRunner.java:336)
at org.testng.SuiteRunnerWorker.runSuite(SuiteRunnerWorker.java:52)
at org.testng.SuiteRunnerWorker.run(SuiteRunnerWorker.java:95)
at org.testng.TestNG.runSuitesSequentially(TestNG.java:1280)
at org.testng.TestNG.runSuitesLocally(TestNG.java:1200)
at org.testng.TestNG.runSuites(TestNG.java:1114)
at org.testng.TestNG.run(TestNG.java:1082)
at org.testng.remote.AbstractRemoteTestNG.run(AbstractRemoteTestNG.java:115)
at org.testng.remote.RemoteTestNG.initAndRun(RemoteTestNG.java:293)
at org.testng.remote.RemoteTestNG.main(RemoteTestNG.java:91)
]]>
            </full-stacktrace>
          </exception> <!-- org.junit.ComparisonFailure -->
          <reporter-output>
          </reporter-output>
        </test-method> <!-- resetUsernameValidEmailId -->
        <test-method is-config="true" signature="tearDownMethods(org.testng.ITestResult)[pri:0, instance:demo.tests.scp.ForgetUsernameTest@4275c20c]" started-at="2024-06-24T14:42:47 IST" name="tearDownMethods" finished-at="2024-06-24T14:42:48 IST" duration-ms="1016" status="PASS">
          <params>
            <param index="0">
              <value>
                <![CDATA[[TestResult name=resetUsernameValidEmailId status=FAILURE method=ForgetUsernameTest.resetUsernameValidEmailId()[pri:3, instance:demo.tests.scp.ForgetUsernameTest@4275c20c] output={null}]]]>
              </value>
            </param>
          </params>
          <reporter-output>
          </reporter-output>
        </test-method> <!-- tearDownMethods -->
        <test-method is-config="true" signature="tearDownClasses()[pri:0, instance:demo.tests.scp.ForgetUsernameTest@4275c20c]" started-at="2024-06-24T14:42:48 IST" name="tearDownClasses" finished-at="2024-06-24T14:42:48 IST" duration-ms="0" status="PASS">
          <reporter-output>
          </reporter-output>
        </test-method> <!-- tearDownClasses -->
      </class> <!-- demo.tests.scp.ForgetUsernameTest -->
    </test> <!-- E2E Test Suite On Web - Chrome -->
  </suite> <!-- Test Execution -->
</testng-results>
